This file contains any messages produced by compilers while
running configure, to aid debugging if configure makes a mistake.

It was created by neon configure 0.29.6, which was
generated by GNU Autoconf 2.66.  Invocation command line was

  $ ./configure --host=mipsel-linux --build= CC=mipsel-uclibc-gcc --prefix=/usr --bindir=/usr/sbin --libdir=/usr/lib --enable-shared --disable-static --disable-nls --with-zlib --with-ssl=openssl --with-libs=/home/RT-AC54U/asuswrt/release/src-ra-mt7620/router/openssl:/home/RT-AC54U/asuswrt/release/src-ra-mt7620/router/libxml2 CFLAGS=-I/home/RT-AC54U/asuswrt/release/src-ra-mt7620/router/mipsel-uclibc/stage/usr/include -I/home/RT-AC54U/asuswrt/release/src-ra-mt7620/router/openssl/include LDFLAGS=-L/home/RT-AC54U/asuswrt/release/src-ra-mt7620/router/libxml2/.libs -L/home/RT-AC54U/asuswrt/release/src-ra-mt7620/router/mipsel-uclibc/stage/usr/lib -L/home/RT-AC54U/asuswrt/release/src-ra-mt7620/router/openssl LIBS=-lxml2 -lssl -lcrypto -lpthread -ldl -lm XML2_CONFIG=/home/RT-AC54U/asuswrt/release/src-ra-mt7620/router/libxml2/xml2-config

## --------- ##
## Platform. ##
## --------- ##

hostname = jacky-HP-ProDesk-600-G2-SFF
uname -m = x86_64
uname -r = 4.13.0-41-generic
uname -s = Linux
uname -v = #46~16.04.1-Ubuntu SMP Thu May 3 10:06:43 UTC 2018

/usr/bin/uname -p = unknown
/bin/uname -X     = unknown

/bin/arch              = unknown
/usr/bin/arch -k       = unknown
/usr/convex/getsysinfo = unknown
/usr/bin/hostinfo      = unknown
/bin/machine           = unknown
/usr/bin/oslevel       = unknown
/bin/universe          = unknown

PATH: /home/RT-AC54U/asuswrt/release/tools
PATH: /home/RT-AC54U/asuswrt/release/src-ra-mt7620/ctools
PATH: /home/RT-AC54U/asuswrt/release/tools
PATH: /home/RT-AC54U/asuswrt/release/src-ra-mt7620/ctools
PATH: /home/RT-AC54U/asuswrt/release/tools
PATH: /home/RT-AC54U/asuswrt/release/src-ra-mt7620/ctools
PATH: /usr/local/sbin
PATH: /usr/local/bin
PATH: /usr/sbin
PATH: /usr/bin
PATH: /sbin
PATH: /bin
PATH: /snap/bin
PATH: /opt/brcm/hndtools-mipsel-linux/bin
PATH: /opt/brcm/hndtools-mipsel-uclibc/bin
PATH: /opt/buildroot-gcc342/bin


## ----------- ##
## Core tests. ##
## ----------- ##

configure:2636: checking for a BSD-compatible install
configure:2704: result: /usr/bin/install -c
configure:2787: checking for mipsel-linux-gcc
configure:2814: result: mipsel-uclibc-gcc
configure:3083: checking for C compiler version
configure:3092: mipsel-uclibc-gcc --version >&5
mipsel-uclibc-gcc (GCC) 4.2.4
Copyright (C) 2007 Free Software Foundation, Inc.
This is free software; see the source for copying conditions.  There is NO
warranty; not even for MERCHANTABILITY or FITNESS FOR A PARTICULAR PURPOSE.

configure:3103: $? = 0
configure:3092: mipsel-uclibc-gcc -v >&5
Using built-in specs.
Target: mipsel-linux-uclibc
Configured with: /home/fedork/tomato/toolchain/build_dir/toolchain-mipsel_gcc4.2.4/gcc-4.2.4/configure --prefix=/opt/brcm/hndtools-mipsel-uclibc-4.2.4 --build=i486-linux-gnu --host=i486-linux-gnu --target=mipsel-linux-uclibc --with-gnu-ld --enable-target-optspace --disable-libgomp --disable-libmudflap --disable-multilib --disable-nls --disable-__cxa_atexit --enable-libssp --enable-languages=c,c++ --enable-shared --enable-threads --disable-tls
Thread model: posix
gcc version 4.2.4
configure:3103: $? = 0
configure:3092: mipsel-uclibc-gcc -V >&5
mipsel-uclibc-gcc: '-V' option must have argument
configure:3103: $? = 1
configure:3092: mipsel-uclibc-gcc -qversion >&5
mipsel-uclibc-gcc: unrecognized option '-qversion'
mipsel-uclibc-gcc: no input files
configure:3103: $? = 1
configure:3123: checking whether the C compiler works
configure:3145: mipsel-uclibc-gcc -I/home/RT-AC54U/asuswrt/release/src-ra-mt7620/router/mipsel-uclibc/stage/usr/include -I/home/RT-AC54U/asuswrt/release/src-ra-mt7620/router/openssl/include  -I/home/RT-AC54U/asuswrt/release/src-ra-mt7620/router/openssl/include -I/home/RT-AC54U/asuswrt/release/src-ra-mt7620/router/libxml2/include   -L/home/RT-AC54U/asuswrt/release/src-ra-mt7620/router/openssl/lib -L/home/RT-AC54U/asuswrt/release/src-ra-mt7620/router/libxml2/lib -L/home/RT-AC54U/asuswrt/release/src-ra-mt7620/router/libxml2/.libs -L/home/RT-AC54U/asuswrt/release/src-ra-mt7620/router/mipsel-uclibc/stage/usr/lib -L/home/RT-AC54U/asuswrt/release/src-ra-mt7620/router/openssl conftest.c -lxml2 -lssl -lcrypto -lpthread -ldl -lm >&5
configure:3149: $? = 0
configure:3197: result: yes
configure:3200: checking for C compiler default output file name
configure:3202: result: a.out
configure:3208: checking for suffix of executables
configure:3215: mipsel-uclibc-gcc -o conftest -I/home/RT-AC54U/asuswrt/release/src-ra-mt7620/router/mipsel-uclibc/stage/usr/include -I/home/RT-AC54U/asuswrt/release/src-ra-mt7620/router/openssl/include  -I/home/RT-AC54U/asuswrt/release/src-ra-mt7620/router/openssl/include -I/home/RT-AC54U/asuswrt/release/src-ra-mt7620/router/libxml2/include   -L/home/RT-AC54U/asuswrt/release/src-ra-mt7620/router/openssl/lib -L/home/RT-AC54U/asuswrt/release/src-ra-mt7620/router/libxml2/lib -L/home/RT-AC54U/asuswrt/release/src-ra-mt7620/router/libxml2/.libs -L/home/RT-AC54U/asuswrt/release/src-ra-mt7620/router/mipsel-uclibc/stage/usr/lib -L/home/RT-AC54U/asuswrt/release/src-ra-mt7620/router/openssl conftest.c -lxml2 -lssl -lcrypto -lpthread -ldl -lm >&5
configure:3219: $? = 0
configure:3241: result: 
configure:3263: checking whether we are cross compiling
configure:3271: mipsel-uclibc-gcc -o conftest -I/home/RT-AC54U/asuswrt/release/src-ra-mt7620/router/mipsel-uclibc/stage/usr/include -I/home/RT-AC54U/asuswrt/release/src-ra-mt7620/router/openssl/include  -I/home/RT-AC54U/asuswrt/release/src-ra-mt7620/router/openssl/include -I/home/RT-AC54U/asuswrt/release/src-ra-mt7620/router/libxml2/include   -L/home/RT-AC54U/asuswrt/release/src-ra-mt7620/router/openssl/lib -L/home/RT-AC54U/asuswrt/release/src-ra-mt7620/router/libxml2/lib -L/home/RT-AC54U/asuswrt/release/src-ra-mt7620/router/libxml2/.libs -L/home/RT-AC54U/asuswrt/release/src-ra-mt7620/router/mipsel-uclibc/stage/usr/lib -L/home/RT-AC54U/asuswrt/release/src-ra-mt7620/router/openssl conftest.c -lxml2 -lssl -lcrypto -lpthread -ldl -lm >&5
configure:3275: $? = 0
configure:3282: ./conftest
/lib/ld-uClibc.so.0: No such file or directory
configure:3286: $? = 255
configure:3301: result: yes
configure:3306: checking for suffix of object files
configure:3328: mipsel-uclibc-gcc -c -I/home/RT-AC54U/asuswrt/release/src-ra-mt7620/router/mipsel-uclibc/stage/usr/include -I/home/RT-AC54U/asuswrt/release/src-ra-mt7620/router/openssl/include  -I/home/RT-AC54U/asuswrt/release/src-ra-mt7620/router/openssl/include -I/home/RT-AC54U/asuswrt/release/src-ra-mt7620/router/libxml2/include  conftest.c >&5
configure:3332: $? = 0
configure:3353: result: o
configure:3357: checking whether we are using the GNU C compiler
configure:3376: mipsel-uclibc-gcc -c -I/home/RT-AC54U/asuswrt/release/src-ra-mt7620/router/mipsel-uclibc/stage/usr/include -I/home/RT-AC54U/asuswrt/release/src-ra-mt7620/router/openssl/include  -I/home/RT-AC54U/asuswrt/release/src-ra-mt7620/router/openssl/include -I/home/RT-AC54U/asuswrt/release/src-ra-mt7620/router/libxml2/include  conftest.c >&5
configure:3376: $? = 0
configure:3385: result: yes
configure:3394: checking whether mipsel-uclibc-gcc accepts -g
configure:3414: mipsel-uclibc-gcc -c -g  -I/home/RT-AC54U/asuswrt/release/src-ra-mt7620/router/openssl/include -I/home/RT-AC54U/asuswrt/release/src-ra-mt7620/router/libxml2/include  conftest.c >&5
configure:3414: $? = 0
configure:3455: result: yes
configure:3472: checking for mipsel-uclibc-gcc option to accept ISO C89
configure:3536: mipsel-uclibc-gcc  -c -I/home/RT-AC54U/asuswrt/release/src-ra-mt7620/router/mipsel-uclibc/stage/usr/include -I/home/RT-AC54U/asuswrt/release/src-ra-mt7620/router/openssl/include  -I/home/RT-AC54U/asuswrt/release/src-ra-mt7620/router/openssl/include -I/home/RT-AC54U/asuswrt/release/src-ra-mt7620/router/libxml2/include  conftest.c >&5
configure:3536: $? = 0
configure:3549: result: none needed
configure:3575: checking how to run the C preprocessor
configure:3606: mipsel-uclibc-gcc -E  -I/home/RT-AC54U/asuswrt/release/src-ra-mt7620/router/openssl/include -I/home/RT-AC54U/asuswrt/release/src-ra-mt7620/router/libxml2/include  conftest.c
configure:3606: $? = 0
configure:3620: mipsel-uclibc-gcc -E  -I/home/RT-AC54U/asuswrt/release/src-ra-mt7620/router/openssl/include -I/home/RT-AC54U/asuswrt/release/src-ra-mt7620/router/libxml2/include  conftest.c
conftest.c:15:28: error: ac_nonexistent.h: No such file or directory
configure:3620: $? = 1
configure: failed program was:
| /* confdefs.h */
| #define PACKAGE_NAME "neon"
| #define PACKAGE_TARNAME "neon"
| #define PACKAGE_VERSION "0.29.6"
| #define PACKAGE_STRING "neon 0.29.6"
| #define PACKAGE_BUGREPORT "neon@lists.manyfish.co.uk"
| #define PACKAGE_URL ""
| #define _GNU_SOURCE 1
| #define NEON_IS_LIBRARY 1
| #define NEON_VERSION "0.29.6"
| #define NE_VERSION_MAJOR (0)
| #define NE_VERSION_MINOR (29)
| #define NE_VERSION_PATCH (6)
| /* end confdefs.h.  */
| #include <ac_nonexistent.h>
configure:3645: result: mipsel-uclibc-gcc -E
configure:3665: mipsel-uclibc-gcc -E  -I/home/RT-AC54U/asuswrt/release/src-ra-mt7620/router/openssl/include -I/home/RT-AC54U/asuswrt/release/src-ra-mt7620/router/libxml2/include  conftest.c
configure:3665: $? = 0
configure:3679: mipsel-uclibc-gcc -E  -I/home/RT-AC54U/asuswrt/release/src-ra-mt7620/router/openssl/include -I/home/RT-AC54U/asuswrt/release/src-ra-mt7620/router/libxml2/include  conftest.c
conftest.c:15:28: error: ac_nonexistent.h: No such file or directory
configure:3679: $? = 1
configure: failed program was:
| /* confdefs.h */
| #define PACKAGE_NAME "neon"
| #define PACKAGE_TARNAME "neon"
| #define PACKAGE_VERSION "0.29.6"
| #define PACKAGE_STRING "neon 0.29.6"
| #define PACKAGE_BUGREPORT "neon@lists.manyfish.co.uk"
| #define PACKAGE_URL ""
| #define _GNU_SOURCE 1
| #define NEON_IS_LIBRARY 1
| #define NEON_VERSION "0.29.6"
| #define NE_VERSION_MAJOR (0)
| #define NE_VERSION_MINOR (29)
| #define NE_VERSION_PATCH (6)
| /* end confdefs.h.  */
| #include <ac_nonexistent.h>
configure:3708: checking for grep that handles long lines and -e
configure:3766: result: /bin/grep
configure:3771: checking for egrep
configure:3833: result: /bin/grep -E
configure:3838: checking for ANSI C header files
configure:3858: mipsel-uclibc-gcc -c -I/home/RT-AC54U/asuswrt/release/src-ra-mt7620/router/mipsel-uclibc/stage/usr/include -I/home/RT-AC54U/asuswrt/release/src-ra-mt7620/router/openssl/include  -I/home/RT-AC54U/asuswrt/release/src-ra-mt7620/router/openssl/include -I/home/RT-AC54U/asuswrt/release/src-ra-mt7620/router/libxml2/include  conftest.c >&5
configure:3858: $? = 0
configure:3942: result: yes
configure:3955: checking for sys/types.h
configure:3955: mipsel-uclibc-gcc -c -I/home/RT-AC54U/asuswrt/release/src-ra-mt7620/router/mipsel-uclibc/stage/usr/include -I/home/RT-AC54U/asuswrt/release/src-ra-mt7620/router/openssl/include  -I/home/RT-AC54U/asuswrt/release/src-ra-mt7620/router/openssl/include -I/home/RT-AC54U/asuswrt/release/src-ra-mt7620/router/libxml2/include  conftest.c >&5
configure:3955: $? = 0
configure:3955: result: yes
configure:3955: checking for sys/stat.h
configure:3955: mipsel-uclibc-gcc -c -I/home/RT-AC54U/asuswrt/release/src-ra-mt7620/router/mipsel-uclibc/stage/usr/include -I/home/RT-AC54U/asuswrt/release/src-ra-mt7620/router/openssl/include  -I/home/RT-AC54U/asuswrt/release/src-ra-mt7620/router/openssl/include -I/home/RT-AC54U/asuswrt/release/src-ra-mt7620/router/libxml2/include  conftest.c >&5
configure:3955: $? = 0
configure:3955: result: yes
configure:3955: checking for stdlib.h
configure:3955: mipsel-uclibc-gcc -c -I/home/RT-AC54U/asuswrt/release/src-ra-mt7620/router/mipsel-uclibc/stage/usr/include -I/home/RT-AC54U/asuswrt/release/src-ra-mt7620/router/openssl/include  -I/home/RT-AC54U/asuswrt/release/src-ra-mt7620/router/openssl/include -I/home/RT-AC54U/asuswrt/release/src-ra-mt7620/router/libxml2/include  conftest.c >&5
configure:3955: $? = 0
configure:3955: result: yes
configure:3955: checking for string.h
configure:3955: mipsel-uclibc-gcc -c -I/home/RT-AC54U/asuswrt/release/src-ra-mt7620/router/mipsel-uclibc/stage/usr/include -I/home/RT-AC54U/asuswrt/release/src-ra-mt7620/router/openssl/include  -I/home/RT-AC54U/asuswrt/release/src-ra-mt7620/router/openssl/include -I/home/RT-AC54U/asuswrt/release/src-ra-mt7620/router/libxml2/include  conftest.c >&5
configure:3955: $? = 0
configure:3955: result: yes
configure:3955: checking for memory.h
configure:3955: mipsel-uclibc-gcc -c -I/home/RT-AC54U/asuswrt/release/src-ra-mt7620/router/mipsel-uclibc/stage/usr/include -I/home/RT-AC54U/asuswrt/release/src-ra-mt7620/router/openssl/include  -I/home/RT-AC54U/asuswrt/release/src-ra-mt7620/router/openssl/include -I/home/RT-AC54U/asuswrt/release/src-ra-mt7620/router/libxml2/include  conftest.c >&5
configure:3955: $? = 0
configure:3955: result: yes
configure:3955: checking for strings.h
configure:3955: mipsel-uclibc-gcc -c -I/home/RT-AC54U/asuswrt/release/src-ra-mt7620/router/mipsel-uclibc/stage/usr/include -I/home/RT-AC54U/asuswrt/release/src-ra-mt7620/router/openssl/include  -I/home/RT-AC54U/asuswrt/release/src-ra-mt7620/router/openssl/include -I/home/RT-AC54U/asuswrt/release/src-ra-mt7620/router/libxml2/include  conftest.c >&5
configure:3955: $? = 0
configure:3955: result: yes
configure:3955: checking for inttypes.h
configure:3955: mipsel-uclibc-gcc -c -I/home/RT-AC54U/asuswrt/release/src-ra-mt7620/router/mipsel-uclibc/stage/usr/include -I/home/RT-AC54U/asuswrt/release/src-ra-mt7620/router/openssl/include  -I/home/RT-AC54U/asuswrt/release/src-ra-mt7620/router/openssl/include -I/home/RT-AC54U/asuswrt/release/src-ra-mt7620/router/libxml2/include  conftest.c >&5
configure:3955: $? = 0
configure:3955: result: yes
configure:3955: checking for stdint.h
configure:3955: mipsel-uclibc-gcc -c -I/home/RT-AC54U/asuswrt/release/src-ra-mt7620/router/mipsel-uclibc/stage/usr/include -I/home/RT-AC54U/asuswrt/release/src-ra-mt7620/router/openssl/include  -I/home/RT-AC54U/asuswrt/release/src-ra-mt7620/router/openssl/include -I/home/RT-AC54U/asuswrt/release/src-ra-mt7620/router/libxml2/include  conftest.c >&5
configure:3955: $? = 0
configure:3955: result: yes
configure:3955: checking for unistd.h
configure:3955: mipsel-uclibc-gcc -c -I/home/RT-AC54U/asuswrt/release/src-ra-mt7620/router/mipsel-uclibc/stage/usr/include -I/home/RT-AC54U/asuswrt/release/src-ra-mt7620/router/openssl/include  -I/home/RT-AC54U/asuswrt/release/src-ra-mt7620/router/openssl/include -I/home/RT-AC54U/asuswrt/release/src-ra-mt7620/router/libxml2/include  conftest.c >&5
configure:3955: $? = 0
configure:3955: result: yes
configure:3968: checking minix/config.h usability
configure:3968: mipsel-uclibc-gcc -c -I/home/RT-AC54U/asuswrt/release/src-ra-mt7620/router/mipsel-uclibc/stage/usr/include -I/home/RT-AC54U/asuswrt/release/src-ra-mt7620/router/openssl/include  -I/home/RT-AC54U/asuswrt/release/src-ra-mt7620/router/openssl/include -I/home/RT-AC54U/asuswrt/release/src-ra-mt7620/router/libxml2/include  conftest.c >&5
conftest.c:58:26: error: minix/config.h: No such file or directory
configure:3968: $? = 1
configure: failed program was:
| /* confdefs.h */
| #define PACKAGE_NAME "neon"
| #define PACKAGE_TARNAME "neon"
| #define PACKAGE_VERSION "0.29.6"
| #define PACKAGE_STRING "neon 0.29.6"
| #define PACKAGE_BUGREPORT "neon@lists.manyfish.co.uk"
| #define PACKAGE_URL ""
| #define _GNU_SOURCE 1
| #define NEON_IS_LIBRARY 1
| #define NEON_VERSION "0.29.6"
| #define NE_VERSION_MAJOR (0)
| #define NE_VERSION_MINOR (29)
| #define NE_VERSION_PATCH (6)
| #define STDC_HEADERS 1
| #define HAVE_SYS_TYPES_H 1
| #define HAVE_SYS_STAT_H 1
| #define HAVE_STDLIB_H 1
| #define HAVE_STRING_H 1
| #define HAVE_MEMORY_H 1
| #define HAVE_STRINGS_H 1
| #define HAVE_INTTYPES_H 1
| #define HAVE_STDINT_H 1
| #define HAVE_UNISTD_H 1
| /* end confdefs.h.  */
| #include <stdio.h>
| #ifdef HAVE_SYS_TYPES_H
| # include <sys/types.h>
| #endif
| #ifdef HAVE_SYS_STAT_H
| # include <sys/stat.h>
| #endif
| #ifdef STDC_HEADERS
| # include <stdlib.h>
| # include <stddef.h>
| #else
| # ifdef HAVE_STDLIB_H
| #  include <stdlib.h>
| # endif
| #endif
| #ifdef HAVE_STRING_H
| # if !defined STDC_HEADERS && defined HAVE_MEMORY_H
| #  include <memory.h>
| # endif
| # include <string.h>
| #endif
| #ifdef HAVE_STRINGS_H
| # include <strings.h>
| #endif
| #ifdef HAVE_INTTYPES_H
| # include <inttypes.h>
| #endif
| #ifdef HAVE_STDINT_H
| # include <stdint.h>
| #endif
| #ifdef HAVE_UNISTD_H
| # include <unistd.h>
| #endif
| #include <minix/config.h>
configure:3968: result: no
configure:3968: checking minix/config.h presence
configure:3968: mipsel-uclibc-gcc -E  -I/home/RT-AC54U/asuswrt/release/src-ra-mt7620/router/openssl/include -I/home/RT-AC54U/asuswrt/release/src-ra-mt7620/router/libxml2/include  conftest.c
conftest.c:25:26: error: minix/config.h: No such file or directory
configure:3968: $? = 1
configure: failed program was:
| /* confdefs.h */
| #define PACKAGE_NAME "neon"
| #define PACKAGE_TARNAME "neon"
| #define PACKAGE_VERSION "0.29.6"
| #define PACKAGE_STRING "neon 0.29.6"
| #define PACKAGE_BUGREPORT "neon@lists.manyfish.co.uk"
| #define PACKAGE_URL ""
| #define _GNU_SOURCE 1
| #define NEON_IS_LIBRARY 1
| #define NEON_VERSION "0.29.6"
| #define NE_VERSION_MAJOR (0)
| #define NE_VERSION_MINOR (29)
| #define NE_VERSION_PATCH (6)
| #define STDC_HEADERS 1
| #define HAVE_SYS_TYPES_H 1
| #define HAVE_SYS_STAT_H 1
| #define HAVE_STDLIB_H 1
| #define HAVE_STRING_H 1
| #define HAVE_MEMORY_H 1
| #define HAVE_STRINGS_H 1
| #define HAVE_INTTYPES_H 1
| #define HAVE_STDINT_H 1
| #define HAVE_UNISTD_H 1
| /* end confdefs.h.  */
| #include <minix/config.h>
configure:3968: result: no
configure:3968: checking for minix/config.h
configure:3968: result: no
configure:3989: checking whether it is safe to define __EXTENSIONS__
configure:4007: mipsel-uclibc-gcc -c -I/home/RT-AC54U/asuswrt/release/src-ra-mt7620/router/mipsel-uclibc/stage/usr/include -I/home/RT-AC54U/asuswrt/release/src-ra-mt7620/router/openssl/include  -I/home/RT-AC54U/asuswrt/release/src-ra-mt7620/router/openssl/include -I/home/RT-AC54U/asuswrt/release/src-ra-mt7620/router/libxml2/include  conftest.c >&5
configure:4007: $? = 0
configure:4014: result: yes
configure:4028: checking for inline
configure:4044: mipsel-uclibc-gcc -c -I/home/RT-AC54U/asuswrt/release/src-ra-mt7620/router/mipsel-uclibc/stage/usr/include -I/home/RT-AC54U/asuswrt/release/src-ra-mt7620/router/openssl/include  -I/home/RT-AC54U/asuswrt/release/src-ra-mt7620/router/openssl/include -I/home/RT-AC54U/asuswrt/release/src-ra-mt7620/router/libxml2/include  conftest.c >&5
configure:4044: $? = 0
configure:4052: result: inline
configure:4070: checking for an ANSI C-conforming const
configure:4135: mipsel-uclibc-gcc -c -I/home/RT-AC54U/asuswrt/release/src-ra-mt7620/router/mipsel-uclibc/stage/usr/include -I/home/RT-AC54U/asuswrt/release/src-ra-mt7620/router/openssl/include  -I/home/RT-AC54U/asuswrt/release/src-ra-mt7620/router/openssl/include -I/home/RT-AC54U/asuswrt/release/src-ra-mt7620/router/libxml2/include  conftest.c >&5
configure:4135: $? = 0
configure:4142: result: yes
configure:4150: checking for size_t
configure:4150: mipsel-uclibc-gcc -c -I/home/RT-AC54U/asuswrt/release/src-ra-mt7620/router/mipsel-uclibc/stage/usr/include -I/home/RT-AC54U/asuswrt/release/src-ra-mt7620/router/openssl/include  -I/home/RT-AC54U/asuswrt/release/src-ra-mt7620/router/openssl/include -I/home/RT-AC54U/asuswrt/release/src-ra-mt7620/router/libxml2/include  conftest.c >&5
configure:4150: $? = 0
configure:4150: mipsel-uclibc-gcc -c -I/home/RT-AC54U/asuswrt/release/src-ra-mt7620/router/mipsel-uclibc/stage/usr/include -I/home/RT-AC54U/asuswrt/release/src-ra-mt7620/router/openssl/include  -I/home/RT-AC54U/asuswrt/release/src-ra-mt7620/router/openssl/include -I/home/RT-AC54U/asuswrt/release/src-ra-mt7620/router/libxml2/include  conftest.c >&5
conftest.c: In function 'main':
conftest.c:66: error: expected expression before ')' token
configure:4150: $? = 1
configure: failed program was:
| /* confdefs.h */
| #define PACKAGE_NAME "neon"
| #define PACKAGE_TARNAME "neon"
| #define PACKAGE_VERSION "0.29.6"
| #define PACKAGE_STRING "neon 0.29.6"
| #define PACKAGE_BUGREPORT "neon@lists.manyfish.co.uk"
| #define PACKAGE_URL ""
| #define _GNU_SOURCE 1
| #define NEON_IS_LIBRARY 1
| #define NEON_VERSION "0.29.6"
| #define NE_VERSION_MAJOR (0)
| #define NE_VERSION_MINOR (29)
| #define NE_VERSION_PATCH (6)
| #define STDC_HEADERS 1
| #define HAVE_SYS_TYPES_H 1
| #define HAVE_SYS_STAT_H 1
| #define HAVE_STDLIB_H 1
| #define HAVE_STRING_H 1
| #define HAVE_MEMORY_H 1
| #define HAVE_STRINGS_H 1
| #define HAVE_INTTYPES_H 1
| #define HAVE_STDINT_H 1
| #define HAVE_UNISTD_H 1
| #define __EXTENSIONS__ 1
| #define _ALL_SOURCE 1
| #define _GNU_SOURCE 1
| #define _POSIX_PTHREAD_SEMANTICS 1
| #define _TANDEM_SOURCE 1
| /* end confdefs.h.  */
| #include <stdio.h>
| #ifdef HAVE_SYS_TYPES_H
| # include <sys/types.h>
| #endif
| #ifdef HAVE_SYS_STAT_H
| # include <sys/stat.h>
| #endif
| #ifdef STDC_HEADERS
| # include <stdlib.h>
| # include <stddef.h>
| #else
| # ifdef HAVE_STDLIB_H
| #  include <stdlib.h>
| # endif
| #endif
| #ifdef HAVE_STRING_H
| # if !defined STDC_HEADERS && defined HAVE_MEMORY_H
| #  include <memory.h>
| # endif
| # include <string.h>
| #endif
| #ifdef HAVE_STRINGS_H
| # include <strings.h>
| #endif
| #ifdef HAVE_INTTYPES_H
| # include <inttypes.h>
| #endif
| #ifdef HAVE_STDINT_H
| # include <stdint.h>
| #endif
| #ifdef HAVE_UNISTD_H
| # include <unistd.h>
| #endif
| int
| main ()
| {
| if (sizeof ((size_t)))
| 	    return 0;
|   ;
|   return 0;
| }
configure:4150: result: yes
configure:4161: checking for off_t
configure:4161: mipsel-uclibc-gcc -c -I/home/RT-AC54U/asuswrt/release/src-ra-mt7620/router/mipsel-uclibc/stage/usr/include -I/home/RT-AC54U/asuswrt/release/src-ra-mt7620/router/openssl/include  -I/home/RT-AC54U/asuswrt/release/src-ra-mt7620/router/openssl/include -I/home/RT-AC54U/asuswrt/release/src-ra-mt7620/router/libxml2/include  conftest.c >&5
configure:4161: $? = 0
configure:4161: mipsel-uclibc-gcc -c -I/home/RT-AC54U/asuswrt/release/src-ra-mt7620/router/mipsel-uclibc/stage/usr/include -I/home/RT-AC54U/asuswrt/release/src-ra-mt7620/router/openssl/include  -I/home/RT-AC54U/asuswrt/release/src-ra-mt7620/router/openssl/include -I/home/RT-AC54U/asuswrt/release/src-ra-mt7620/router/libxml2/include  conftest.c >&5
conftest.c: In function 'main':
conftest.c:66: error: expected expression before ')' token
configure:4161: $? = 1
configure: failed program was:
| /* confdefs.h */
| #define PACKAGE_NAME "neon"
| #define PACKAGE_TARNAME "neon"
| #define PACKAGE_VERSION "0.29.6"
| #define PACKAGE_STRING "neon 0.29.6"
| #define PACKAGE_BUGREPORT "neon@lists.manyfish.co.uk"
| #define PACKAGE_URL ""
| #define _GNU_SOURCE 1
| #define NEON_IS_LIBRARY 1
| #define NEON_VERSION "0.29.6"
| #define NE_VERSION_MAJOR (0)
| #define NE_VERSION_MINOR (29)
| #define NE_VERSION_PATCH (6)
| #define STDC_HEADERS 1
| #define HAVE_SYS_TYPES_H 1
| #define HAVE_SYS_STAT_H 1
| #define HAVE_STDLIB_H 1
| #define HAVE_STRING_H 1
| #define HAVE_MEMORY_H 1
| #define HAVE_STRINGS_H 1
| #define HAVE_INTTYPES_H 1
| #define HAVE_STDINT_H 1
| #define HAVE_UNISTD_H 1
| #define __EXTENSIONS__ 1
| #define _ALL_SOURCE 1
| #define _GNU_SOURCE 1
| #define _POSIX_PTHREAD_SEMANTICS 1
| #define _TANDEM_SOURCE 1
| /* end confdefs.h.  */
| #include <stdio.h>
| #ifdef HAVE_SYS_TYPES_H
| # include <sys/types.h>
| #endif
| #ifdef HAVE_SYS_STAT_H
| # include <sys/stat.h>
| #endif
| #ifdef STDC_HEADERS
| # include <stdlib.h>
| # include <stddef.h>
| #else
| # ifdef HAVE_STDLIB_H
| #  include <stdlib.h>
| # endif
| #endif
| #ifdef HAVE_STRING_H
| # if !defined STDC_HEADERS && defined HAVE_MEMORY_H
| #  include <memory.h>
| # endif
| # include <string.h>
| #endif
| #ifdef HAVE_STRINGS_H
| # include <strings.h>
| #endif
| #ifdef HAVE_INTTYPES_H
| # include <inttypes.h>
| #endif
| #ifdef HAVE_STDINT_H
| # include <stdint.h>
| #endif
| #ifdef HAVE_UNISTD_H
| # include <unistd.h>
| #endif
| int
| main ()
| {
| if (sizeof ((off_t)))
| 	    return 0;
|   ;
|   return 0;
| }
configure:4161: result: yes
configure:4174: checking for uname
configure:4183: result: Linux
configure:4195: checking whether make sets $(MAKE)
configure:4217: result: yes
configure:4231: checking size of int
configure:4236: mipsel-uclibc-gcc -c -I/home/RT-AC54U/asuswrt/release/src-ra-mt7620/router/mipsel-uclibc/stage/usr/include -I/home/RT-AC54U/asuswrt/release/src-ra-mt7620/router/openssl/include  -I/home/RT-AC54U/asuswrt/release/src-ra-mt7620/router/openssl/include -I/home/RT-AC54U/asuswrt/release/src-ra-mt7620/router/libxml2/include  conftest.c >&5
configure:4236: $? = 0
configure:4236: mipsel-uclibc-gcc -c -I/home/RT-AC54U/asuswrt/release/src-ra-mt7620/router/mipsel-uclibc/stage/usr/include -I/home/RT-AC54U/asuswrt/release/src-ra-mt7620/router/openssl/include  -I/home/RT-AC54U/asuswrt/release/src-ra-mt7620/router/openssl/include -I/home/RT-AC54U/asuswrt/release/src-ra-mt7620/router/libxml2/include  conftest.c >&5
conftest.c: In function 'main':
conftest.c:66: error: size of array 'test_array' is negative
configure:4236: $? = 1
configure: failed program was:
| /* confdefs.h */
| #define PACKAGE_NAME "neon"
| #define PACKAGE_TARNAME "neon"
| #define PACKAGE_VERSION "0.29.6"
| #define PACKAGE_STRING "neon 0.29.6"
| #define PACKAGE_BUGREPORT "neon@lists.manyfish.co.uk"
| #define PACKAGE_URL ""
| #define _GNU_SOURCE 1
| #define NEON_IS_LIBRARY 1
| #define NEON_VERSION "0.29.6"
| #define NE_VERSION_MAJOR (0)
| #define NE_VERSION_MINOR (29)
| #define NE_VERSION_PATCH (6)
| #define STDC_HEADERS 1
| #define HAVE_SYS_TYPES_H 1
| #define HAVE_SYS_STAT_H 1
| #define HAVE_STDLIB_H 1
| #define HAVE_STRING_H 1
| #define HAVE_MEMORY_H 1
| #define HAVE_STRINGS_H 1
| #define HAVE_INTTYPES_H 1
| #define HAVE_STDINT_H 1
| #define HAVE_UNISTD_H 1
| #define __EXTENSIONS__ 1
| #define _ALL_SOURCE 1
| #define _GNU_SOURCE 1
| #define _POSIX_PTHREAD_SEMANTICS 1
| #define _TANDEM_SOURCE 1
| /* end confdefs.h.  */
| #include <stdio.h>
| #ifdef HAVE_SYS_TYPES_H
| # include <sys/types.h>
| #endif
| #ifdef HAVE_SYS_STAT_H
| # include <sys/stat.h>
| #endif
| #ifdef STDC_HEADERS
| # include <stdlib.h>
| # include <stddef.h>
| #else
| # ifdef HAVE_STDLIB_H
| #  include <stdlib.h>
| # endif
| #endif
| #ifdef HAVE_STRING_H
| # if !defined STDC_HEADERS && defined HAVE_MEMORY_H
| #  include <memory.h>
| # endif
| # include <string.h>
| #endif
| #ifdef HAVE_STRINGS_H
| # include <strings.h>
| #endif
| #ifdef HAVE_INTTYPES_H
| # include <inttypes.h>
| #endif
| #ifdef HAVE_STDINT_H
| # include <stdint.h>
| #endif
| #ifdef HAVE_UNISTD_H
| # include <unistd.h>
| #endif
| int
| main ()
| {
| static int test_array [1 - 2 * !(((long int) (sizeof (int))) <= 0)];
| test_array [0] = 0
| 
|   ;
|   return 0;
| }
configure:4236: mipsel-uclibc-gcc -c -I/home/RT-AC54U/asuswrt/release/src-ra-mt7620/router/mipsel-uclibc/stage/usr/include -I/home/RT-AC54U/asuswrt/release/src-ra-mt7620/router/openssl/include  -I/home/RT-AC54U/asuswrt/release/src-ra-mt7620/router/openssl/include -I/home/RT-AC54U/asuswrt/release/src-ra-mt7620/router/libxml2/include  conftest.c >&5
conftest.c: In function 'main':
conftest.c:66: error: size of array 'test_array' is negative
configure:4236: $? = 1
configure: failed program was:
| /* confdefs.h */
| #define PACKAGE_NAME "neon"
| #define PACKAGE_TARNAME "neon"
| #define PACKAGE_VERSION "0.29.6"
| #define PACKAGE_STRING "neon 0.29.6"
| #define PACKAGE_BUGREPORT "neon@lists.manyfish.co.uk"
| #define PACKAGE_URL ""
| #define _GNU_SOURCE 1
| #define NEON_IS_LIBRARY 1
| #define NEON_VERSION "0.29.6"
| #define NE_VERSION_MAJOR (0)
| #define NE_VERSION_MINOR (29)
| #define NE_VERSION_PATCH (6)
| #define STDC_HEADERS 1
| #define HAVE_SYS_TYPES_H 1
| #define HAVE_SYS_STAT_H 1
| #define HAVE_STDLIB_H 1
| #define HAVE_STRING_H 1
| #define HAVE_MEMORY_H 1
| #define HAVE_STRINGS_H 1
| #define HAVE_INTTYPES_H 1
| #define HAVE_STDINT_H 1
| #define HAVE_UNISTD_H 1
| #define __EXTENSIONS__ 1
| #define _ALL_SOURCE 1
| #define _GNU_SOURCE 1
| #define _POSIX_PTHREAD_SEMANTICS 1
| #define _TANDEM_SOURCE 1
| /* end confdefs.h.  */
| #include <stdio.h>
| #ifdef HAVE_SYS_TYPES_H
| # include <sys/types.h>
| #endif
| #ifdef HAVE_SYS_STAT_H
| # include <sys/stat.h>
| #endif
| #ifdef STDC_HEADERS
| # include <stdlib.h>
| # include <stddef.h>
| #else
| # ifdef HAVE_STDLIB_H
| #  include <stdlib.h>
| # endif
| #endif
| #ifdef HAVE_STRING_H
| # if !defined STDC_HEADERS && defined HAVE_MEMORY_H
| #  include <memory.h>
| # endif
| # include <string.h>
| #endif
| #ifdef HAVE_STRINGS_H
| # include <strings.h>
| #endif
| #ifdef HAVE_INTTYPES_H
| # include <inttypes.h>
| #endif
| #ifdef HAVE_STDINT_H
| # include <stdint.h>
| #endif
| #ifdef HAVE_UNISTD_H
| # include <unistd.h>
| #endif
| int
| main ()
| {
| static int test_array [1 - 2 * !(((long int) (sizeof (int))) <= 1)];
| test_array [0] = 0
| 
|   ;
|   return 0;
| }
configure:4236: mipsel-uclibc-gcc -c -I/home/RT-AC54U/asuswrt/release/src-ra-mt7620/router/mipsel-uclibc/stage/usr/include -I/home/RT-AC54U/asuswrt/release/src-ra-mt7620/router/openssl/include  -I/home/RT-AC54U/asuswrt/release/src-ra-mt7620/router/openssl/include -I/home/RT-AC54U/asuswrt/release/src-ra-mt7620/router/libxml2/include  conftest.c >&5
conftest.c: In function 'main':
conftest.c:66: error: size of array 'test_array' is negative
configure:4236: $? = 1
configure: failed program was:
| /* confdefs.h */
| #define PACKAGE_NAME "neon"
| #define PACKAGE_TARNAME "neon"
| #define PACKAGE_VERSION "0.29.6"
| #define PACKAGE_STRING "neon 0.29.6"
| #define PACKAGE_BUGREPORT "neon@lists.manyfish.co.uk"
| #define PACKAGE_URL ""
| #define _GNU_SOURCE 1
| #define NEON_IS_LIBRARY 1
| #define NEON_VERSION "0.29.6"
| #define NE_VERSION_MAJOR (0)
| #define NE_VERSION_MINOR (29)
| #define NE_VERSION_PATCH (6)
| #define STDC_HEADERS 1
| #define HAVE_SYS_TYPES_H 1
| #define HAVE_SYS_STAT_H 1
| #define HAVE_STDLIB_H 1
| #define HAVE_STRING_H 1
| #define HAVE_MEMORY_H 1
| #define HAVE_STRINGS_H 1
| #define HAVE_INTTYPES_H 1
| #define HAVE_STDINT_H 1
| #define HAVE_UNISTD_H 1
| #define __EXTENSIONS__ 1
| #define _ALL_SOURCE 1
| #define _GNU_SOURCE 1
| #define _POSIX_PTHREAD_SEMANTICS 1
| #define _TANDEM_SOURCE 1
| /* end confdefs.h.  */
| #include <stdio.h>
| #ifdef HAVE_SYS_TYPES_H
| # include <sys/types.h>
| #endif
| #ifdef HAVE_SYS_STAT_H
| # include <sys/stat.h>
| #endif
| #ifdef STDC_HEADERS
| # include <stdlib.h>
| # include <stddef.h>
| #else
| # ifdef HAVE_STDLIB_H
| #  include <stdlib.h>
| # endif
| #endif
| #ifdef HAVE_STRING_H
| # if !defined STDC_HEADERS && defined HAVE_MEMORY_H
| #  include <memory.h>
| # endif
| # include <string.h>
| #endif
| #ifdef HAVE_STRINGS_H
| # include <strings.h>
| #endif
| #ifdef HAVE_INTTYPES_H
| # include <inttypes.h>
| #endif
| #ifdef HAVE_STDINT_H
| # include <stdint.h>
| #endif
| #ifdef HAVE_UNISTD_H
| # include <unistd.h>
| #endif
| int
| main ()
| {
| static int test_array [1 - 2 * !(((long int) (sizeof (int))) <= 3)];
| test_array [0] = 0
| 
|   ;
|   return 0;
| }
configure:4236: mipsel-uclibc-gcc -c -I/home/RT-AC54U/asuswrt/release/src-ra-mt7620/router/mipsel-uclibc/stage/usr/include -I/home/RT-AC54U/asuswrt/release/src-ra-mt7620/router/openssl/include  -I/home/RT-AC54U/asuswrt/release/src-ra-mt7620/router/openssl/include -I/home/RT-AC54U/asuswrt/release/src-ra-mt7620/router/libxml2/include  conftest.c >&5
configure:4236: $? = 0
configure:4236: mipsel-uclibc-gcc -c -I/home/RT-AC54U/asuswrt/release/src-ra-mt7620/router/mipsel-uclibc/stage/usr/include -I/home/RT-AC54U/asuswrt/release/src-ra-mt7620/router/openssl/include  -I/home/RT-AC54U/asuswrt/release/src-ra-mt7620/router/openssl/include -I/home/RT-AC54U/asuswrt/release/src-ra-mt7620/router/libxml2/include  conftest.c >&5
configure:4236: $? = 0
configure:4236: mipsel-uclibc-gcc -c -I/home/RT-AC54U/asuswrt/release/src-ra-mt7620/router/mipsel-uclibc/stage/usr/include -I/home/RT-AC54U/asuswrt/release/src-ra-mt7620/router/openssl/include  -I/home/RT-AC54U/asuswrt/release/src-ra-mt7620/router/openssl/include -I/home/RT-AC54U/asuswrt/release/src-ra-mt7620/router/libxml2/include  conftest.c >&5
configure:4236: $? = 0
configure:4250: result: 4
configure:4264: checking size of long
configure:4269: mipsel-uclibc-gcc -c -I/home/RT-AC54U/asuswrt/release/src-ra-mt7620/router/mipsel-uclibc/stage/usr/include -I/home/RT-AC54U/asuswrt/release/src-ra-mt7620/router/openssl/include  -I/home/RT-AC54U/asuswrt/release/src-ra-mt7620/router/openssl/include -I/home/RT-AC54U/asuswrt/release/src-ra-mt7620/router/libxml2/include  conftest.c >&5
configure:4269: $? = 0
configure:4269: mipsel-uclibc-gcc -c -I/home/RT-AC54U/asuswrt/release/src-ra-mt7620/router/mipsel-uclibc/stage/usr/include -I/home/RT-AC54U/asuswrt/release/src-ra-mt7620/router/openssl/include  -I/home/RT-AC54U/asuswrt/release/src-ra-mt7620/router/openssl/include -I/home/RT-AC54U/asuswrt/release/src-ra-mt7620/router/libxml2/include  conftest.c >&5
conftest.c: In function 'main':
conftest.c:67: error: size of array 'test_array' is negative
configure:4269: $? = 1
configure: failed program was:
| /* confdefs.h */
| #define PACKAGE_NAME "neon"
| #define PACKAGE_TARNAME "neon"
| #define PACKAGE_VERSION "0.29.6"
| #define PACKAGE_STRING "neon 0.29.6"
| #define PACKAGE_BUGREPORT "neon@lists.manyfish.co.uk"
| #define PACKAGE_URL ""
| #define _GNU_SOURCE 1
| #define NEON_IS_LIBRARY 1
| #define NEON_VERSION "0.29.6"
| #define NE_VERSION_MAJOR (0)
| #define NE_VERSION_MINOR (29)
| #define NE_VERSION_PATCH (6)
| #define STDC_HEADERS 1
| #define HAVE_SYS_TYPES_H 1
| #define HAVE_SYS_STAT_H 1
| #define HAVE_STDLIB_H 1
| #define HAVE_STRING_H 1
| #define HAVE_MEMORY_H 1
| #define HAVE_STRINGS_H 1
| #define HAVE_INTTYPES_H 1
| #define HAVE_STDINT_H 1
| #define HAVE_UNISTD_H 1
| #define __EXTENSIONS__ 1
| #define _ALL_SOURCE 1
| #define _GNU_SOURCE 1
| #define _POSIX_PTHREAD_SEMANTICS 1
| #define _TANDEM_SOURCE 1
| #define SIZEOF_INT 4
| /* end confdefs.h.  */
| #include <stdio.h>
| #ifdef HAVE_SYS_TYPES_H
| # include <sys/types.h>
| #endif
| #ifdef HAVE_SYS_STAT_H
| # include <sys/stat.h>
| #endif
| #ifdef STDC_HEADERS
| # include <stdlib.h>
| # include <stddef.h>
| #else
| # ifdef HAVE_STDLIB_H
| #  include <stdlib.h>
| # endif
| #endif
| #ifdef HAVE_STRING_H
| # if !defined STDC_HEADERS && defined HAVE_MEMORY_H
| #  include <memory.h>
| # endif
| # include <string.h>
| #endif
| #ifdef HAVE_STRINGS_H
| # include <strings.h>
| #endif
| #ifdef HAVE_INTTYPES_H
| # include <inttypes.h>
| #endif
| #ifdef HAVE_STDINT_H
| # include <stdint.h>
| #endif
| #ifdef HAVE_UNISTD_H
| # include <unistd.h>
| #endif
| int
| main ()
| {
| static int test_array [1 - 2 * !(((long int) (sizeof (long))) <= 0)];
| test_array [0] = 0
| 
|   ;
|   return 0;
| }
configure:4269: mipsel-uclibc-gcc -c -I/home/RT-AC54U/asuswrt/release/src-ra-mt7620/router/mipsel-uclibc/stage/usr/include -I/home/RT-AC54U/asuswrt/release/src-ra-mt7620/router/openssl/include  -I/home/RT-AC54U/asuswrt/release/src-ra-mt7620/router/openssl/include -I/home/RT-AC54U/asuswrt/release/src-ra-mt7620/router/libxml2/include  conftest.c >&5
conftest.c: In function 'main':
conftest.c:67: error: size of array 'test_array' is negative
configure:4269: $? = 1
configure: failed program was:
| /* confdefs.h */
| #define PACKAGE_NAME "neon"
| #define PACKAGE_TARNAME "neon"
| #define PACKAGE_VERSION "0.29.6"
| #define PACKAGE_STRING "neon 0.29.6"
| #define PACKAGE_BUGREPORT "neon@lists.manyfish.co.uk"
| #define PACKAGE_URL ""
| #define _GNU_SOURCE 1
| #define NEON_IS_LIBRARY 1
| #define NEON_VERSION "0.29.6"
| #define NE_VERSION_MAJOR (0)
| #define NE_VERSION_MINOR (29)
| #define NE_VERSION_PATCH (6)
| #define STDC_HEADERS 1
| #define HAVE_SYS_TYPES_H 1
| #define HAVE_SYS_STAT_H 1
| #define HAVE_STDLIB_H 1
| #define HAVE_STRING_H 1
| #define HAVE_MEMORY_H 1
| #define HAVE_STRINGS_H 1
| #define HAVE_INTTYPES_H 1
| #define HAVE_STDINT_H 1
| #define HAVE_UNISTD_H 1
| #define __EXTENSIONS__ 1
| #define _ALL_SOURCE 1
| #define _GNU_SOURCE 1
| #define _POSIX_PTHREAD_SEMANTICS 1
| #define _TANDEM_SOURCE 1
| #define SIZEOF_INT 4
| /* end confdefs.h.  */
| #include <stdio.h>
| #ifdef HAVE_SYS_TYPES_H
| # include <sys/types.h>
| #endif
| #ifdef HAVE_SYS_STAT_H
| # include <sys/stat.h>
| #endif
| #ifdef STDC_HEADERS
| # include <stdlib.h>
| # include <stddef.h>
| #else
| # ifdef HAVE_STDLIB_H
| #  include <stdlib.h>
| # endif
| #endif
| #ifdef HAVE_STRING_H
| # if !defined STDC_HEADERS && defined HAVE_MEMORY_H
| #  include <memory.h>
| # endif
| # include <string.h>
| #endif
| #ifdef HAVE_STRINGS_H
| # include <strings.h>
| #endif
| #ifdef HAVE_INTTYPES_H
| # include <inttypes.h>
| #endif
| #ifdef HAVE_STDINT_H
| # include <stdint.h>
| #endif
| #ifdef HAVE_UNISTD_H
| # include <unistd.h>
| #endif
| int
| main ()
| {
| static int test_array [1 - 2 * !(((long int) (sizeof (long))) <= 1)];
| test_array [0] = 0
| 
|   ;
|   return 0;
| }
configure:4269: mipsel-uclibc-gcc -c -I/home/RT-AC54U/asuswrt/release/src-ra-mt7620/router/mipsel-uclibc/stage/usr/include -I/home/RT-AC54U/asuswrt/release/src-ra-mt7620/router/openssl/include  -I/home/RT-AC54U/asuswrt/release/src-ra-mt7620/router/openssl/include -I/home/RT-AC54U/asuswrt/release/src-ra-mt7620/router/libxml2/include  conftest.c >&5
conftest.c: In function 'main':
conftest.c:67: error: size of array 'test_array' is negative
configure:4269: $? = 1
configure: failed program was:
| /* confdefs.h */
| #define PACKAGE_NAME "neon"
| #define PACKAGE_TARNAME "neon"
| #define PACKAGE_VERSION "0.29.6"
| #define PACKAGE_STRING "neon 0.29.6"
| #define PACKAGE_BUGREPORT "neon@lists.manyfish.co.uk"
| #define PACKAGE_URL ""
| #define _GNU_SOURCE 1
| #define NEON_IS_LIBRARY 1
| #define NEON_VERSION "0.29.6"
| #define NE_VERSION_MAJOR (0)
| #define NE_VERSION_MINOR (29)
| #define NE_VERSION_PATCH (6)
| #define STDC_HEADERS 1
| #define HAVE_SYS_TYPES_H 1
| #define HAVE_SYS_STAT_H 1
| #define HAVE_STDLIB_H 1
| #define HAVE_STRING_H 1
| #define HAVE_MEMORY_H 1
| #define HAVE_STRINGS_H 1
| #define HAVE_INTTYPES_H 1
| #define HAVE_STDINT_H 1
| #define HAVE_UNISTD_H 1
| #define __EXTENSIONS__ 1
| #define _ALL_SOURCE 1
| #define _GNU_SOURCE 1
| #define _POSIX_PTHREAD_SEMANTICS 1
| #define _TANDEM_SOURCE 1
| #define SIZEOF_INT 4
| /* end confdefs.h.  */
| #include <stdio.h>
| #ifdef HAVE_SYS_TYPES_H
| # include <sys/types.h>
| #endif
| #ifdef HAVE_SYS_STAT_H
| # include <sys/stat.h>
| #endif
| #ifdef STDC_HEADERS
| # include <stdlib.h>
| # include <stddef.h>
| #else
| # ifdef HAVE_STDLIB_H
| #  include <stdlib.h>
| # endif
| #endif
| #ifdef HAVE_STRING_H
| # if !defined STDC_HEADERS && defined HAVE_MEMORY_H
| #  include <memory.h>
| # endif
| # include <string.h>
| #endif
| #ifdef HAVE_STRINGS_H
| # include <strings.h>
| #endif
| #ifdef HAVE_INTTYPES_H
| # include <inttypes.h>
| #endif
| #ifdef HAVE_STDINT_H
| # include <stdint.h>
| #endif
| #ifdef HAVE_UNISTD_H
| # include <unistd.h>
| #endif
| int
| main ()
| {
| static int test_array [1 - 2 * !(((long int) (sizeof (long))) <= 3)];
| test_array [0] = 0
| 
|   ;
|   return 0;
| }
configure:4269: mipsel-uclibc-gcc -c -I/home/RT-AC54U/asuswrt/release/src-ra-mt7620/router/mipsel-uclibc/stage/usr/include -I/home/RT-AC54U/asuswrt/release/src-ra-mt7620/router/openssl/include  -I/home/RT-AC54U/asuswrt/release/src-ra-mt7620/router/openssl/include -I/home/RT-AC54U/asuswrt/release/src-ra-mt7620/router/libxml2/include  conftest.c >&5
configure:4269: $? = 0
configure:4269: mipsel-uclibc-gcc -c -I/home/RT-AC54U/asuswrt/release/src-ra-mt7620/router/mipsel-uclibc/stage/usr/include -I/home/RT-AC54U/asuswrt/release/src-ra-mt7620/router/openssl/include  -I/home/RT-AC54U/asuswrt/release/src-ra-mt7620/router/openssl/include -I/home/RT-AC54U/asuswrt/release/src-ra-mt7620/router/libxml2/include  conftest.c >&5
configure:4269: $? = 0
configure:4269: mipsel-uclibc-gcc -c -I/home/RT-AC54U/asuswrt/release/src-ra-mt7620/router/mipsel-uclibc/stage/usr/include -I/home/RT-AC54U/asuswrt/release/src-ra-mt7620/router/openssl/include  -I/home/RT-AC54U/asuswrt/release/src-ra-mt7620/router/openssl/include -I/home/RT-AC54U/asuswrt/release/src-ra-mt7620/router/libxml2/include  conftest.c >&5
configure:4269: $? = 0
configure:4283: result: 4
configure:4297: checking size of long long
configure:4302: mipsel-uclibc-gcc -c -I/home/RT-AC54U/asuswrt/release/src-ra-mt7620/router/mipsel-uclibc/stage/usr/include -I/home/RT-AC54U/asuswrt/release/src-ra-mt7620/router/openssl/include  -I/home/RT-AC54U/asuswrt/release/src-ra-mt7620/router/openssl/include -I/home/RT-AC54U/asuswrt/release/src-ra-mt7620/router/libxml2/include  conftest.c >&5
configure:4302: $? = 0
configure:4302: mipsel-uclibc-gcc -c -I/home/RT-AC54U/asuswrt/release/src-ra-mt7620/router/mipsel-uclibc/stage/usr/include -I/home/RT-AC54U/asuswrt/release/src-ra-mt7620/router/openssl/include  -I/home/RT-AC54U/asuswrt/release/src-ra-mt7620/router/openssl/include -I/home/RT-AC54U/asuswrt/release/src-ra-mt7620/router/libxml2/include  conftest.c >&5
conftest.c: In function 'main':
conftest.c:68: error: size of array 'test_array' is negative
configure:4302: $? = 1
configure: failed program was:
| /* confdefs.h */
| #define PACKAGE_NAME "neon"
| #define PACKAGE_TARNAME "neon"
| #define PACKAGE_VERSION "0.29.6"
| #define PACKAGE_STRING "neon 0.29.6"
| #define PACKAGE_BUGREPORT "neon@lists.manyfish.co.uk"
| #define PACKAGE_URL ""
| #define _GNU_SOURCE 1
| #define NEON_IS_LIBRARY 1
| #define NEON_VERSION "0.29.6"
| #define NE_VERSION_MAJOR (0)
| #define NE_VERSION_MINOR (29)
| #define NE_VERSION_PATCH (6)
| #define STDC_HEADERS 1
| #define HAVE_SYS_TYPES_H 1
| #define HAVE_SYS_STAT_H 1
| #define HAVE_STDLIB_H 1
| #define HAVE_STRING_H 1
| #define HAVE_MEMORY_H 1
| #define HAVE_STRINGS_H 1
| #define HAVE_INTTYPES_H 1
| #define HAVE_STDINT_H 1
| #define HAVE_UNISTD_H 1
| #define __EXTENSIONS__ 1
| #define _ALL_SOURCE 1
| #define _GNU_SOURCE 1
| #define _POSIX_PTHREAD_SEMANTICS 1
| #define _TANDEM_SOURCE 1
| #define SIZEOF_INT 4
| #define SIZEOF_LONG 4
| /* end confdefs.h.  */
| #include <stdio.h>
| #ifdef HAVE_SYS_TYPES_H
| # include <sys/types.h>
| #endif
| #ifdef HAVE_SYS_STAT_H
| # include <sys/stat.h>
| #endif
| #ifdef STDC_HEADERS
| # include <stdlib.h>
| # include <stddef.h>
| #else
| # ifdef HAVE_STDLIB_H
| #  include <stdlib.h>
| # endif
| #endif
| #ifdef HAVE_STRING_H
| # if !defined STDC_HEADERS && defined HAVE_MEMORY_H
| #  include <memory.h>
| # endif
| # include <string.h>
| #endif
| #ifdef HAVE_STRINGS_H
| # include <strings.h>
| #endif
| #ifdef HAVE_INTTYPES_H
| # include <inttypes.h>
| #endif
| #ifdef HAVE_STDINT_H
| # include <stdint.h>
| #endif
| #ifdef HAVE_UNISTD_H
| # include <unistd.h>
| #endif
| int
| main ()
| {
| static int test_array [1 - 2 * !(((long int) (sizeof (long long))) <= 0)];
| test_array [0] = 0
| 
|   ;
|   return 0;
| }
configure:4302: mipsel-uclibc-gcc -c -I/home/RT-AC54U/asuswrt/release/src-ra-mt7620/router/mipsel-uclibc/stage/usr/include -I/home/RT-AC54U/asuswrt/release/src-ra-mt7620/router/openssl/include  -I/home/RT-AC54U/asuswrt/release/src-ra-mt7620/router/openssl/include -I/home/RT-AC54U/asuswrt/release/src-ra-mt7620/router/libxml2/include  conftest.c >&5
conftest.c: In function 'main':
conftest.c:68: error: size of array 'test_array' is negative
configure:4302: $? = 1
configure: failed program was:
| /* confdefs.h */
| #define PACKAGE_NAME "neon"
| #define PACKAGE_TARNAME "neon"
| #define PACKAGE_VERSION "0.29.6"
| #define PACKAGE_STRING "neon 0.29.6"
| #define PACKAGE_BUGREPORT "neon@lists.manyfish.co.uk"
| #define PACKAGE_URL ""
| #define _GNU_SOURCE 1
| #define NEON_IS_LIBRARY 1
| #define NEON_VERSION "0.29.6"
| #define NE_VERSION_MAJOR (0)
| #define NE_VERSION_MINOR (29)
| #define NE_VERSION_PATCH (6)
| #define STDC_HEADERS 1
| #define HAVE_SYS_TYPES_H 1
| #define HAVE_SYS_STAT_H 1
| #define HAVE_STDLIB_H 1
| #define HAVE_STRING_H 1
| #define HAVE_MEMORY_H 1
| #define HAVE_STRINGS_H 1
| #define HAVE_INTTYPES_H 1
| #define HAVE_STDINT_H 1
| #define HAVE_UNISTD_H 1
| #define __EXTENSIONS__ 1
| #define _ALL_SOURCE 1
| #define _GNU_SOURCE 1
| #define _POSIX_PTHREAD_SEMANTICS 1
| #define _TANDEM_SOURCE 1
| #define SIZEOF_INT 4
| #define SIZEOF_LONG 4
| /* end confdefs.h.  */
| #include <stdio.h>
| #ifdef HAVE_SYS_TYPES_H
| # include <sys/types.h>
| #endif
| #ifdef HAVE_SYS_STAT_H
| # include <sys/stat.h>
| #endif
| #ifdef STDC_HEADERS
| # include <stdlib.h>
| # include <stddef.h>
| #else
| # ifdef HAVE_STDLIB_H
| #  include <stdlib.h>
| # endif
| #endif
| #ifdef HAVE_STRING_H
| # if !defined STDC_HEADERS && defined HAVE_MEMORY_H
| #  include <memory.h>
| # endif
| # include <string.h>
| #endif
| #ifdef HAVE_STRINGS_H
| # include <strings.h>
| #endif
| #ifdef HAVE_INTTYPES_H
| # include <inttypes.h>
| #endif
| #ifdef HAVE_STDINT_H
| # include <stdint.h>
| #endif
| #ifdef HAVE_UNISTD_H
| # include <unistd.h>
| #endif
| int
| main ()
| {
| static int test_array [1 - 2 * !(((long int) (sizeof (long long))) <= 1)];
| test_array [0] = 0
| 
|   ;
|   return 0;
| }
configure:4302: mipsel-uclibc-gcc -c -I/home/RT-AC54U/asuswrt/release/src-ra-mt7620/router/mipsel-uclibc/stage/usr/include -I/home/RT-AC54U/asuswrt/release/src-ra-mt7620/router/openssl/include  -I/home/RT-AC54U/asuswrt/release/src-ra-mt7620/router/openssl/include -I/home/RT-AC54U/asuswrt/release/src-ra-mt7620/router/libxml2/include  conftest.c >&5
conftest.c: In function 'main':
conftest.c:68: error: size of array 'test_array' is negative
configure:4302: $? = 1
configure: failed program was:
| /* confdefs.h */
| #define PACKAGE_NAME "neon"
| #define PACKAGE_TARNAME "neon"
| #define PACKAGE_VERSION "0.29.6"
| #define PACKAGE_STRING "neon 0.29.6"
| #define PACKAGE_BUGREPORT "neon@lists.manyfish.co.uk"
| #define PACKAGE_URL ""
| #define _GNU_SOURCE 1
| #define NEON_IS_LIBRARY 1
| #define NEON_VERSION "0.29.6"
| #define NE_VERSION_MAJOR (0)
| #define NE_VERSION_MINOR (29)
| #define NE_VERSION_PATCH (6)
| #define STDC_HEADERS 1
| #define HAVE_SYS_TYPES_H 1
| #define HAVE_SYS_STAT_H 1
| #define HAVE_STDLIB_H 1
| #define HAVE_STRING_H 1
| #define HAVE_MEMORY_H 1
| #define HAVE_STRINGS_H 1
| #define HAVE_INTTYPES_H 1
| #define HAVE_STDINT_H 1
| #define HAVE_UNISTD_H 1
| #define __EXTENSIONS__ 1
| #define _ALL_SOURCE 1
| #define _GNU_SOURCE 1
| #define _POSIX_PTHREAD_SEMANTICS 1
| #define _TANDEM_SOURCE 1
| #define SIZEOF_INT 4
| #define SIZEOF_LONG 4
| /* end confdefs.h.  */
| #include <stdio.h>
| #ifdef HAVE_SYS_TYPES_H
| # include <sys/types.h>
| #endif
| #ifdef HAVE_SYS_STAT_H
| # include <sys/stat.h>
| #endif
| #ifdef STDC_HEADERS
| # include <stdlib.h>
| # include <stddef.h>
| #else
| # ifdef HAVE_STDLIB_H
| #  include <stdlib.h>
| # endif
| #endif
| #ifdef HAVE_STRING_H
| # if !defined STDC_HEADERS && defined HAVE_MEMORY_H
| #  include <memory.h>
| # endif
| # include <string.h>
| #endif
| #ifdef HAVE_STRINGS_H
| # include <strings.h>
| #endif
| #ifdef HAVE_INTTYPES_H
| # include <inttypes.h>
| #endif
| #ifdef HAVE_STDINT_H
| # include <stdint.h>
| #endif
| #ifdef HAVE_UNISTD_H
| # include <unistd.h>
| #endif
| int
| main ()
| {
| static int test_array [1 - 2 * !(((long int) (sizeof (long long))) <= 3)];
| test_array [0] = 0
| 
|   ;
|   return 0;
| }
configure:4302: mipsel-uclibc-gcc -c -I/home/RT-AC54U/asuswrt/release/src-ra-mt7620/router/mipsel-uclibc/stage/usr/include -I/home/RT-AC54U/asuswrt/release/src-ra-mt7620/router/openssl/include  -I/home/RT-AC54U/asuswrt/release/src-ra-mt7620/router/openssl/include -I/home/RT-AC54U/asuswrt/release/src-ra-mt7620/router/libxml2/include  conftest.c >&5
conftest.c: In function 'main':
conftest.c:68: error: size of array 'test_array' is negative
configure:4302: $? = 1
configure: failed program was:
| /* confdefs.h */
| #define PACKAGE_NAME "neon"
| #define PACKAGE_TARNAME "neon"
| #define PACKAGE_VERSION "0.29.6"
| #define PACKAGE_STRING "neon 0.29.6"
| #define PACKAGE_BUGREPORT "neon@lists.manyfish.co.uk"
| #define PACKAGE_URL ""
| #define _GNU_SOURCE 1
| #define NEON_IS_LIBRARY 1
| #define NEON_VERSION "0.29.6"
| #define NE_VERSION_MAJOR (0)
| #define NE_VERSION_MINOR (29)
| #define NE_VERSION_PATCH (6)
| #define STDC_HEADERS 1
| #define HAVE_SYS_TYPES_H 1
| #define HAVE_SYS_STAT_H 1
| #define HAVE_STDLIB_H 1
| #define HAVE_STRING_H 1
| #define HAVE_MEMORY_H 1
| #define HAVE_STRINGS_H 1
| #define HAVE_INTTYPES_H 1
| #define HAVE_STDINT_H 1
| #define HAVE_UNISTD_H 1
| #define __EXTENSIONS__ 1
| #define _ALL_SOURCE 1
| #define _GNU_SOURCE 1
| #define _POSIX_PTHREAD_SEMANTICS 1
| #define _TANDEM_SOURCE 1
| #define SIZEOF_INT 4
| #define SIZEOF_LONG 4
| /* end confdefs.h.  */
| #include <stdio.h>
| #ifdef HAVE_SYS_TYPES_H
| # include <sys/types.h>
| #endif
| #ifdef HAVE_SYS_STAT_H
| # include <sys/stat.h>
| #endif
| #ifdef STDC_HEADERS
| # include <stdlib.h>
| # include <stddef.h>
| #else
| # ifdef HAVE_STDLIB_H
| #  include <stdlib.h>
| # endif
| #endif
| #ifdef HAVE_STRING_H
| # if !defined STDC_HEADERS && defined HAVE_MEMORY_H
| #  include <memory.h>
| # endif
| # include <string.h>
| #endif
| #ifdef HAVE_STRINGS_H
| # include <strings.h>
| #endif
| #ifdef HAVE_INTTYPES_H
| # include <inttypes.h>
| #endif
| #ifdef HAVE_STDINT_H
| # include <stdint.h>
| #endif
| #ifdef HAVE_UNISTD_H
| # include <unistd.h>
| #endif
| int
| main ()
| {
| static int test_array [1 - 2 * !(((long int) (sizeof (long long))) <= 7)];
| test_array [0] = 0
| 
|   ;
|   return 0;
| }
configure:4302: mipsel-uclibc-gcc -c -I/home/RT-AC54U/asuswrt/release/src-ra-mt7620/router/mipsel-uclibc/stage/usr/include -I/home/RT-AC54U/asuswrt/release/src-ra-mt7620/router/openssl/include  -I/home/RT-AC54U/asuswrt/release/src-ra-mt7620/router/openssl/include -I/home/RT-AC54U/asuswrt/release/src-ra-mt7620/router/libxml2/include  conftest.c >&5
configure:4302: $? = 0
configure:4302: mipsel-uclibc-gcc -c -I/home/RT-AC54U/asuswrt/release/src-ra-mt7620/router/mipsel-uclibc/stage/usr/include -I/home/RT-AC54U/asuswrt/release/src-ra-mt7620/router/openssl/include  -I/home/RT-AC54U/asuswrt/release/src-ra-mt7620/router/openssl/include -I/home/RT-AC54U/asuswrt/release/src-ra-mt7620/router/libxml2/include  conftest.c >&5
configure:4302: $? = 0
configure:4302: mipsel-uclibc-gcc -c -I/home/RT-AC54U/asuswrt/release/src-ra-mt7620/router/mipsel-uclibc/stage/usr/include -I/home/RT-AC54U/asuswrt/release/src-ra-mt7620/router/openssl/include  -I/home/RT-AC54U/asuswrt/release/src-ra-mt7620/router/openssl/include -I/home/RT-AC54U/asuswrt/release/src-ra-mt7620/router/libxml2/include  conftest.c >&5
configure:4302: $? = 0
configure:4302: mipsel-uclibc-gcc -c -I/home/RT-AC54U/asuswrt/release/src-ra-mt7620/router/mipsel-uclibc/stage/usr/include -I/home/RT-AC54U/asuswrt/release/src-ra-mt7620/router/openssl/include  -I/home/RT-AC54U/asuswrt/release/src-ra-mt7620/router/openssl/include -I/home/RT-AC54U/asuswrt/release/src-ra-mt7620/router/libxml2/include  conftest.c >&5
configure:4302: $? = 0
configure:4316: result: 8
configure:4327: checking for gcc -Wformat -Werror sanity
configure:4348: mipsel-uclibc-gcc -c -I/home/RT-AC54U/asuswrt/release/src-ra-mt7620/router/mipsel-uclibc/stage/usr/include -I/home/RT-AC54U/asuswrt/release/src-ra-mt7620/router/openssl/include  -I/home/RT-AC54U/asuswrt/release/src-ra-mt7620/router/openssl/include -I/home/RT-AC54U/asuswrt/release/src-ra-mt7620/router/libxml2/include  -Wformat -Werror conftest.c >&5
configure:4348: $? = 0
configure:4356: result: yes
configure:4384: checking errno.h usability
configure:4384: mipsel-uclibc-gcc -c -I/home/RT-AC54U/asuswrt/release/src-ra-mt7620/router/mipsel-uclibc/stage/usr/include -I/home/RT-AC54U/asuswrt/release/src-ra-mt7620/router/openssl/include  -I/home/RT-AC54U/asuswrt/release/src-ra-mt7620/router/openssl/include -I/home/RT-AC54U/asuswrt/release/src-ra-mt7620/router/libxml2/include  conftest.c >&5
configure:4384: $? = 0
configure:4384: result: yes
configure:4384: checking errno.h presence
configure:4384: mipsel-uclibc-gcc -E  -I/home/RT-AC54U/asuswrt/release/src-ra-mt7620/router/openssl/include -I/home/RT-AC54U/asuswrt/release/src-ra-mt7620/router/libxml2/include  conftest.c
configure:4384: $? = 0
configure:4384: result: yes
configure:4384: checking for errno.h
configure:4384: result: yes
configure:4384: checking stdarg.h usability
configure:4384: mipsel-uclibc-gcc -c -I/home/RT-AC54U/asuswrt/release/src-ra-mt7620/router/mipsel-uclibc/stage/usr/include -I/home/RT-AC54U/asuswrt/release/src-ra-mt7620/router/openssl/include  -I/home/RT-AC54U/asuswrt/release/src-ra-mt7620/router/openssl/include -I/home/RT-AC54U/asuswrt/release/src-ra-mt7620/router/libxml2/include  conftest.c >&5
configure:4384: $? = 0
configure:4384: result: yes
configure:4384: checking stdarg.h presence
configure:4384: mipsel-uclibc-gcc -E  -I/home/RT-AC54U/asuswrt/release/src-ra-mt7620/router/openssl/include -I/home/RT-AC54U/asuswrt/release/src-ra-mt7620/router/libxml2/include  conftest.c
configure:4384: $? = 0
configure:4384: result: yes
configure:4384: checking for stdarg.h
configure:4384: result: yes
configure:4384: checking for string.h
configure:4384: result: yes
configure:4384: checking for stdlib.h
configure:4384: result: yes
configure:4403: checking size of size_t
configure:4408: mipsel-uclibc-gcc -c -I/home/RT-AC54U/asuswrt/release/src-ra-mt7620/router/mipsel-uclibc/stage/usr/include -I/home/RT-AC54U/asuswrt/release/src-ra-mt7620/router/openssl/include  -I/home/RT-AC54U/asuswrt/release/src-ra-mt7620/router/openssl/include -I/home/RT-AC54U/asuswrt/release/src-ra-mt7620/router/libxml2/include  conftest.c >&5
configure:4408: $? = 0
configure:4408: mipsel-uclibc-gcc -c -I/home/RT-AC54U/asuswrt/release/src-ra-mt7620/router/mipsel-uclibc/stage/usr/include -I/home/RT-AC54U/asuswrt/release/src-ra-mt7620/router/openssl/include  -I/home/RT-AC54U/asuswrt/release/src-ra-mt7620/router/openssl/include -I/home/RT-AC54U/asuswrt/release/src-ra-mt7620/router/libxml2/include  conftest.c >&5
conftest.c: In function 'main':
conftest.c:75: error: size of array 'test_array' is negative
configure:4408: $? = 1
configure: failed program was:
| /* confdefs.h */
| #define PACKAGE_NAME "neon"
| #define PACKAGE_TARNAME "neon"
| #define PACKAGE_VERSION "0.29.6"
| #define PACKAGE_STRING "neon 0.29.6"
| #define PACKAGE_BUGREPORT "neon@lists.manyfish.co.uk"
| #define PACKAGE_URL ""
| #define _GNU_SOURCE 1
| #define NEON_IS_LIBRARY 1
| #define NEON_VERSION "0.29.6"
| #define NE_VERSION_MAJOR (0)
| #define NE_VERSION_MINOR (29)
| #define NE_VERSION_PATCH (6)
| #define STDC_HEADERS 1
| #define HAVE_SYS_TYPES_H 1
| #define HAVE_SYS_STAT_H 1
| #define HAVE_STDLIB_H 1
| #define HAVE_STRING_H 1
| #define HAVE_MEMORY_H 1
| #define HAVE_STRINGS_H 1
| #define HAVE_INTTYPES_H 1
| #define HAVE_STDINT_H 1
| #define HAVE_UNISTD_H 1
| #define __EXTENSIONS__ 1
| #define _ALL_SOURCE 1
| #define _GNU_SOURCE 1
| #define _POSIX_PTHREAD_SEMANTICS 1
| #define _TANDEM_SOURCE 1
| #define SIZEOF_INT 4
| #define SIZEOF_LONG 4
| #define SIZEOF_LONG_LONG 8
| #define HAVE_ERRNO_H 1
| #define HAVE_STDARG_H 1
| #define HAVE_STRING_H 1
| #define HAVE_STDLIB_H 1
| /* end confdefs.h.  */
| #include <stdio.h>
| #ifdef HAVE_SYS_TYPES_H
| # include <sys/types.h>
| #endif
| #ifdef HAVE_SYS_STAT_H
| # include <sys/stat.h>
| #endif
| #ifdef STDC_HEADERS
| # include <stdlib.h>
| # include <stddef.h>
| #else
| # ifdef HAVE_STDLIB_H
| #  include <stdlib.h>
| # endif
| #endif
| #ifdef HAVE_STRING_H
| # if !defined STDC_HEADERS && defined HAVE_MEMORY_H
| #  include <memory.h>
| # endif
| # include <string.h>
| #endif
| #ifdef HAVE_STRINGS_H
| # include <strings.h>
| #endif
| #ifdef HAVE_INTTYPES_H
| # include <inttypes.h>
| #endif
| #ifdef HAVE_STDINT_H
| # include <stdint.h>
| #endif
| #ifdef HAVE_UNISTD_H
| # include <unistd.h>
| #endif
| 
| 
| int
| main ()
| {
| static int test_array [1 - 2 * !(((long int) (sizeof (size_t))) <= 0)];
| test_array [0] = 0
| 
|   ;
|   return 0;
| }
configure:4408: mipsel-uclibc-gcc -c -I/home/RT-AC54U/asuswrt/release/src-ra-mt7620/router/mipsel-uclibc/stage/usr/include -I/home/RT-AC54U/asuswrt/release/src-ra-mt7620/router/openssl/include  -I/home/RT-AC54U/asuswrt/release/src-ra-mt7620/router/openssl/include -I/home/RT-AC54U/asuswrt/release/src-ra-mt7620/router/libxml2/include  conftest.c >&5
conftest.c: In function 'main':
conftest.c:75: error: size of array 'test_array' is negative
configure:4408: $? = 1
configure: failed program was:
| /* confdefs.h */
| #define PACKAGE_NAME "neon"
| #define PACKAGE_TARNAME "neon"
| #define PACKAGE_VERSION "0.29.6"
| #define PACKAGE_STRING "neon 0.29.6"
| #define PACKAGE_BUGREPORT "neon@lists.manyfish.co.uk"
| #define PACKAGE_URL ""
| #define _GNU_SOURCE 1
| #define NEON_IS_LIBRARY 1
| #define NEON_VERSION "0.29.6"
| #define NE_VERSION_MAJOR (0)
| #define NE_VERSION_MINOR (29)
| #define NE_VERSION_PATCH (6)
| #define STDC_HEADERS 1
| #define HAVE_SYS_TYPES_H 1
| #define HAVE_SYS_STAT_H 1
| #define HAVE_STDLIB_H 1
| #define HAVE_STRING_H 1
| #define HAVE_MEMORY_H 1
| #define HAVE_STRINGS_H 1
| #define HAVE_INTTYPES_H 1
| #define HAVE_STDINT_H 1
| #define HAVE_UNISTD_H 1
| #define __EXTENSIONS__ 1
| #define _ALL_SOURCE 1
| #define _GNU_SOURCE 1
| #define _POSIX_PTHREAD_SEMANTICS 1
| #define _TANDEM_SOURCE 1
| #define SIZEOF_INT 4
| #define SIZEOF_LONG 4
| #define SIZEOF_LONG_LONG 8
| #define HAVE_ERRNO_H 1
| #define HAVE_STDARG_H 1
| #define HAVE_STRING_H 1
| #define HAVE_STDLIB_H 1
| /* end confdefs.h.  */
| #include <stdio.h>
| #ifdef HAVE_SYS_TYPES_H
| # include <sys/types.h>
| #endif
| #ifdef HAVE_SYS_STAT_H
| # include <sys/stat.h>
| #endif
| #ifdef STDC_HEADERS
| # include <stdlib.h>
| # include <stddef.h>
| #else
| # ifdef HAVE_STDLIB_H
| #  include <stdlib.h>
| # endif
| #endif
| #ifdef HAVE_STRING_H
| # if !defined STDC_HEADERS && defined HAVE_MEMORY_H
| #  include <memory.h>
| # endif
| # include <string.h>
| #endif
| #ifdef HAVE_STRINGS_H
| # include <strings.h>
| #endif
| #ifdef HAVE_INTTYPES_H
| # include <inttypes.h>
| #endif
| #ifdef HAVE_STDINT_H
| # include <stdint.h>
| #endif
| #ifdef HAVE_UNISTD_H
| # include <unistd.h>
| #endif
| 
| 
| int
| main ()
| {
| static int test_array [1 - 2 * !(((long int) (sizeof (size_t))) <= 1)];
| test_array [0] = 0
| 
|   ;
|   return 0;
| }
configure:4408: mipsel-uclibc-gcc -c -I/home/RT-AC54U/asuswrt/release/src-ra-mt7620/router/mipsel-uclibc/stage/usr/include -I/home/RT-AC54U/asuswrt/release/src-ra-mt7620/router/openssl/include  -I/home/RT-AC54U/asuswrt/release/src-ra-mt7620/router/openssl/include -I/home/RT-AC54U/asuswrt/release/src-ra-mt7620/router/libxml2/include  conftest.c >&5
conftest.c: In function 'main':
conftest.c:75: error: size of array 'test_array' is negative
configure:4408: $? = 1
configure: failed program was:
| /* confdefs.h */
| #define PACKAGE_NAME "neon"
| #define PACKAGE_TARNAME "neon"
| #define PACKAGE_VERSION "0.29.6"
| #define PACKAGE_STRING "neon 0.29.6"
| #define PACKAGE_BUGREPORT "neon@lists.manyfish.co.uk"
| #define PACKAGE_URL ""
| #define _GNU_SOURCE 1
| #define NEON_IS_LIBRARY 1
| #define NEON_VERSION "0.29.6"
| #define NE_VERSION_MAJOR (0)
| #define NE_VERSION_MINOR (29)
| #define NE_VERSION_PATCH (6)
| #define STDC_HEADERS 1
| #define HAVE_SYS_TYPES_H 1
| #define HAVE_SYS_STAT_H 1
| #define HAVE_STDLIB_H 1
| #define HAVE_STRING_H 1
| #define HAVE_MEMORY_H 1
| #define HAVE_STRINGS_H 1
| #define HAVE_INTTYPES_H 1
| #define HAVE_STDINT_H 1
| #define HAVE_UNISTD_H 1
| #define __EXTENSIONS__ 1
| #define _ALL_SOURCE 1
| #define _GNU_SOURCE 1
| #define _POSIX_PTHREAD_SEMANTICS 1
| #define _TANDEM_SOURCE 1
| #define SIZEOF_INT 4
| #define SIZEOF_LONG 4
| #define SIZEOF_LONG_LONG 8
| #define HAVE_ERRNO_H 1
| #define HAVE_STDARG_H 1
| #define HAVE_STRING_H 1
| #define HAVE_STDLIB_H 1
| /* end confdefs.h.  */
| #include <stdio.h>
| #ifdef HAVE_SYS_TYPES_H
| # include <sys/types.h>
| #endif
| #ifdef HAVE_SYS_STAT_H
| # include <sys/stat.h>
| #endif
| #ifdef STDC_HEADERS
| # include <stdlib.h>
| # include <stddef.h>
| #else
| # ifdef HAVE_STDLIB_H
| #  include <stdlib.h>
| # endif
| #endif
| #ifdef HAVE_STRING_H
| # if !defined STDC_HEADERS && defined HAVE_MEMORY_H
| #  include <memory.h>
| # endif
| # include <string.h>
| #endif
| #ifdef HAVE_STRINGS_H
| # include <strings.h>
| #endif
| #ifdef HAVE_INTTYPES_H
| # include <inttypes.h>
| #endif
| #ifdef HAVE_STDINT_H
| # include <stdint.h>
| #endif
| #ifdef HAVE_UNISTD_H
| # include <unistd.h>
| #endif
| 
| 
| int
| main ()
| {
| static int test_array [1 - 2 * !(((long int) (sizeof (size_t))) <= 3)];
| test_array [0] = 0
| 
|   ;
|   return 0;
| }
configure:4408: mipsel-uclibc-gcc -c -I/home/RT-AC54U/asuswrt/release/src-ra-mt7620/router/mipsel-uclibc/stage/usr/include -I/home/RT-AC54U/asuswrt/release/src-ra-mt7620/router/openssl/include  -I/home/RT-AC54U/asuswrt/release/src-ra-mt7620/router/openssl/include -I/home/RT-AC54U/asuswrt/release/src-ra-mt7620/router/libxml2/include  conftest.c >&5
configure:4408: $? = 0
configure:4408: mipsel-uclibc-gcc -c -I/home/RT-AC54U/asuswrt/release/src-ra-mt7620/router/mipsel-uclibc/stage/usr/include -I/home/RT-AC54U/asuswrt/release/src-ra-mt7620/router/openssl/include  -I/home/RT-AC54U/asuswrt/release/src-ra-mt7620/router/openssl/include -I/home/RT-AC54U/asuswrt/release/src-ra-mt7620/router/libxml2/include  conftest.c >&5
configure:4408: $? = 0
configure:4408: mipsel-uclibc-gcc -c -I/home/RT-AC54U/asuswrt/release/src-ra-mt7620/router/mipsel-uclibc/stage/usr/include -I/home/RT-AC54U/asuswrt/release/src-ra-mt7620/router/openssl/include  -I/home/RT-AC54U/asuswrt/release/src-ra-mt7620/router/openssl/include -I/home/RT-AC54U/asuswrt/release/src-ra-mt7620/router/libxml2/include  conftest.c >&5
configure:4408: $? = 0
configure:4424: result: 4
configure:4439: checking how to print size_t
configure:4464: mipsel-uclibc-gcc -c -I/home/RT-AC54U/asuswrt/release/src-ra-mt7620/router/mipsel-uclibc/stage/usr/include -I/home/RT-AC54U/asuswrt/release/src-ra-mt7620/router/openssl/include  -I/home/RT-AC54U/asuswrt/release/src-ra-mt7620/router/openssl/include -I/home/RT-AC54U/asuswrt/release/src-ra-mt7620/router/libxml2/include  -Wformat -Werror conftest.c >&5
configure:4464: $? = 0
configure:4481: result: u
configure:4501: checking size of off_t
configure:4506: mipsel-uclibc-gcc -c -I/home/RT-AC54U/asuswrt/release/src-ra-mt7620/router/mipsel-uclibc/stage/usr/include -I/home/RT-AC54U/asuswrt/release/src-ra-mt7620/router/openssl/include  -I/home/RT-AC54U/asuswrt/release/src-ra-mt7620/router/openssl/include -I/home/RT-AC54U/asuswrt/release/src-ra-mt7620/router/libxml2/include  conftest.c >&5
configure:4506: $? = 0
configure:4506: mipsel-uclibc-gcc -c -I/home/RT-AC54U/asuswrt/release/src-ra-mt7620/router/mipsel-uclibc/stage/usr/include -I/home/RT-AC54U/asuswrt/release/src-ra-mt7620/router/openssl/include  -I/home/RT-AC54U/asuswrt/release/src-ra-mt7620/router/openssl/include -I/home/RT-AC54U/asuswrt/release/src-ra-mt7620/router/libxml2/include  conftest.c >&5
conftest.c: In function 'main':
conftest.c:77: error: size of array 'test_array' is negative
configure:4506: $? = 1
configure: failed program was:
| /* confdefs.h */
| #define PACKAGE_NAME "neon"
| #define PACKAGE_TARNAME "neon"
| #define PACKAGE_VERSION "0.29.6"
| #define PACKAGE_STRING "neon 0.29.6"
| #define PACKAGE_BUGREPORT "neon@lists.manyfish.co.uk"
| #define PACKAGE_URL ""
| #define _GNU_SOURCE 1
| #define NEON_IS_LIBRARY 1
| #define NEON_VERSION "0.29.6"
| #define NE_VERSION_MAJOR (0)
| #define NE_VERSION_MINOR (29)
| #define NE_VERSION_PATCH (6)
| #define STDC_HEADERS 1
| #define HAVE_SYS_TYPES_H 1
| #define HAVE_SYS_STAT_H 1
| #define HAVE_STDLIB_H 1
| #define HAVE_STRING_H 1
| #define HAVE_MEMORY_H 1
| #define HAVE_STRINGS_H 1
| #define HAVE_INTTYPES_H 1
| #define HAVE_STDINT_H 1
| #define HAVE_UNISTD_H 1
| #define __EXTENSIONS__ 1
| #define _ALL_SOURCE 1
| #define _GNU_SOURCE 1
| #define _POSIX_PTHREAD_SEMANTICS 1
| #define _TANDEM_SOURCE 1
| #define SIZEOF_INT 4
| #define SIZEOF_LONG 4
| #define SIZEOF_LONG_LONG 8
| #define HAVE_ERRNO_H 1
| #define HAVE_STDARG_H 1
| #define HAVE_STRING_H 1
| #define HAVE_STDLIB_H 1
| #define SIZEOF_SIZE_T 4
| #define NE_FMT_SIZE_T "u"
| /* end confdefs.h.  */
| #include <stdio.h>
| #ifdef HAVE_SYS_TYPES_H
| # include <sys/types.h>
| #endif
| #ifdef HAVE_SYS_STAT_H
| # include <sys/stat.h>
| #endif
| #ifdef STDC_HEADERS
| # include <stdlib.h>
| # include <stddef.h>
| #else
| # ifdef HAVE_STDLIB_H
| #  include <stdlib.h>
| # endif
| #endif
| #ifdef HAVE_STRING_H
| # if !defined STDC_HEADERS && defined HAVE_MEMORY_H
| #  include <memory.h>
| # endif
| # include <string.h>
| #endif
| #ifdef HAVE_STRINGS_H
| # include <strings.h>
| #endif
| #ifdef HAVE_INTTYPES_H
| # include <inttypes.h>
| #endif
| #ifdef HAVE_STDINT_H
| # include <stdint.h>
| #endif
| #ifdef HAVE_UNISTD_H
| # include <unistd.h>
| #endif
| 
| 
| int
| main ()
| {
| static int test_array [1 - 2 * !(((long int) (sizeof (off_t))) <= 0)];
| test_array [0] = 0
| 
|   ;
|   return 0;
| }
configure:4506: mipsel-uclibc-gcc -c -I/home/RT-AC54U/asuswrt/release/src-ra-mt7620/router/mipsel-uclibc/stage/usr/include -I/home/RT-AC54U/asuswrt/release/src-ra-mt7620/router/openssl/include  -I/home/RT-AC54U/asuswrt/release/src-ra-mt7620/router/openssl/include -I/home/RT-AC54U/asuswrt/release/src-ra-mt7620/router/libxml2/include  conftest.c >&5
conftest.c: In function 'main':
conftest.c:77: error: size of array 'test_array' is negative
configure:4506: $? = 1
configure: failed program was:
| /* confdefs.h */
| #define PACKAGE_NAME "neon"
| #define PACKAGE_TARNAME "neon"
| #define PACKAGE_VERSION "0.29.6"
| #define PACKAGE_STRING "neon 0.29.6"
| #define PACKAGE_BUGREPORT "neon@lists.manyfish.co.uk"
| #define PACKAGE_URL ""
| #define _GNU_SOURCE 1
| #define NEON_IS_LIBRARY 1
| #define NEON_VERSION "0.29.6"
| #define NE_VERSION_MAJOR (0)
| #define NE_VERSION_MINOR (29)
| #define NE_VERSION_PATCH (6)
| #define STDC_HEADERS 1
| #define HAVE_SYS_TYPES_H 1
| #define HAVE_SYS_STAT_H 1
| #define HAVE_STDLIB_H 1
| #define HAVE_STRING_H 1
| #define HAVE_MEMORY_H 1
| #define HAVE_STRINGS_H 1
| #define HAVE_INTTYPES_H 1
| #define HAVE_STDINT_H 1
| #define HAVE_UNISTD_H 1
| #define __EXTENSIONS__ 1
| #define _ALL_SOURCE 1
| #define _GNU_SOURCE 1
| #define _POSIX_PTHREAD_SEMANTICS 1
| #define _TANDEM_SOURCE 1
| #define SIZEOF_INT 4
| #define SIZEOF_LONG 4
| #define SIZEOF_LONG_LONG 8
| #define HAVE_ERRNO_H 1
| #define HAVE_STDARG_H 1
| #define HAVE_STRING_H 1
| #define HAVE_STDLIB_H 1
| #define SIZEOF_SIZE_T 4
| #define NE_FMT_SIZE_T "u"
| /* end confdefs.h.  */
| #include <stdio.h>
| #ifdef HAVE_SYS_TYPES_H
| # include <sys/types.h>
| #endif
| #ifdef HAVE_SYS_STAT_H
| # include <sys/stat.h>
| #endif
| #ifdef STDC_HEADERS
| # include <stdlib.h>
| # include <stddef.h>
| #else
| # ifdef HAVE_STDLIB_H
| #  include <stdlib.h>
| # endif
| #endif
| #ifdef HAVE_STRING_H
| # if !defined STDC_HEADERS && defined HAVE_MEMORY_H
| #  include <memory.h>
| # endif
| # include <string.h>
| #endif
| #ifdef HAVE_STRINGS_H
| # include <strings.h>
| #endif
| #ifdef HAVE_INTTYPES_H
| # include <inttypes.h>
| #endif
| #ifdef HAVE_STDINT_H
| # include <stdint.h>
| #endif
| #ifdef HAVE_UNISTD_H
| # include <unistd.h>
| #endif
| 
| 
| int
| main ()
| {
| static int test_array [1 - 2 * !(((long int) (sizeof (off_t))) <= 1)];
| test_array [0] = 0
| 
|   ;
|   return 0;
| }
configure:4506: mipsel-uclibc-gcc -c -I/home/RT-AC54U/asuswrt/release/src-ra-mt7620/router/mipsel-uclibc/stage/usr/include -I/home/RT-AC54U/asuswrt/release/src-ra-mt7620/router/openssl/include  -I/home/RT-AC54U/asuswrt/release/src-ra-mt7620/router/openssl/include -I/home/RT-AC54U/asuswrt/release/src-ra-mt7620/router/libxml2/include  conftest.c >&5
conftest.c: In function 'main':
conftest.c:77: error: size of array 'test_array' is negative
configure:4506: $? = 1
configure: failed program was:
| /* confdefs.h */
| #define PACKAGE_NAME "neon"
| #define PACKAGE_TARNAME "neon"
| #define PACKAGE_VERSION "0.29.6"
| #define PACKAGE_STRING "neon 0.29.6"
| #define PACKAGE_BUGREPORT "neon@lists.manyfish.co.uk"
| #define PACKAGE_URL ""
| #define _GNU_SOURCE 1
| #define NEON_IS_LIBRARY 1
| #define NEON_VERSION "0.29.6"
| #define NE_VERSION_MAJOR (0)
| #define NE_VERSION_MINOR (29)
| #define NE_VERSION_PATCH (6)
| #define STDC_HEADERS 1
| #define HAVE_SYS_TYPES_H 1
| #define HAVE_SYS_STAT_H 1
| #define HAVE_STDLIB_H 1
| #define HAVE_STRING_H 1
| #define HAVE_MEMORY_H 1
| #define HAVE_STRINGS_H 1
| #define HAVE_INTTYPES_H 1
| #define HAVE_STDINT_H 1
| #define HAVE_UNISTD_H 1
| #define __EXTENSIONS__ 1
| #define _ALL_SOURCE 1
| #define _GNU_SOURCE 1
| #define _POSIX_PTHREAD_SEMANTICS 1
| #define _TANDEM_SOURCE 1
| #define SIZEOF_INT 4
| #define SIZEOF_LONG 4
| #define SIZEOF_LONG_LONG 8
| #define HAVE_ERRNO_H 1
| #define HAVE_STDARG_H 1
| #define HAVE_STRING_H 1
| #define HAVE_STDLIB_H 1
| #define SIZEOF_SIZE_T 4
| #define NE_FMT_SIZE_T "u"
| /* end confdefs.h.  */
| #include <stdio.h>
| #ifdef HAVE_SYS_TYPES_H
| # include <sys/types.h>
| #endif
| #ifdef HAVE_SYS_STAT_H
| # include <sys/stat.h>
| #endif
| #ifdef STDC_HEADERS
| # include <stdlib.h>
| # include <stddef.h>
| #else
| # ifdef HAVE_STDLIB_H
| #  include <stdlib.h>
| # endif
| #endif
| #ifdef HAVE_STRING_H
| # if !defined STDC_HEADERS && defined HAVE_MEMORY_H
| #  include <memory.h>
| # endif
| # include <string.h>
| #endif
| #ifdef HAVE_STRINGS_H
| # include <strings.h>
| #endif
| #ifdef HAVE_INTTYPES_H
| # include <inttypes.h>
| #endif
| #ifdef HAVE_STDINT_H
| # include <stdint.h>
| #endif
| #ifdef HAVE_UNISTD_H
| # include <unistd.h>
| #endif
| 
| 
| int
| main ()
| {
| static int test_array [1 - 2 * !(((long int) (sizeof (off_t))) <= 3)];
| test_array [0] = 0
| 
|   ;
|   return 0;
| }
configure:4506: mipsel-uclibc-gcc -c -I/home/RT-AC54U/asuswrt/release/src-ra-mt7620/router/mipsel-uclibc/stage/usr/include -I/home/RT-AC54U/asuswrt/release/src-ra-mt7620/router/openssl/include  -I/home/RT-AC54U/asuswrt/release/src-ra-mt7620/router/openssl/include -I/home/RT-AC54U/asuswrt/release/src-ra-mt7620/router/libxml2/include  conftest.c >&5
configure:4506: $? = 0
configure:4506: mipsel-uclibc-gcc -c -I/home/RT-AC54U/asuswrt/release/src-ra-mt7620/router/mipsel-uclibc/stage/usr/include -I/home/RT-AC54U/asuswrt/release/src-ra-mt7620/router/openssl/include  -I/home/RT-AC54U/asuswrt/release/src-ra-mt7620/router/openssl/include -I/home/RT-AC54U/asuswrt/release/src-ra-mt7620/router/libxml2/include  conftest.c >&5
configure:4506: $? = 0
configure:4506: mipsel-uclibc-gcc -c -I/home/RT-AC54U/asuswrt/release/src-ra-mt7620/router/mipsel-uclibc/stage/usr/include -I/home/RT-AC54U/asuswrt/release/src-ra-mt7620/router/openssl/include  -I/home/RT-AC54U/asuswrt/release/src-ra-mt7620/router/openssl/include -I/home/RT-AC54U/asuswrt/release/src-ra-mt7620/router/libxml2/include  conftest.c >&5
configure:4506: $? = 0
configure:4522: result: 4
configure:4537: checking how to print off_t
configure:4562: mipsel-uclibc-gcc -c -I/home/RT-AC54U/asuswrt/release/src-ra-mt7620/router/mipsel-uclibc/stage/usr/include -I/home/RT-AC54U/asuswrt/release/src-ra-mt7620/router/openssl/include  -I/home/RT-AC54U/asuswrt/release/src-ra-mt7620/router/openssl/include -I/home/RT-AC54U/asuswrt/release/src-ra-mt7620/router/libxml2/include  -Wformat -Werror conftest.c >&5
cc1: warnings being treated as errors
conftest.c: In function 'main':
conftest.c:46: warning: format '%d' expects type 'int', but argument 2 has type 'off_t'
configure:4562: $? = 1
configure: failed program was:
| /* confdefs.h */
| #define PACKAGE_NAME "neon"
| #define PACKAGE_TARNAME "neon"
| #define PACKAGE_VERSION "0.29.6"
| #define PACKAGE_STRING "neon 0.29.6"
| #define PACKAGE_BUGREPORT "neon@lists.manyfish.co.uk"
| #define PACKAGE_URL ""
| #define _GNU_SOURCE 1
| #define NEON_IS_LIBRARY 1
| #define NEON_VERSION "0.29.6"
| #define NE_VERSION_MAJOR (0)
| #define NE_VERSION_MINOR (29)
| #define NE_VERSION_PATCH (6)
| #define STDC_HEADERS 1
| #define HAVE_SYS_TYPES_H 1
| #define HAVE_SYS_STAT_H 1
| #define HAVE_STDLIB_H 1
| #define HAVE_STRING_H 1
| #define HAVE_MEMORY_H 1
| #define HAVE_STRINGS_H 1
| #define HAVE_INTTYPES_H 1
| #define HAVE_STDINT_H 1
| #define HAVE_UNISTD_H 1
| #define __EXTENSIONS__ 1
| #define _ALL_SOURCE 1
| #define _GNU_SOURCE 1
| #define _POSIX_PTHREAD_SEMANTICS 1
| #define _TANDEM_SOURCE 1
| #define SIZEOF_INT 4
| #define SIZEOF_LONG 4
| #define SIZEOF_LONG_LONG 8
| #define HAVE_ERRNO_H 1
| #define HAVE_STDARG_H 1
| #define HAVE_STRING_H 1
| #define HAVE_STDLIB_H 1
| #define SIZEOF_SIZE_T 4
| #define NE_FMT_SIZE_T "u"
| #define SIZEOF_OFF_T 4
| /* end confdefs.h.  */
| #include <sys/types.h>
| 
| #include <stdio.h>
| int
| main ()
| {
| off_t i = 1; printf("%d", i);
|   ;
|   return 0;
| }
configure:4562: mipsel-uclibc-gcc -c -I/home/RT-AC54U/asuswrt/release/src-ra-mt7620/router/mipsel-uclibc/stage/usr/include -I/home/RT-AC54U/asuswrt/release/src-ra-mt7620/router/openssl/include  -I/home/RT-AC54U/asuswrt/release/src-ra-mt7620/router/openssl/include -I/home/RT-AC54U/asuswrt/release/src-ra-mt7620/router/libxml2/include  -Wformat -Werror conftest.c >&5
configure:4562: $? = 0
configure:4579: result: ld
configure:4600: checking size of ssize_t
configure:4605: mipsel-uclibc-gcc -c -I/home/RT-AC54U/asuswrt/release/src-ra-mt7620/router/mipsel-uclibc/stage/usr/include -I/home/RT-AC54U/asuswrt/release/src-ra-mt7620/router/openssl/include  -I/home/RT-AC54U/asuswrt/release/src-ra-mt7620/router/openssl/include -I/home/RT-AC54U/asuswrt/release/src-ra-mt7620/router/libxml2/include  conftest.c >&5
configure:4605: $? = 0
configure:4605: mipsel-uclibc-gcc -c -I/home/RT-AC54U/asuswrt/release/src-ra-mt7620/router/mipsel-uclibc/stage/usr/include -I/home/RT-AC54U/asuswrt/release/src-ra-mt7620/router/openssl/include  -I/home/RT-AC54U/asuswrt/release/src-ra-mt7620/router/openssl/include -I/home/RT-AC54U/asuswrt/release/src-ra-mt7620/router/libxml2/include  conftest.c >&5
conftest.c: In function 'main':
conftest.c:79: error: size of array 'test_array' is negative
configure:4605: $? = 1
configure: failed program was:
| /* confdefs.h */
| #define PACKAGE_NAME "neon"
| #define PACKAGE_TARNAME "neon"
| #define PACKAGE_VERSION "0.29.6"
| #define PACKAGE_STRING "neon 0.29.6"
| #define PACKAGE_BUGREPORT "neon@lists.manyfish.co.uk"
| #define PACKAGE_URL ""
| #define _GNU_SOURCE 1
| #define NEON_IS_LIBRARY 1
| #define NEON_VERSION "0.29.6"
| #define NE_VERSION_MAJOR (0)
| #define NE_VERSION_MINOR (29)
| #define NE_VERSION_PATCH (6)
| #define STDC_HEADERS 1
| #define HAVE_SYS_TYPES_H 1
| #define HAVE_SYS_STAT_H 1
| #define HAVE_STDLIB_H 1
| #define HAVE_STRING_H 1
| #define HAVE_MEMORY_H 1
| #define HAVE_STRINGS_H 1
| #define HAVE_INTTYPES_H 1
| #define HAVE_STDINT_H 1
| #define HAVE_UNISTD_H 1
| #define __EXTENSIONS__ 1
| #define _ALL_SOURCE 1
| #define _GNU_SOURCE 1
| #define _POSIX_PTHREAD_SEMANTICS 1
| #define _TANDEM_SOURCE 1
| #define SIZEOF_INT 4
| #define SIZEOF_LONG 4
| #define SIZEOF_LONG_LONG 8
| #define HAVE_ERRNO_H 1
| #define HAVE_STDARG_H 1
| #define HAVE_STRING_H 1
| #define HAVE_STDLIB_H 1
| #define SIZEOF_SIZE_T 4
| #define NE_FMT_SIZE_T "u"
| #define SIZEOF_OFF_T 4
| #define NE_FMT_OFF_T "ld"
| /* end confdefs.h.  */
| #include <stdio.h>
| #ifdef HAVE_SYS_TYPES_H
| # include <sys/types.h>
| #endif
| #ifdef HAVE_SYS_STAT_H
| # include <sys/stat.h>
| #endif
| #ifdef STDC_HEADERS
| # include <stdlib.h>
| # include <stddef.h>
| #else
| # ifdef HAVE_STDLIB_H
| #  include <stdlib.h>
| # endif
| #endif
| #ifdef HAVE_STRING_H
| # if !defined STDC_HEADERS && defined HAVE_MEMORY_H
| #  include <memory.h>
| # endif
| # include <string.h>
| #endif
| #ifdef HAVE_STRINGS_H
| # include <strings.h>
| #endif
| #ifdef HAVE_INTTYPES_H
| # include <inttypes.h>
| #endif
| #ifdef HAVE_STDINT_H
| # include <stdint.h>
| #endif
| #ifdef HAVE_UNISTD_H
| # include <unistd.h>
| #endif
| 
| 
| int
| main ()
| {
| static int test_array [1 - 2 * !(((long int) (sizeof (ssize_t))) <= 0)];
| test_array [0] = 0
| 
|   ;
|   return 0;
| }
configure:4605: mipsel-uclibc-gcc -c -I/home/RT-AC54U/asuswrt/release/src-ra-mt7620/router/mipsel-uclibc/stage/usr/include -I/home/RT-AC54U/asuswrt/release/src-ra-mt7620/router/openssl/include  -I/home/RT-AC54U/asuswrt/release/src-ra-mt7620/router/openssl/include -I/home/RT-AC54U/asuswrt/release/src-ra-mt7620/router/libxml2/include  conftest.c >&5
conftest.c: In function 'main':
conftest.c:79: error: size of array 'test_array' is negative
configure:4605: $? = 1
configure: failed program was:
| /* confdefs.h */
| #define PACKAGE_NAME "neon"
| #define PACKAGE_TARNAME "neon"
| #define PACKAGE_VERSION "0.29.6"
| #define PACKAGE_STRING "neon 0.29.6"
| #define PACKAGE_BUGREPORT "neon@lists.manyfish.co.uk"
| #define PACKAGE_URL ""
| #define _GNU_SOURCE 1
| #define NEON_IS_LIBRARY 1
| #define NEON_VERSION "0.29.6"
| #define NE_VERSION_MAJOR (0)
| #define NE_VERSION_MINOR (29)
| #define NE_VERSION_PATCH (6)
| #define STDC_HEADERS 1
| #define HAVE_SYS_TYPES_H 1
| #define HAVE_SYS_STAT_H 1
| #define HAVE_STDLIB_H 1
| #define HAVE_STRING_H 1
| #define HAVE_MEMORY_H 1
| #define HAVE_STRINGS_H 1
| #define HAVE_INTTYPES_H 1
| #define HAVE_STDINT_H 1
| #define HAVE_UNISTD_H 1
| #define __EXTENSIONS__ 1
| #define _ALL_SOURCE 1
| #define _GNU_SOURCE 1
| #define _POSIX_PTHREAD_SEMANTICS 1
| #define _TANDEM_SOURCE 1
| #define SIZEOF_INT 4
| #define SIZEOF_LONG 4
| #define SIZEOF_LONG_LONG 8
| #define HAVE_ERRNO_H 1
| #define HAVE_STDARG_H 1
| #define HAVE_STRING_H 1
| #define HAVE_STDLIB_H 1
| #define SIZEOF_SIZE_T 4
| #define NE_FMT_SIZE_T "u"
| #define SIZEOF_OFF_T 4
| #define NE_FMT_OFF_T "ld"
| /* end confdefs.h.  */
| #include <stdio.h>
| #ifdef HAVE_SYS_TYPES_H
| # include <sys/types.h>
| #endif
| #ifdef HAVE_SYS_STAT_H
| # include <sys/stat.h>
| #endif
| #ifdef STDC_HEADERS
| # include <stdlib.h>
| # include <stddef.h>
| #else
| # ifdef HAVE_STDLIB_H
| #  include <stdlib.h>
| # endif
| #endif
| #ifdef HAVE_STRING_H
| # if !defined STDC_HEADERS && defined HAVE_MEMORY_H
| #  include <memory.h>
| # endif
| # include <string.h>
| #endif
| #ifdef HAVE_STRINGS_H
| # include <strings.h>
| #endif
| #ifdef HAVE_INTTYPES_H
| # include <inttypes.h>
| #endif
| #ifdef HAVE_STDINT_H
| # include <stdint.h>
| #endif
| #ifdef HAVE_UNISTD_H
| # include <unistd.h>
| #endif
| 
| 
| int
| main ()
| {
| static int test_array [1 - 2 * !(((long int) (sizeof (ssize_t))) <= 1)];
| test_array [0] = 0
| 
|   ;
|   return 0;
| }
configure:4605: mipsel-uclibc-gcc -c -I/home/RT-AC54U/asuswrt/release/src-ra-mt7620/router/mipsel-uclibc/stage/usr/include -I/home/RT-AC54U/asuswrt/release/src-ra-mt7620/router/openssl/include  -I/home/RT-AC54U/asuswrt/release/src-ra-mt7620/router/openssl/include -I/home/RT-AC54U/asuswrt/release/src-ra-mt7620/router/libxml2/include  conftest.c >&5
conftest.c: In function 'main':
conftest.c:79: error: size of array 'test_array' is negative
configure:4605: $? = 1
configure: failed program was:
| /* confdefs.h */
| #define PACKAGE_NAME "neon"
| #define PACKAGE_TARNAME "neon"
| #define PACKAGE_VERSION "0.29.6"
| #define PACKAGE_STRING "neon 0.29.6"
| #define PACKAGE_BUGREPORT "neon@lists.manyfish.co.uk"
| #define PACKAGE_URL ""
| #define _GNU_SOURCE 1
| #define NEON_IS_LIBRARY 1
| #define NEON_VERSION "0.29.6"
| #define NE_VERSION_MAJOR (0)
| #define NE_VERSION_MINOR (29)
| #define NE_VERSION_PATCH (6)
| #define STDC_HEADERS 1
| #define HAVE_SYS_TYPES_H 1
| #define HAVE_SYS_STAT_H 1
| #define HAVE_STDLIB_H 1
| #define HAVE_STRING_H 1
| #define HAVE_MEMORY_H 1
| #define HAVE_STRINGS_H 1
| #define HAVE_INTTYPES_H 1
| #define HAVE_STDINT_H 1
| #define HAVE_UNISTD_H 1
| #define __EXTENSIONS__ 1
| #define _ALL_SOURCE 1
| #define _GNU_SOURCE 1
| #define _POSIX_PTHREAD_SEMANTICS 1
| #define _TANDEM_SOURCE 1
| #define SIZEOF_INT 4
| #define SIZEOF_LONG 4
| #define SIZEOF_LONG_LONG 8
| #define HAVE_ERRNO_H 1
| #define HAVE_STDARG_H 1
| #define HAVE_STRING_H 1
| #define HAVE_STDLIB_H 1
| #define SIZEOF_SIZE_T 4
| #define NE_FMT_SIZE_T "u"
| #define SIZEOF_OFF_T 4
| #define NE_FMT_OFF_T "ld"
| /* end confdefs.h.  */
| #include <stdio.h>
| #ifdef HAVE_SYS_TYPES_H
| # include <sys/types.h>
| #endif
| #ifdef HAVE_SYS_STAT_H
| # include <sys/stat.h>
| #endif
| #ifdef STDC_HEADERS
| # include <stdlib.h>
| # include <stddef.h>
| #else
| # ifdef HAVE_STDLIB_H
| #  include <stdlib.h>
| # endif
| #endif
| #ifdef HAVE_STRING_H
| # if !defined STDC_HEADERS && defined HAVE_MEMORY_H
| #  include <memory.h>
| # endif
| # include <string.h>
| #endif
| #ifdef HAVE_STRINGS_H
| # include <strings.h>
| #endif
| #ifdef HAVE_INTTYPES_H
| # include <inttypes.h>
| #endif
| #ifdef HAVE_STDINT_H
| # include <stdint.h>
| #endif
| #ifdef HAVE_UNISTD_H
| # include <unistd.h>
| #endif
| 
| 
| int
| main ()
| {
| static int test_array [1 - 2 * !(((long int) (sizeof (ssize_t))) <= 3)];
| test_array [0] = 0
| 
|   ;
|   return 0;
| }
configure:4605: mipsel-uclibc-gcc -c -I/home/RT-AC54U/asuswrt/release/src-ra-mt7620/router/mipsel-uclibc/stage/usr/include -I/home/RT-AC54U/asuswrt/release/src-ra-mt7620/router/openssl/include  -I/home/RT-AC54U/asuswrt/release/src-ra-mt7620/router/openssl/include -I/home/RT-AC54U/asuswrt/release/src-ra-mt7620/router/libxml2/include  conftest.c >&5
configure:4605: $? = 0
configure:4605: mipsel-uclibc-gcc -c -I/home/RT-AC54U/asuswrt/release/src-ra-mt7620/router/mipsel-uclibc/stage/usr/include -I/home/RT-AC54U/asuswrt/release/src-ra-mt7620/router/openssl/include  -I/home/RT-AC54U/asuswrt/release/src-ra-mt7620/router/openssl/include -I/home/RT-AC54U/asuswrt/release/src-ra-mt7620/router/libxml2/include  conftest.c >&5
configure:4605: $? = 0
configure:4605: mipsel-uclibc-gcc -c -I/home/RT-AC54U/asuswrt/release/src-ra-mt7620/router/mipsel-uclibc/stage/usr/include -I/home/RT-AC54U/asuswrt/release/src-ra-mt7620/router/openssl/include  -I/home/RT-AC54U/asuswrt/release/src-ra-mt7620/router/openssl/include -I/home/RT-AC54U/asuswrt/release/src-ra-mt7620/router/libxml2/include  conftest.c >&5
configure:4605: $? = 0
configure:4621: result: 4
configure:4636: checking how to print ssize_t
configure:4661: mipsel-uclibc-gcc -c -I/home/RT-AC54U/asuswrt/release/src-ra-mt7620/router/mipsel-uclibc/stage/usr/include -I/home/RT-AC54U/asuswrt/release/src-ra-mt7620/router/openssl/include  -I/home/RT-AC54U/asuswrt/release/src-ra-mt7620/router/openssl/include -I/home/RT-AC54U/asuswrt/release/src-ra-mt7620/router/libxml2/include  -Wformat -Werror conftest.c >&5
configure:4661: $? = 0
configure:4678: result: d
configure:4693: checking whether byte ordering is bigendian
configure:4708: mipsel-uclibc-gcc -c -I/home/RT-AC54U/asuswrt/release/src-ra-mt7620/router/mipsel-uclibc/stage/usr/include -I/home/RT-AC54U/asuswrt/release/src-ra-mt7620/router/openssl/include  -I/home/RT-AC54U/asuswrt/release/src-ra-mt7620/router/openssl/include -I/home/RT-AC54U/asuswrt/release/src-ra-mt7620/router/libxml2/include  conftest.c >&5
conftest.c:44: error: expected '=', ',', ';', 'asm' or '__attribute__' before 'a'
configure:4708: $? = 1
configure: failed program was:
| /* confdefs.h */
| #define PACKAGE_NAME "neon"
| #define PACKAGE_TARNAME "neon"
| #define PACKAGE_VERSION "0.29.6"
| #define PACKAGE_STRING "neon 0.29.6"
| #define PACKAGE_BUGREPORT "neon@lists.manyfish.co.uk"
| #define PACKAGE_URL ""
| #define _GNU_SOURCE 1
| #define NEON_IS_LIBRARY 1
| #define NEON_VERSION "0.29.6"
| #define NE_VERSION_MAJOR (0)
| #define NE_VERSION_MINOR (29)
| #define NE_VERSION_PATCH (6)
| #define STDC_HEADERS 1
| #define HAVE_SYS_TYPES_H 1
| #define HAVE_SYS_STAT_H 1
| #define HAVE_STDLIB_H 1
| #define HAVE_STRING_H 1
| #define HAVE_MEMORY_H 1
| #define HAVE_STRINGS_H 1
| #define HAVE_INTTYPES_H 1
| #define HAVE_STDINT_H 1
| #define HAVE_UNISTD_H 1
| #define __EXTENSIONS__ 1
| #define _ALL_SOURCE 1
| #define _GNU_SOURCE 1
| #define _POSIX_PTHREAD_SEMANTICS 1
| #define _TANDEM_SOURCE 1
| #define SIZEOF_INT 4
| #define SIZEOF_LONG 4
| #define SIZEOF_LONG_LONG 8
| #define HAVE_ERRNO_H 1
| #define HAVE_STDARG_H 1
| #define HAVE_STRING_H 1
| #define HAVE_STDLIB_H 1
| #define SIZEOF_SIZE_T 4
| #define NE_FMT_SIZE_T "u"
| #define SIZEOF_OFF_T 4
| #define NE_FMT_OFF_T "ld"
| #define SIZEOF_SSIZE_T 4
| #define NE_FMT_SSIZE_T "d"
| /* end confdefs.h.  */
| #ifndef __APPLE_CC__
| 	       not a universal capable compiler
| 	     #endif
| 	     typedef int dummy;
| 
configure:4753: mipsel-uclibc-gcc -c -I/home/RT-AC54U/asuswrt/release/src-ra-mt7620/router/mipsel-uclibc/stage/usr/include -I/home/RT-AC54U/asuswrt/release/src-ra-mt7620/router/openssl/include  -I/home/RT-AC54U/asuswrt/release/src-ra-mt7620/router/openssl/include -I/home/RT-AC54U/asuswrt/release/src-ra-mt7620/router/libxml2/include  conftest.c >&5
configure:4753: $? = 0
configure:4771: mipsel-uclibc-gcc -c -I/home/RT-AC54U/asuswrt/release/src-ra-mt7620/router/mipsel-uclibc/stage/usr/include -I/home/RT-AC54U/asuswrt/release/src-ra-mt7620/router/openssl/include  -I/home/RT-AC54U/asuswrt/release/src-ra-mt7620/router/openssl/include -I/home/RT-AC54U/asuswrt/release/src-ra-mt7620/router/libxml2/include  conftest.c >&5
conftest.c: In function 'main':
conftest.c:50: error: 'not' undeclared (first use in this function)
conftest.c:50: error: (Each undeclared identifier is reported only once
conftest.c:50: error: for each function it appears in.)
conftest.c:50: error: expected ';' before 'big'
configure:4771: $? = 1
configure: failed program was:
| /* confdefs.h */
| #define PACKAGE_NAME "neon"
| #define PACKAGE_TARNAME "neon"
| #define PACKAGE_VERSION "0.29.6"
| #define PACKAGE_STRING "neon 0.29.6"
| #define PACKAGE_BUGREPORT "neon@lists.manyfish.co.uk"
| #define PACKAGE_URL ""
| #define _GNU_SOURCE 1
| #define NEON_IS_LIBRARY 1
| #define NEON_VERSION "0.29.6"
| #define NE_VERSION_MAJOR (0)
| #define NE_VERSION_MINOR (29)
| #define NE_VERSION_PATCH (6)
| #define STDC_HEADERS 1
| #define HAVE_SYS_TYPES_H 1
| #define HAVE_SYS_STAT_H 1
| #define HAVE_STDLIB_H 1
| #define HAVE_STRING_H 1
| #define HAVE_MEMORY_H 1
| #define HAVE_STRINGS_H 1
| #define HAVE_INTTYPES_H 1
| #define HAVE_STDINT_H 1
| #define HAVE_UNISTD_H 1
| #define __EXTENSIONS__ 1
| #define _ALL_SOURCE 1
| #define _GNU_SOURCE 1
| #define _POSIX_PTHREAD_SEMANTICS 1
| #define _TANDEM_SOURCE 1
| #define SIZEOF_INT 4
| #define SIZEOF_LONG 4
| #define SIZEOF_LONG_LONG 8
| #define HAVE_ERRNO_H 1
| #define HAVE_STDARG_H 1
| #define HAVE_STRING_H 1
| #define HAVE_STDLIB_H 1
| #define SIZEOF_SIZE_T 4
| #define NE_FMT_SIZE_T "u"
| #define SIZEOF_OFF_T 4
| #define NE_FMT_OFF_T "ld"
| #define SIZEOF_SSIZE_T 4
| #define NE_FMT_SSIZE_T "d"
| /* end confdefs.h.  */
| #include <sys/types.h>
| 		#include <sys/param.h>
| 
| int
| main ()
| {
| #if BYTE_ORDER != BIG_ENDIAN
| 		 not big endian
| 		#endif
| 
|   ;
|   return 0;
| }
configure:4899: result: no
configure:4917: checking whether strerror_r is declared
configure:4917: mipsel-uclibc-gcc -c -I/home/RT-AC54U/asuswrt/release/src-ra-mt7620/router/mipsel-uclibc/stage/usr/include -I/home/RT-AC54U/asuswrt/release/src-ra-mt7620/router/openssl/include  -I/home/RT-AC54U/asuswrt/release/src-ra-mt7620/router/openssl/include -I/home/RT-AC54U/asuswrt/release/src-ra-mt7620/router/libxml2/include  conftest.c >&5
configure:4917: $? = 0
configure:4917: result: yes
configure:4930: checking for strerror_r
configure:4930: mipsel-uclibc-gcc -o conftest -I/home/RT-AC54U/asuswrt/release/src-ra-mt7620/router/mipsel-uclibc/stage/usr/include -I/home/RT-AC54U/asuswrt/release/src-ra-mt7620/router/openssl/include  -I/home/RT-AC54U/asuswrt/release/src-ra-mt7620/router/openssl/include -I/home/RT-AC54U/asuswrt/release/src-ra-mt7620/router/libxml2/include   -L/home/RT-AC54U/asuswrt/release/src-ra-mt7620/router/openssl/lib -L/home/RT-AC54U/asuswrt/release/src-ra-mt7620/router/libxml2/lib -L/home/RT-AC54U/asuswrt/release/src-ra-mt7620/router/libxml2/.libs -L/home/RT-AC54U/asuswrt/release/src-ra-mt7620/router/mipsel-uclibc/stage/usr/lib -L/home/RT-AC54U/asuswrt/release/src-ra-mt7620/router/openssl conftest.c -lxml2 -lssl -lcrypto -lpthread -ldl -lm >&5
configure:4930: $? = 0
configure:4930: result: yes
configure:4939: checking whether strerror_r returns char *
configure:4963: mipsel-uclibc-gcc -c -I/home/RT-AC54U/asuswrt/release/src-ra-mt7620/router/mipsel-uclibc/stage/usr/include -I/home/RT-AC54U/asuswrt/release/src-ra-mt7620/router/openssl/include  -I/home/RT-AC54U/asuswrt/release/src-ra-mt7620/router/openssl/include -I/home/RT-AC54U/asuswrt/release/src-ra-mt7620/router/libxml2/include  conftest.c >&5
configure:4963: $? = 0
configure:5001: result: yes
configure:5013: checking for snprintf
configure:5013: mipsel-uclibc-gcc -o conftest -I/home/RT-AC54U/asuswrt/release/src-ra-mt7620/router/mipsel-uclibc/stage/usr/include -I/home/RT-AC54U/asuswrt/release/src-ra-mt7620/router/openssl/include  -I/home/RT-AC54U/asuswrt/release/src-ra-mt7620/router/openssl/include -I/home/RT-AC54U/asuswrt/release/src-ra-mt7620/router/libxml2/include   -L/home/RT-AC54U/asuswrt/release/src-ra-mt7620/router/openssl/lib -L/home/RT-AC54U/asuswrt/release/src-ra-mt7620/router/libxml2/lib -L/home/RT-AC54U/asuswrt/release/src-ra-mt7620/router/libxml2/.libs -L/home/RT-AC54U/asuswrt/release/src-ra-mt7620/router/mipsel-uclibc/stage/usr/lib -L/home/RT-AC54U/asuswrt/release/src-ra-mt7620/router/openssl conftest.c -lxml2 -lssl -lcrypto -lpthread -ldl -lm >&5
conftest.c:69: warning: conflicting types for built-in function 'snprintf'
configure:5013: $? = 0
configure:5013: result: yes
configure:5013: checking for vsnprintf
configure:5013: mipsel-uclibc-gcc -o conftest -I/home/RT-AC54U/asuswrt/release/src-ra-mt7620/router/mipsel-uclibc/stage/usr/include -I/home/RT-AC54U/asuswrt/release/src-ra-mt7620/router/openssl/include  -I/home/RT-AC54U/asuswrt/release/src-ra-mt7620/router/openssl/include -I/home/RT-AC54U/asuswrt/release/src-ra-mt7620/router/libxml2/include   -L/home/RT-AC54U/asuswrt/release/src-ra-mt7620/router/openssl/lib -L/home/RT-AC54U/asuswrt/release/src-ra-mt7620/router/libxml2/lib -L/home/RT-AC54U/asuswrt/release/src-ra-mt7620/router/libxml2/.libs -L/home/RT-AC54U/asuswrt/release/src-ra-mt7620/router/mipsel-uclibc/stage/usr/lib -L/home/RT-AC54U/asuswrt/release/src-ra-mt7620/router/openssl conftest.c -lxml2 -lssl -lcrypto -lpthread -ldl -lm >&5
conftest.c:70: warning: conflicting types for built-in function 'vsnprintf'
configure:5013: $? = 0
configure:5013: result: yes
configure:5104: checking for sys/time.h
configure:5104: mipsel-uclibc-gcc -c -I/home/RT-AC54U/asuswrt/release/src-ra-mt7620/router/mipsel-uclibc/stage/usr/include -I/home/RT-AC54U/asuswrt/release/src-ra-mt7620/router/openssl/include  -I/home/RT-AC54U/asuswrt/release/src-ra-mt7620/router/openssl/include -I/home/RT-AC54U/asuswrt/release/src-ra-mt7620/router/libxml2/include  conftest.c >&5
configure:5104: $? = 0
configure:5104: result: yes
configure:5104: checking for limits.h
configure:5104: mipsel-uclibc-gcc -c -I/home/RT-AC54U/asuswrt/release/src-ra-mt7620/router/mipsel-uclibc/stage/usr/include -I/home/RT-AC54U/asuswrt/release/src-ra-mt7620/router/openssl/include  -I/home/RT-AC54U/asuswrt/release/src-ra-mt7620/router/openssl/include -I/home/RT-AC54U/asuswrt/release/src-ra-mt7620/router/libxml2/include  conftest.c >&5
configure:5104: $? = 0
configure:5104: result: yes
configure:5104: checking for sys/select.h
configure:5104: mipsel-uclibc-gcc -c -I/home/RT-AC54U/asuswrt/release/src-ra-mt7620/router/mipsel-uclibc/stage/usr/include -I/home/RT-AC54U/asuswrt/release/src-ra-mt7620/router/openssl/include  -I/home/RT-AC54U/asuswrt/release/src-ra-mt7620/router/openssl/include -I/home/RT-AC54U/asuswrt/release/src-ra-mt7620/router/libxml2/include  conftest.c >&5
configure:5104: $? = 0
configure:5104: result: yes
configure:5104: checking for arpa/inet.h
configure:5104: mipsel-uclibc-gcc -c -I/home/RT-AC54U/asuswrt/release/src-ra-mt7620/router/mipsel-uclibc/stage/usr/include -I/home/RT-AC54U/asuswrt/release/src-ra-mt7620/router/openssl/include  -I/home/RT-AC54U/asuswrt/release/src-ra-mt7620/router/openssl/include -I/home/RT-AC54U/asuswrt/release/src-ra-mt7620/router/libxml2/include  conftest.c >&5
configure:5104: $? = 0
configure:5104: result: yes
configure:5104: checking for libintl.h
configure:5104: mipsel-uclibc-gcc -c -I/home/RT-AC54U/asuswrt/release/src-ra-mt7620/router/mipsel-uclibc/stage/usr/include -I/home/RT-AC54U/asuswrt/release/src-ra-mt7620/router/openssl/include  -I/home/RT-AC54U/asuswrt/release/src-ra-mt7620/router/openssl/include -I/home/RT-AC54U/asuswrt/release/src-ra-mt7620/router/libxml2/include  conftest.c >&5
conftest.c:90:21: error: libintl.h: No such file or directory
configure:5104: $? = 1
configure: failed program was:
| /* confdefs.h */
| #define PACKAGE_NAME "neon"
| #define PACKAGE_TARNAME "neon"
| #define PACKAGE_VERSION "0.29.6"
| #define PACKAGE_STRING "neon 0.29.6"
| #define PACKAGE_BUGREPORT "neon@lists.manyfish.co.uk"
| #define PACKAGE_URL ""
| #define _GNU_SOURCE 1
| #define NEON_IS_LIBRARY 1
| #define NEON_VERSION "0.29.6"
| #define NE_VERSION_MAJOR (0)
| #define NE_VERSION_MINOR (29)
| #define NE_VERSION_PATCH (6)
| #define STDC_HEADERS 1
| #define HAVE_SYS_TYPES_H 1
| #define HAVE_SYS_STAT_H 1
| #define HAVE_STDLIB_H 1
| #define HAVE_STRING_H 1
| #define HAVE_MEMORY_H 1
| #define HAVE_STRINGS_H 1
| #define HAVE_INTTYPES_H 1
| #define HAVE_STDINT_H 1
| #define HAVE_UNISTD_H 1
| #define __EXTENSIONS__ 1
| #define _ALL_SOURCE 1
| #define _GNU_SOURCE 1
| #define _POSIX_PTHREAD_SEMANTICS 1
| #define _TANDEM_SOURCE 1
| #define SIZEOF_INT 4
| #define SIZEOF_LONG 4
| #define SIZEOF_LONG_LONG 8
| #define HAVE_ERRNO_H 1
| #define HAVE_STDARG_H 1
| #define HAVE_STRING_H 1
| #define HAVE_STDLIB_H 1
| #define SIZEOF_SIZE_T 4
| #define NE_FMT_SIZE_T "u"
| #define SIZEOF_OFF_T 4
| #define NE_FMT_OFF_T "ld"
| #define SIZEOF_SSIZE_T 4
| #define NE_FMT_SSIZE_T "d"
| #define HAVE_DECL_STRERROR_R 1
| #define HAVE_STRERROR_R 1
| #define STRERROR_R_CHAR_P 1
| #define HAVE_SNPRINTF 1
| #define HAVE_VSNPRINTF 1
| #define HAVE_SYS_TIME_H 1
| #define HAVE_LIMITS_H 1
| #define HAVE_SYS_SELECT_H 1
| #define HAVE_ARPA_INET_H 1
| /* end confdefs.h.  */
| #include <stdio.h>
| #ifdef HAVE_SYS_TYPES_H
| # include <sys/types.h>
| #endif
| #ifdef HAVE_SYS_STAT_H
| # include <sys/stat.h>
| #endif
| #ifdef STDC_HEADERS
| # include <stdlib.h>
| # include <stddef.h>
| #else
| # ifdef HAVE_STDLIB_H
| #  include <stdlib.h>
| # endif
| #endif
| #ifdef HAVE_STRING_H
| # if !defined STDC_HEADERS && defined HAVE_MEMORY_H
| #  include <memory.h>
| # endif
| # include <string.h>
| #endif
| #ifdef HAVE_STRINGS_H
| # include <strings.h>
| #endif
| #ifdef HAVE_INTTYPES_H
| # include <inttypes.h>
| #endif
| #ifdef HAVE_STDINT_H
| # include <stdint.h>
| #endif
| #ifdef HAVE_UNISTD_H
| # include <unistd.h>
| #endif
| /* netinet/tcp.h requires netinet/in.h on some platforms. */
| #ifdef HAVE_NETINET_IN_H
| #include <netinet/in.h>
| #endif
| 
| #include <libintl.h>
configure:5104: result: no
configure:5104: checking for signal.h
configure:5104: mipsel-uclibc-gcc -c -I/home/RT-AC54U/asuswrt/release/src-ra-mt7620/router/mipsel-uclibc/stage/usr/include -I/home/RT-AC54U/asuswrt/release/src-ra-mt7620/router/openssl/include  -I/home/RT-AC54U/asuswrt/release/src-ra-mt7620/router/openssl/include -I/home/RT-AC54U/asuswrt/release/src-ra-mt7620/router/libxml2/include  conftest.c >&5
configure:5104: $? = 0
configure:5104: result: yes
configure:5104: checking for sys/socket.h
configure:5104: mipsel-uclibc-gcc -c -I/home/RT-AC54U/asuswrt/release/src-ra-mt7620/router/mipsel-uclibc/stage/usr/include -I/home/RT-AC54U/asuswrt/release/src-ra-mt7620/router/openssl/include  -I/home/RT-AC54U/asuswrt/release/src-ra-mt7620/router/openssl/include -I/home/RT-AC54U/asuswrt/release/src-ra-mt7620/router/libxml2/include  conftest.c >&5
configure:5104: $? = 0
configure:5104: result: yes
configure:5104: checking for netinet/in.h
configure:5104: mipsel-uclibc-gcc -c -I/home/RT-AC54U/asuswrt/release/src-ra-mt7620/router/mipsel-uclibc/stage/usr/include -I/home/RT-AC54U/asuswrt/release/src-ra-mt7620/router/openssl/include  -I/home/RT-AC54U/asuswrt/release/src-ra-mt7620/router/openssl/include -I/home/RT-AC54U/asuswrt/release/src-ra-mt7620/router/libxml2/include  conftest.c >&5
configure:5104: $? = 0
configure:5104: result: yes
configure:5104: checking for netinet/tcp.h
configure:5104: mipsel-uclibc-gcc -c -I/home/RT-AC54U/asuswrt/release/src-ra-mt7620/router/mipsel-uclibc/stage/usr/include -I/home/RT-AC54U/asuswrt/release/src-ra-mt7620/router/openssl/include  -I/home/RT-AC54U/asuswrt/release/src-ra-mt7620/router/openssl/include -I/home/RT-AC54U/asuswrt/release/src-ra-mt7620/router/libxml2/include  conftest.c >&5
configure:5104: $? = 0
configure:5104: result: yes
configure:5104: checking for netdb.h
configure:5104: mipsel-uclibc-gcc -c -I/home/RT-AC54U/asuswrt/release/src-ra-mt7620/router/mipsel-uclibc/stage/usr/include -I/home/RT-AC54U/asuswrt/release/src-ra-mt7620/router/openssl/include  -I/home/RT-AC54U/asuswrt/release/src-ra-mt7620/router/openssl/include -I/home/RT-AC54U/asuswrt/release/src-ra-mt7620/router/libxml2/include  conftest.c >&5
configure:5104: $? = 0
configure:5104: result: yes
configure:5104: checking for sys/poll.h
configure:5104: mipsel-uclibc-gcc -c -I/home/RT-AC54U/asuswrt/release/src-ra-mt7620/router/mipsel-uclibc/stage/usr/include -I/home/RT-AC54U/asuswrt/release/src-ra-mt7620/router/openssl/include  -I/home/RT-AC54U/asuswrt/release/src-ra-mt7620/router/openssl/include -I/home/RT-AC54U/asuswrt/release/src-ra-mt7620/router/libxml2/include  conftest.c >&5
configure:5104: $? = 0
configure:5104: result: yes
configure:5104: checking for sys/limits.h
configure:5104: mipsel-uclibc-gcc -c -I/home/RT-AC54U/asuswrt/release/src-ra-mt7620/router/mipsel-uclibc/stage/usr/include -I/home/RT-AC54U/asuswrt/release/src-ra-mt7620/router/openssl/include  -I/home/RT-AC54U/asuswrt/release/src-ra-mt7620/router/openssl/include -I/home/RT-AC54U/asuswrt/release/src-ra-mt7620/router/libxml2/include  conftest.c >&5
conftest.c:96:24: error: sys/limits.h: No such file or directory
configure:5104: $? = 1
configure: failed program was:
| /* confdefs.h */
| #define PACKAGE_NAME "neon"
| #define PACKAGE_TARNAME "neon"
| #define PACKAGE_VERSION "0.29.6"
| #define PACKAGE_STRING "neon 0.29.6"
| #define PACKAGE_BUGREPORT "neon@lists.manyfish.co.uk"
| #define PACKAGE_URL ""
| #define _GNU_SOURCE 1
| #define NEON_IS_LIBRARY 1
| #define NEON_VERSION "0.29.6"
| #define NE_VERSION_MAJOR (0)
| #define NE_VERSION_MINOR (29)
| #define NE_VERSION_PATCH (6)
| #define STDC_HEADERS 1
| #define HAVE_SYS_TYPES_H 1
| #define HAVE_SYS_STAT_H 1
| #define HAVE_STDLIB_H 1
| #define HAVE_STRING_H 1
| #define HAVE_MEMORY_H 1
| #define HAVE_STRINGS_H 1
| #define HAVE_INTTYPES_H 1
| #define HAVE_STDINT_H 1
| #define HAVE_UNISTD_H 1
| #define __EXTENSIONS__ 1
| #define _ALL_SOURCE 1
| #define _GNU_SOURCE 1
| #define _POSIX_PTHREAD_SEMANTICS 1
| #define _TANDEM_SOURCE 1
| #define SIZEOF_INT 4
| #define SIZEOF_LONG 4
| #define SIZEOF_LONG_LONG 8
| #define HAVE_ERRNO_H 1
| #define HAVE_STDARG_H 1
| #define HAVE_STRING_H 1
| #define HAVE_STDLIB_H 1
| #define SIZEOF_SIZE_T 4
| #define NE_FMT_SIZE_T "u"
| #define SIZEOF_OFF_T 4
| #define NE_FMT_OFF_T "ld"
| #define SIZEOF_SSIZE_T 4
| #define NE_FMT_SSIZE_T "d"
| #define HAVE_DECL_STRERROR_R 1
| #define HAVE_STRERROR_R 1
| #define STRERROR_R_CHAR_P 1
| #define HAVE_SNPRINTF 1
| #define HAVE_VSNPRINTF 1
| #define HAVE_SYS_TIME_H 1
| #define HAVE_LIMITS_H 1
| #define HAVE_SYS_SELECT_H 1
| #define HAVE_ARPA_INET_H 1
| #define HAVE_SIGNAL_H 1
| #define HAVE_SYS_SOCKET_H 1
| #define HAVE_NETINET_IN_H 1
| #define HAVE_NETINET_TCP_H 1
| #define HAVE_NETDB_H 1
| #define HAVE_SYS_POLL_H 1
| /* end confdefs.h.  */
| #include <stdio.h>
| #ifdef HAVE_SYS_TYPES_H
| # include <sys/types.h>
| #endif
| #ifdef HAVE_SYS_STAT_H
| # include <sys/stat.h>
| #endif
| #ifdef STDC_HEADERS
| # include <stdlib.h>
| # include <stddef.h>
| #else
| # ifdef HAVE_STDLIB_H
| #  include <stdlib.h>
| # endif
| #endif
| #ifdef HAVE_STRING_H
| # if !defined STDC_HEADERS && defined HAVE_MEMORY_H
| #  include <memory.h>
| # endif
| # include <string.h>
| #endif
| #ifdef HAVE_STRINGS_H
| # include <strings.h>
| #endif
| #ifdef HAVE_INTTYPES_H
| # include <inttypes.h>
| #endif
| #ifdef HAVE_STDINT_H
| # include <stdint.h>
| #endif
| #ifdef HAVE_UNISTD_H
| # include <unistd.h>
| #endif
| /* netinet/tcp.h requires netinet/in.h on some platforms. */
| #ifdef HAVE_NETINET_IN_H
| #include <netinet/in.h>
| #endif
| 
| #include <sys/limits.h>
configure:5104: result: no
configure:5104: checking for fcntl.h
configure:5104: mipsel-uclibc-gcc -c -I/home/RT-AC54U/asuswrt/release/src-ra-mt7620/router/mipsel-uclibc/stage/usr/include -I/home/RT-AC54U/asuswrt/release/src-ra-mt7620/router/openssl/include  -I/home/RT-AC54U/asuswrt/release/src-ra-mt7620/router/openssl/include -I/home/RT-AC54U/asuswrt/release/src-ra-mt7620/router/libxml2/include  conftest.c >&5
configure:5104: $? = 0
configure:5104: result: yes
configure:5104: checking for iconv.h
configure:5104: mipsel-uclibc-gcc -c -I/home/RT-AC54U/asuswrt/release/src-ra-mt7620/router/mipsel-uclibc/stage/usr/include -I/home/RT-AC54U/asuswrt/release/src-ra-mt7620/router/openssl/include  -I/home/RT-AC54U/asuswrt/release/src-ra-mt7620/router/openssl/include -I/home/RT-AC54U/asuswrt/release/src-ra-mt7620/router/libxml2/include  conftest.c >&5
conftest.c:97:19: error: iconv.h: No such file or directory
configure:5104: $? = 1
configure: failed program was:
| /* confdefs.h */
| #define PACKAGE_NAME "neon"
| #define PACKAGE_TARNAME "neon"
| #define PACKAGE_VERSION "0.29.6"
| #define PACKAGE_STRING "neon 0.29.6"
| #define PACKAGE_BUGREPORT "neon@lists.manyfish.co.uk"
| #define PACKAGE_URL ""
| #define _GNU_SOURCE 1
| #define NEON_IS_LIBRARY 1
| #define NEON_VERSION "0.29.6"
| #define NE_VERSION_MAJOR (0)
| #define NE_VERSION_MINOR (29)
| #define NE_VERSION_PATCH (6)
| #define STDC_HEADERS 1
| #define HAVE_SYS_TYPES_H 1
| #define HAVE_SYS_STAT_H 1
| #define HAVE_STDLIB_H 1
| #define HAVE_STRING_H 1
| #define HAVE_MEMORY_H 1
| #define HAVE_STRINGS_H 1
| #define HAVE_INTTYPES_H 1
| #define HAVE_STDINT_H 1
| #define HAVE_UNISTD_H 1
| #define __EXTENSIONS__ 1
| #define _ALL_SOURCE 1
| #define _GNU_SOURCE 1
| #define _POSIX_PTHREAD_SEMANTICS 1
| #define _TANDEM_SOURCE 1
| #define SIZEOF_INT 4
| #define SIZEOF_LONG 4
| #define SIZEOF_LONG_LONG 8
| #define HAVE_ERRNO_H 1
| #define HAVE_STDARG_H 1
| #define HAVE_STRING_H 1
| #define HAVE_STDLIB_H 1
| #define SIZEOF_SIZE_T 4
| #define NE_FMT_SIZE_T "u"
| #define SIZEOF_OFF_T 4
| #define NE_FMT_OFF_T "ld"
| #define SIZEOF_SSIZE_T 4
| #define NE_FMT_SSIZE_T "d"
| #define HAVE_DECL_STRERROR_R 1
| #define HAVE_STRERROR_R 1
| #define STRERROR_R_CHAR_P 1
| #define HAVE_SNPRINTF 1
| #define HAVE_VSNPRINTF 1
| #define HAVE_SYS_TIME_H 1
| #define HAVE_LIMITS_H 1
| #define HAVE_SYS_SELECT_H 1
| #define HAVE_ARPA_INET_H 1
| #define HAVE_SIGNAL_H 1
| #define HAVE_SYS_SOCKET_H 1
| #define HAVE_NETINET_IN_H 1
| #define HAVE_NETINET_TCP_H 1
| #define HAVE_NETDB_H 1
| #define HAVE_SYS_POLL_H 1
| #define HAVE_FCNTL_H 1
| /* end confdefs.h.  */
| #include <stdio.h>
| #ifdef HAVE_SYS_TYPES_H
| # include <sys/types.h>
| #endif
| #ifdef HAVE_SYS_STAT_H
| # include <sys/stat.h>
| #endif
| #ifdef STDC_HEADERS
| # include <stdlib.h>
| # include <stddef.h>
| #else
| # ifdef HAVE_STDLIB_H
| #  include <stdlib.h>
| # endif
| #endif
| #ifdef HAVE_STRING_H
| # if !defined STDC_HEADERS && defined HAVE_MEMORY_H
| #  include <memory.h>
| # endif
| # include <string.h>
| #endif
| #ifdef HAVE_STRINGS_H
| # include <strings.h>
| #endif
| #ifdef HAVE_INTTYPES_H
| # include <inttypes.h>
| #endif
| #ifdef HAVE_STDINT_H
| # include <stdint.h>
| #endif
| #ifdef HAVE_UNISTD_H
| # include <unistd.h>
| #endif
| /* netinet/tcp.h requires netinet/in.h on some platforms. */
| #ifdef HAVE_NETINET_IN_H
| #include <netinet/in.h>
| #endif
| 
| #include <iconv.h>
configure:5104: result: no
configure:5122: checking for timezone global
configure:5140: mipsel-uclibc-gcc -o conftest -I/home/RT-AC54U/asuswrt/release/src-ra-mt7620/router/mipsel-uclibc/stage/usr/include -I/home/RT-AC54U/asuswrt/release/src-ra-mt7620/router/openssl/include  -I/home/RT-AC54U/asuswrt/release/src-ra-mt7620/router/openssl/include -I/home/RT-AC54U/asuswrt/release/src-ra-mt7620/router/libxml2/include   -L/home/RT-AC54U/asuswrt/release/src-ra-mt7620/router/openssl/lib -L/home/RT-AC54U/asuswrt/release/src-ra-mt7620/router/libxml2/lib -L/home/RT-AC54U/asuswrt/release/src-ra-mt7620/router/libxml2/.libs -L/home/RT-AC54U/asuswrt/release/src-ra-mt7620/router/mipsel-uclibc/stage/usr/lib -L/home/RT-AC54U/asuswrt/release/src-ra-mt7620/router/openssl conftest.c -lxml2 -lssl -lcrypto -lpthread -ldl -lm >&5
configure:5140: $? = 0
configure:5148: result: yes
configure:5207: checking for off64_t
configure:5207: mipsel-uclibc-gcc -c -I/home/RT-AC54U/asuswrt/release/src-ra-mt7620/router/mipsel-uclibc/stage/usr/include -I/home/RT-AC54U/asuswrt/release/src-ra-mt7620/router/openssl/include  -I/home/RT-AC54U/asuswrt/release/src-ra-mt7620/router/openssl/include -I/home/RT-AC54U/asuswrt/release/src-ra-mt7620/router/libxml2/include  -D_LARGEFILE64_SOURCE conftest.c >&5
configure:5207: $? = 0
configure:5207: mipsel-uclibc-gcc -c -I/home/RT-AC54U/asuswrt/release/src-ra-mt7620/router/mipsel-uclibc/stage/usr/include -I/home/RT-AC54U/asuswrt/release/src-ra-mt7620/router/openssl/include  -I/home/RT-AC54U/asuswrt/release/src-ra-mt7620/router/openssl/include -I/home/RT-AC54U/asuswrt/release/src-ra-mt7620/router/libxml2/include  -D_LARGEFILE64_SOURCE conftest.c >&5
conftest.c: In function 'main':
conftest.c:96: error: expected expression before ')' token
configure:5207: $? = 1
configure: failed program was:
| /* confdefs.h */
| #define PACKAGE_NAME "neon"
| #define PACKAGE_TARNAME "neon"
| #define PACKAGE_VERSION "0.29.6"
| #define PACKAGE_STRING "neon 0.29.6"
| #define PACKAGE_BUGREPORT "neon@lists.manyfish.co.uk"
| #define PACKAGE_URL ""
| #define _GNU_SOURCE 1
| #define NEON_IS_LIBRARY 1
| #define NEON_VERSION "0.29.6"
| #define NE_VERSION_MAJOR (0)
| #define NE_VERSION_MINOR (29)
| #define NE_VERSION_PATCH (6)
| #define STDC_HEADERS 1
| #define HAVE_SYS_TYPES_H 1
| #define HAVE_SYS_STAT_H 1
| #define HAVE_STDLIB_H 1
| #define HAVE_STRING_H 1
| #define HAVE_MEMORY_H 1
| #define HAVE_STRINGS_H 1
| #define HAVE_INTTYPES_H 1
| #define HAVE_STDINT_H 1
| #define HAVE_UNISTD_H 1
| #define __EXTENSIONS__ 1
| #define _ALL_SOURCE 1
| #define _GNU_SOURCE 1
| #define _POSIX_PTHREAD_SEMANTICS 1
| #define _TANDEM_SOURCE 1
| #define SIZEOF_INT 4
| #define SIZEOF_LONG 4
| #define SIZEOF_LONG_LONG 8
| #define HAVE_ERRNO_H 1
| #define HAVE_STDARG_H 1
| #define HAVE_STRING_H 1
| #define HAVE_STDLIB_H 1
| #define SIZEOF_SIZE_T 4
| #define NE_FMT_SIZE_T "u"
| #define SIZEOF_OFF_T 4
| #define NE_FMT_OFF_T "ld"
| #define SIZEOF_SSIZE_T 4
| #define NE_FMT_SSIZE_T "d"
| #define HAVE_DECL_STRERROR_R 1
| #define HAVE_STRERROR_R 1
| #define STRERROR_R_CHAR_P 1
| #define HAVE_SNPRINTF 1
| #define HAVE_VSNPRINTF 1
| #define HAVE_SYS_TIME_H 1
| #define HAVE_LIMITS_H 1
| #define HAVE_SYS_SELECT_H 1
| #define HAVE_ARPA_INET_H 1
| #define HAVE_SIGNAL_H 1
| #define HAVE_SYS_SOCKET_H 1
| #define HAVE_NETINET_IN_H 1
| #define HAVE_NETINET_TCP_H 1
| #define HAVE_NETDB_H 1
| #define HAVE_SYS_POLL_H 1
| #define HAVE_FCNTL_H 1
| #define HAVE_TIMEZONE 1
| /* end confdefs.h.  */
| #include <stdio.h>
| #ifdef HAVE_SYS_TYPES_H
| # include <sys/types.h>
| #endif
| #ifdef HAVE_SYS_STAT_H
| # include <sys/stat.h>
| #endif
| #ifdef STDC_HEADERS
| # include <stdlib.h>
| # include <stddef.h>
| #else
| # ifdef HAVE_STDLIB_H
| #  include <stdlib.h>
| # endif
| #endif
| #ifdef HAVE_STRING_H
| # if !defined STDC_HEADERS && defined HAVE_MEMORY_H
| #  include <memory.h>
| # endif
| # include <string.h>
| #endif
| #ifdef HAVE_STRINGS_H
| # include <strings.h>
| #endif
| #ifdef HAVE_INTTYPES_H
| # include <inttypes.h>
| #endif
| #ifdef HAVE_STDINT_H
| # include <stdint.h>
| #endif
| #ifdef HAVE_UNISTD_H
| # include <unistd.h>
| #endif
| int
| main ()
| {
| if (sizeof ((off64_t)))
| 	    return 0;
|   ;
|   return 0;
| }
configure:5207: result: yes
configure:5218: checking size of off64_t
configure:5223: mipsel-uclibc-gcc -c -I/home/RT-AC54U/asuswrt/release/src-ra-mt7620/router/mipsel-uclibc/stage/usr/include -I/home/RT-AC54U/asuswrt/release/src-ra-mt7620/router/openssl/include  -I/home/RT-AC54U/asuswrt/release/src-ra-mt7620/router/openssl/include -I/home/RT-AC54U/asuswrt/release/src-ra-mt7620/router/libxml2/include  -D_LARGEFILE64_SOURCE conftest.c >&5
configure:5223: $? = 0
configure:5223: mipsel-uclibc-gcc -c -I/home/RT-AC54U/asuswrt/release/src-ra-mt7620/router/mipsel-uclibc/stage/usr/include -I/home/RT-AC54U/asuswrt/release/src-ra-mt7620/router/openssl/include  -I/home/RT-AC54U/asuswrt/release/src-ra-mt7620/router/openssl/include -I/home/RT-AC54U/asuswrt/release/src-ra-mt7620/router/libxml2/include  -D_LARGEFILE64_SOURCE conftest.c >&5
conftest.c: In function 'main':
conftest.c:98: error: size of array 'test_array' is negative
configure:5223: $? = 1
configure: failed program was:
| /* confdefs.h */
| #define PACKAGE_NAME "neon"
| #define PACKAGE_TARNAME "neon"
| #define PACKAGE_VERSION "0.29.6"
| #define PACKAGE_STRING "neon 0.29.6"
| #define PACKAGE_BUGREPORT "neon@lists.manyfish.co.uk"
| #define PACKAGE_URL ""
| #define _GNU_SOURCE 1
| #define NEON_IS_LIBRARY 1
| #define NEON_VERSION "0.29.6"
| #define NE_VERSION_MAJOR (0)
| #define NE_VERSION_MINOR (29)
| #define NE_VERSION_PATCH (6)
| #define STDC_HEADERS 1
| #define HAVE_SYS_TYPES_H 1
| #define HAVE_SYS_STAT_H 1
| #define HAVE_STDLIB_H 1
| #define HAVE_STRING_H 1
| #define HAVE_MEMORY_H 1
| #define HAVE_STRINGS_H 1
| #define HAVE_INTTYPES_H 1
| #define HAVE_STDINT_H 1
| #define HAVE_UNISTD_H 1
| #define __EXTENSIONS__ 1
| #define _ALL_SOURCE 1
| #define _GNU_SOURCE 1
| #define _POSIX_PTHREAD_SEMANTICS 1
| #define _TANDEM_SOURCE 1
| #define SIZEOF_INT 4
| #define SIZEOF_LONG 4
| #define SIZEOF_LONG_LONG 8
| #define HAVE_ERRNO_H 1
| #define HAVE_STDARG_H 1
| #define HAVE_STRING_H 1
| #define HAVE_STDLIB_H 1
| #define SIZEOF_SIZE_T 4
| #define NE_FMT_SIZE_T "u"
| #define SIZEOF_OFF_T 4
| #define NE_FMT_OFF_T "ld"
| #define SIZEOF_SSIZE_T 4
| #define NE_FMT_SSIZE_T "d"
| #define HAVE_DECL_STRERROR_R 1
| #define HAVE_STRERROR_R 1
| #define STRERROR_R_CHAR_P 1
| #define HAVE_SNPRINTF 1
| #define HAVE_VSNPRINTF 1
| #define HAVE_SYS_TIME_H 1
| #define HAVE_LIMITS_H 1
| #define HAVE_SYS_SELECT_H 1
| #define HAVE_ARPA_INET_H 1
| #define HAVE_SIGNAL_H 1
| #define HAVE_SYS_SOCKET_H 1
| #define HAVE_NETINET_IN_H 1
| #define HAVE_NETINET_TCP_H 1
| #define HAVE_NETDB_H 1
| #define HAVE_SYS_POLL_H 1
| #define HAVE_FCNTL_H 1
| #define HAVE_TIMEZONE 1
| /* end confdefs.h.  */
| #include <stdio.h>
| #ifdef HAVE_SYS_TYPES_H
| # include <sys/types.h>
| #endif
| #ifdef HAVE_SYS_STAT_H
| # include <sys/stat.h>
| #endif
| #ifdef STDC_HEADERS
| # include <stdlib.h>
| # include <stddef.h>
| #else
| # ifdef HAVE_STDLIB_H
| #  include <stdlib.h>
| # endif
| #endif
| #ifdef HAVE_STRING_H
| # if !defined STDC_HEADERS && defined HAVE_MEMORY_H
| #  include <memory.h>
| # endif
| # include <string.h>
| #endif
| #ifdef HAVE_STRINGS_H
| # include <strings.h>
| #endif
| #ifdef HAVE_INTTYPES_H
| # include <inttypes.h>
| #endif
| #ifdef HAVE_STDINT_H
| # include <stdint.h>
| #endif
| #ifdef HAVE_UNISTD_H
| # include <unistd.h>
| #endif
| 
| 
| int
| main ()
| {
| static int test_array [1 - 2 * !(((long int) (sizeof (off64_t))) <= 0)];
| test_array [0] = 0
| 
|   ;
|   return 0;
| }
configure:5223: mipsel-uclibc-gcc -c -I/home/RT-AC54U/asuswrt/release/src-ra-mt7620/router/mipsel-uclibc/stage/usr/include -I/home/RT-AC54U/asuswrt/release/src-ra-mt7620/router/openssl/include  -I/home/RT-AC54U/asuswrt/release/src-ra-mt7620/router/openssl/include -I/home/RT-AC54U/asuswrt/release/src-ra-mt7620/router/libxml2/include  -D_LARGEFILE64_SOURCE conftest.c >&5
conftest.c: In function 'main':
conftest.c:98: error: size of array 'test_array' is negative
configure:5223: $? = 1
configure: failed program was:
| /* confdefs.h */
| #define PACKAGE_NAME "neon"
| #define PACKAGE_TARNAME "neon"
| #define PACKAGE_VERSION "0.29.6"
| #define PACKAGE_STRING "neon 0.29.6"
| #define PACKAGE_BUGREPORT "neon@lists.manyfish.co.uk"
| #define PACKAGE_URL ""
| #define _GNU_SOURCE 1
| #define NEON_IS_LIBRARY 1
| #define NEON_VERSION "0.29.6"
| #define NE_VERSION_MAJOR (0)
| #define NE_VERSION_MINOR (29)
| #define NE_VERSION_PATCH (6)
| #define STDC_HEADERS 1
| #define HAVE_SYS_TYPES_H 1
| #define HAVE_SYS_STAT_H 1
| #define HAVE_STDLIB_H 1
| #define HAVE_STRING_H 1
| #define HAVE_MEMORY_H 1
| #define HAVE_STRINGS_H 1
| #define HAVE_INTTYPES_H 1
| #define HAVE_STDINT_H 1
| #define HAVE_UNISTD_H 1
| #define __EXTENSIONS__ 1
| #define _ALL_SOURCE 1
| #define _GNU_SOURCE 1
| #define _POSIX_PTHREAD_SEMANTICS 1
| #define _TANDEM_SOURCE 1
| #define SIZEOF_INT 4
| #define SIZEOF_LONG 4
| #define SIZEOF_LONG_LONG 8
| #define HAVE_ERRNO_H 1
| #define HAVE_STDARG_H 1
| #define HAVE_STRING_H 1
| #define HAVE_STDLIB_H 1
| #define SIZEOF_SIZE_T 4
| #define NE_FMT_SIZE_T "u"
| #define SIZEOF_OFF_T 4
| #define NE_FMT_OFF_T "ld"
| #define SIZEOF_SSIZE_T 4
| #define NE_FMT_SSIZE_T "d"
| #define HAVE_DECL_STRERROR_R 1
| #define HAVE_STRERROR_R 1
| #define STRERROR_R_CHAR_P 1
| #define HAVE_SNPRINTF 1
| #define HAVE_VSNPRINTF 1
| #define HAVE_SYS_TIME_H 1
| #define HAVE_LIMITS_H 1
| #define HAVE_SYS_SELECT_H 1
| #define HAVE_ARPA_INET_H 1
| #define HAVE_SIGNAL_H 1
| #define HAVE_SYS_SOCKET_H 1
| #define HAVE_NETINET_IN_H 1
| #define HAVE_NETINET_TCP_H 1
| #define HAVE_NETDB_H 1
| #define HAVE_SYS_POLL_H 1
| #define HAVE_FCNTL_H 1
| #define HAVE_TIMEZONE 1
| /* end confdefs.h.  */
| #include <stdio.h>
| #ifdef HAVE_SYS_TYPES_H
| # include <sys/types.h>
| #endif
| #ifdef HAVE_SYS_STAT_H
| # include <sys/stat.h>
| #endif
| #ifdef STDC_HEADERS
| # include <stdlib.h>
| # include <stddef.h>
| #else
| # ifdef HAVE_STDLIB_H
| #  include <stdlib.h>
| # endif
| #endif
| #ifdef HAVE_STRING_H
| # if !defined STDC_HEADERS && defined HAVE_MEMORY_H
| #  include <memory.h>
| # endif
| # include <string.h>
| #endif
| #ifdef HAVE_STRINGS_H
| # include <strings.h>
| #endif
| #ifdef HAVE_INTTYPES_H
| # include <inttypes.h>
| #endif
| #ifdef HAVE_STDINT_H
| # include <stdint.h>
| #endif
| #ifdef HAVE_UNISTD_H
| # include <unistd.h>
| #endif
| 
| 
| int
| main ()
| {
| static int test_array [1 - 2 * !(((long int) (sizeof (off64_t))) <= 1)];
| test_array [0] = 0
| 
|   ;
|   return 0;
| }
configure:5223: mipsel-uclibc-gcc -c -I/home/RT-AC54U/asuswrt/release/src-ra-mt7620/router/mipsel-uclibc/stage/usr/include -I/home/RT-AC54U/asuswrt/release/src-ra-mt7620/router/openssl/include  -I/home/RT-AC54U/asuswrt/release/src-ra-mt7620/router/openssl/include -I/home/RT-AC54U/asuswrt/release/src-ra-mt7620/router/libxml2/include  -D_LARGEFILE64_SOURCE conftest.c >&5
conftest.c: In function 'main':
conftest.c:98: error: size of array 'test_array' is negative
configure:5223: $? = 1
configure: failed program was:
| /* confdefs.h */
| #define PACKAGE_NAME "neon"
| #define PACKAGE_TARNAME "neon"
| #define PACKAGE_VERSION "0.29.6"
| #define PACKAGE_STRING "neon 0.29.6"
| #define PACKAGE_BUGREPORT "neon@lists.manyfish.co.uk"
| #define PACKAGE_URL ""
| #define _GNU_SOURCE 1
| #define NEON_IS_LIBRARY 1
| #define NEON_VERSION "0.29.6"
| #define NE_VERSION_MAJOR (0)
| #define NE_VERSION_MINOR (29)
| #define NE_VERSION_PATCH (6)
| #define STDC_HEADERS 1
| #define HAVE_SYS_TYPES_H 1
| #define HAVE_SYS_STAT_H 1
| #define HAVE_STDLIB_H 1
| #define HAVE_STRING_H 1
| #define HAVE_MEMORY_H 1
| #define HAVE_STRINGS_H 1
| #define HAVE_INTTYPES_H 1
| #define HAVE_STDINT_H 1
| #define HAVE_UNISTD_H 1
| #define __EXTENSIONS__ 1
| #define _ALL_SOURCE 1
| #define _GNU_SOURCE 1
| #define _POSIX_PTHREAD_SEMANTICS 1
| #define _TANDEM_SOURCE 1
| #define SIZEOF_INT 4
| #define SIZEOF_LONG 4
| #define SIZEOF_LONG_LONG 8
| #define HAVE_ERRNO_H 1
| #define HAVE_STDARG_H 1
| #define HAVE_STRING_H 1
| #define HAVE_STDLIB_H 1
| #define SIZEOF_SIZE_T 4
| #define NE_FMT_SIZE_T "u"
| #define SIZEOF_OFF_T 4
| #define NE_FMT_OFF_T "ld"
| #define SIZEOF_SSIZE_T 4
| #define NE_FMT_SSIZE_T "d"
| #define HAVE_DECL_STRERROR_R 1
| #define HAVE_STRERROR_R 1
| #define STRERROR_R_CHAR_P 1
| #define HAVE_SNPRINTF 1
| #define HAVE_VSNPRINTF 1
| #define HAVE_SYS_TIME_H 1
| #define HAVE_LIMITS_H 1
| #define HAVE_SYS_SELECT_H 1
| #define HAVE_ARPA_INET_H 1
| #define HAVE_SIGNAL_H 1
| #define HAVE_SYS_SOCKET_H 1
| #define HAVE_NETINET_IN_H 1
| #define HAVE_NETINET_TCP_H 1
| #define HAVE_NETDB_H 1
| #define HAVE_SYS_POLL_H 1
| #define HAVE_FCNTL_H 1
| #define HAVE_TIMEZONE 1
| /* end confdefs.h.  */
| #include <stdio.h>
| #ifdef HAVE_SYS_TYPES_H
| # include <sys/types.h>
| #endif
| #ifdef HAVE_SYS_STAT_H
| # include <sys/stat.h>
| #endif
| #ifdef STDC_HEADERS
| # include <stdlib.h>
| # include <stddef.h>
| #else
| # ifdef HAVE_STDLIB_H
| #  include <stdlib.h>
| # endif
| #endif
| #ifdef HAVE_STRING_H
| # if !defined STDC_HEADERS && defined HAVE_MEMORY_H
| #  include <memory.h>
| # endif
| # include <string.h>
| #endif
| #ifdef HAVE_STRINGS_H
| # include <strings.h>
| #endif
| #ifdef HAVE_INTTYPES_H
| # include <inttypes.h>
| #endif
| #ifdef HAVE_STDINT_H
| # include <stdint.h>
| #endif
| #ifdef HAVE_UNISTD_H
| # include <unistd.h>
| #endif
| 
| 
| int
| main ()
| {
| static int test_array [1 - 2 * !(((long int) (sizeof (off64_t))) <= 3)];
| test_array [0] = 0
| 
|   ;
|   return 0;
| }
configure:5223: mipsel-uclibc-gcc -c -I/home/RT-AC54U/asuswrt/release/src-ra-mt7620/router/mipsel-uclibc/stage/usr/include -I/home/RT-AC54U/asuswrt/release/src-ra-mt7620/router/openssl/include  -I/home/RT-AC54U/asuswrt/release/src-ra-mt7620/router/openssl/include -I/home/RT-AC54U/asuswrt/release/src-ra-mt7620/router/libxml2/include  -D_LARGEFILE64_SOURCE conftest.c >&5
conftest.c: In function 'main':
conftest.c:98: error: size of array 'test_array' is negative
configure:5223: $? = 1
configure: failed program was:
| /* confdefs.h */
| #define PACKAGE_NAME "neon"
| #define PACKAGE_TARNAME "neon"
| #define PACKAGE_VERSION "0.29.6"
| #define PACKAGE_STRING "neon 0.29.6"
| #define PACKAGE_BUGREPORT "neon@lists.manyfish.co.uk"
| #define PACKAGE_URL ""
| #define _GNU_SOURCE 1
| #define NEON_IS_LIBRARY 1
| #define NEON_VERSION "0.29.6"
| #define NE_VERSION_MAJOR (0)
| #define NE_VERSION_MINOR (29)
| #define NE_VERSION_PATCH (6)
| #define STDC_HEADERS 1
| #define HAVE_SYS_TYPES_H 1
| #define HAVE_SYS_STAT_H 1
| #define HAVE_STDLIB_H 1
| #define HAVE_STRING_H 1
| #define HAVE_MEMORY_H 1
| #define HAVE_STRINGS_H 1
| #define HAVE_INTTYPES_H 1
| #define HAVE_STDINT_H 1
| #define HAVE_UNISTD_H 1
| #define __EXTENSIONS__ 1
| #define _ALL_SOURCE 1
| #define _GNU_SOURCE 1
| #define _POSIX_PTHREAD_SEMANTICS 1
| #define _TANDEM_SOURCE 1
| #define SIZEOF_INT 4
| #define SIZEOF_LONG 4
| #define SIZEOF_LONG_LONG 8
| #define HAVE_ERRNO_H 1
| #define HAVE_STDARG_H 1
| #define HAVE_STRING_H 1
| #define HAVE_STDLIB_H 1
| #define SIZEOF_SIZE_T 4
| #define NE_FMT_SIZE_T "u"
| #define SIZEOF_OFF_T 4
| #define NE_FMT_OFF_T "ld"
| #define SIZEOF_SSIZE_T 4
| #define NE_FMT_SSIZE_T "d"
| #define HAVE_DECL_STRERROR_R 1
| #define HAVE_STRERROR_R 1
| #define STRERROR_R_CHAR_P 1
| #define HAVE_SNPRINTF 1
| #define HAVE_VSNPRINTF 1
| #define HAVE_SYS_TIME_H 1
| #define HAVE_LIMITS_H 1
| #define HAVE_SYS_SELECT_H 1
| #define HAVE_ARPA_INET_H 1
| #define HAVE_SIGNAL_H 1
| #define HAVE_SYS_SOCKET_H 1
| #define HAVE_NETINET_IN_H 1
| #define HAVE_NETINET_TCP_H 1
| #define HAVE_NETDB_H 1
| #define HAVE_SYS_POLL_H 1
| #define HAVE_FCNTL_H 1
| #define HAVE_TIMEZONE 1
| /* end confdefs.h.  */
| #include <stdio.h>
| #ifdef HAVE_SYS_TYPES_H
| # include <sys/types.h>
| #endif
| #ifdef HAVE_SYS_STAT_H
| # include <sys/stat.h>
| #endif
| #ifdef STDC_HEADERS
| # include <stdlib.h>
| # include <stddef.h>
| #else
| # ifdef HAVE_STDLIB_H
| #  include <stdlib.h>
| # endif
| #endif
| #ifdef HAVE_STRING_H
| # if !defined STDC_HEADERS && defined HAVE_MEMORY_H
| #  include <memory.h>
| # endif
| # include <string.h>
| #endif
| #ifdef HAVE_STRINGS_H
| # include <strings.h>
| #endif
| #ifdef HAVE_INTTYPES_H
| # include <inttypes.h>
| #endif
| #ifdef HAVE_STDINT_H
| # include <stdint.h>
| #endif
| #ifdef HAVE_UNISTD_H
| # include <unistd.h>
| #endif
| 
| 
| int
| main ()
| {
| static int test_array [1 - 2 * !(((long int) (sizeof (off64_t))) <= 7)];
| test_array [0] = 0
| 
|   ;
|   return 0;
| }
configure:5223: mipsel-uclibc-gcc -c -I/home/RT-AC54U/asuswrt/release/src-ra-mt7620/router/mipsel-uclibc/stage/usr/include -I/home/RT-AC54U/asuswrt/release/src-ra-mt7620/router/openssl/include  -I/home/RT-AC54U/asuswrt/release/src-ra-mt7620/router/openssl/include -I/home/RT-AC54U/asuswrt/release/src-ra-mt7620/router/libxml2/include  -D_LARGEFILE64_SOURCE conftest.c >&5
configure:5223: $? = 0
configure:5223: mipsel-uclibc-gcc -c -I/home/RT-AC54U/asuswrt/release/src-ra-mt7620/router/mipsel-uclibc/stage/usr/include -I/home/RT-AC54U/asuswrt/release/src-ra-mt7620/router/openssl/include  -I/home/RT-AC54U/asuswrt/release/src-ra-mt7620/router/openssl/include -I/home/RT-AC54U/asuswrt/release/src-ra-mt7620/router/libxml2/include  -D_LARGEFILE64_SOURCE conftest.c >&5
configure:5223: $? = 0
configure:5223: mipsel-uclibc-gcc -c -I/home/RT-AC54U/asuswrt/release/src-ra-mt7620/router/mipsel-uclibc/stage/usr/include -I/home/RT-AC54U/asuswrt/release/src-ra-mt7620/router/openssl/include  -I/home/RT-AC54U/asuswrt/release/src-ra-mt7620/router/openssl/include -I/home/RT-AC54U/asuswrt/release/src-ra-mt7620/router/libxml2/include  -D_LARGEFILE64_SOURCE conftest.c >&5
configure:5223: $? = 0
configure:5223: mipsel-uclibc-gcc -c -I/home/RT-AC54U/asuswrt/release/src-ra-mt7620/router/mipsel-uclibc/stage/usr/include -I/home/RT-AC54U/asuswrt/release/src-ra-mt7620/router/openssl/include  -I/home/RT-AC54U/asuswrt/release/src-ra-mt7620/router/openssl/include -I/home/RT-AC54U/asuswrt/release/src-ra-mt7620/router/libxml2/include  -D_LARGEFILE64_SOURCE conftest.c >&5
configure:5223: $? = 0
configure:5239: result: 8
configure:5254: checking how to print off64_t
configure:5279: mipsel-uclibc-gcc -c -I/home/RT-AC54U/asuswrt/release/src-ra-mt7620/router/mipsel-uclibc/stage/usr/include -I/home/RT-AC54U/asuswrt/release/src-ra-mt7620/router/openssl/include  -I/home/RT-AC54U/asuswrt/release/src-ra-mt7620/router/openssl/include -I/home/RT-AC54U/asuswrt/release/src-ra-mt7620/router/libxml2/include  -D_LARGEFILE64_SOURCE -Wformat -Werror conftest.c >&5
cc1: warnings being treated as errors
conftest.c: In function 'main':
conftest.c:67: warning: format '%d' expects type 'int', but argument 2 has type 'off64_t'
configure:5279: $? = 1
configure: failed program was:
| /* confdefs.h */
| #define PACKAGE_NAME "neon"
| #define PACKAGE_TARNAME "neon"
| #define PACKAGE_VERSION "0.29.6"
| #define PACKAGE_STRING "neon 0.29.6"
| #define PACKAGE_BUGREPORT "neon@lists.manyfish.co.uk"
| #define PACKAGE_URL ""
| #define _GNU_SOURCE 1
| #define NEON_IS_LIBRARY 1
| #define NEON_VERSION "0.29.6"
| #define NE_VERSION_MAJOR (0)
| #define NE_VERSION_MINOR (29)
| #define NE_VERSION_PATCH (6)
| #define STDC_HEADERS 1
| #define HAVE_SYS_TYPES_H 1
| #define HAVE_SYS_STAT_H 1
| #define HAVE_STDLIB_H 1
| #define HAVE_STRING_H 1
| #define HAVE_MEMORY_H 1
| #define HAVE_STRINGS_H 1
| #define HAVE_INTTYPES_H 1
| #define HAVE_STDINT_H 1
| #define HAVE_UNISTD_H 1
| #define __EXTENSIONS__ 1
| #define _ALL_SOURCE 1
| #define _GNU_SOURCE 1
| #define _POSIX_PTHREAD_SEMANTICS 1
| #define _TANDEM_SOURCE 1
| #define SIZEOF_INT 4
| #define SIZEOF_LONG 4
| #define SIZEOF_LONG_LONG 8
| #define HAVE_ERRNO_H 1
| #define HAVE_STDARG_H 1
| #define HAVE_STRING_H 1
| #define HAVE_STDLIB_H 1
| #define SIZEOF_SIZE_T 4
| #define NE_FMT_SIZE_T "u"
| #define SIZEOF_OFF_T 4
| #define NE_FMT_OFF_T "ld"
| #define SIZEOF_SSIZE_T 4
| #define NE_FMT_SSIZE_T "d"
| #define HAVE_DECL_STRERROR_R 1
| #define HAVE_STRERROR_R 1
| #define STRERROR_R_CHAR_P 1
| #define HAVE_SNPRINTF 1
| #define HAVE_VSNPRINTF 1
| #define HAVE_SYS_TIME_H 1
| #define HAVE_LIMITS_H 1
| #define HAVE_SYS_SELECT_H 1
| #define HAVE_ARPA_INET_H 1
| #define HAVE_SIGNAL_H 1
| #define HAVE_SYS_SOCKET_H 1
| #define HAVE_NETINET_IN_H 1
| #define HAVE_NETINET_TCP_H 1
| #define HAVE_NETDB_H 1
| #define HAVE_SYS_POLL_H 1
| #define HAVE_FCNTL_H 1
| #define HAVE_TIMEZONE 1
| #define SIZEOF_OFF64_T 8
| /* end confdefs.h.  */
| #include <sys/types.h>
| 
| #include <stdio.h>
| int
| main ()
| {
| off64_t i = 1; printf("%d", i);
|   ;
|   return 0;
| }
configure:5279: mipsel-uclibc-gcc -c -I/home/RT-AC54U/asuswrt/release/src-ra-mt7620/router/mipsel-uclibc/stage/usr/include -I/home/RT-AC54U/asuswrt/release/src-ra-mt7620/router/openssl/include  -I/home/RT-AC54U/asuswrt/release/src-ra-mt7620/router/openssl/include -I/home/RT-AC54U/asuswrt/release/src-ra-mt7620/router/libxml2/include  -D_LARGEFILE64_SOURCE -Wformat -Werror conftest.c >&5
cc1: warnings being treated as errors
conftest.c: In function 'main':
conftest.c:67: warning: format '%ld' expects type 'long int', but argument 2 has type 'off64_t'
configure:5279: $? = 1
configure: failed program was:
| /* confdefs.h */
| #define PACKAGE_NAME "neon"
| #define PACKAGE_TARNAME "neon"
| #define PACKAGE_VERSION "0.29.6"
| #define PACKAGE_STRING "neon 0.29.6"
| #define PACKAGE_BUGREPORT "neon@lists.manyfish.co.uk"
| #define PACKAGE_URL ""
| #define _GNU_SOURCE 1
| #define NEON_IS_LIBRARY 1
| #define NEON_VERSION "0.29.6"
| #define NE_VERSION_MAJOR (0)
| #define NE_VERSION_MINOR (29)
| #define NE_VERSION_PATCH (6)
| #define STDC_HEADERS 1
| #define HAVE_SYS_TYPES_H 1
| #define HAVE_SYS_STAT_H 1
| #define HAVE_STDLIB_H 1
| #define HAVE_STRING_H 1
| #define HAVE_MEMORY_H 1
| #define HAVE_STRINGS_H 1
| #define HAVE_INTTYPES_H 1
| #define HAVE_STDINT_H 1
| #define HAVE_UNISTD_H 1
| #define __EXTENSIONS__ 1
| #define _ALL_SOURCE 1
| #define _GNU_SOURCE 1
| #define _POSIX_PTHREAD_SEMANTICS 1
| #define _TANDEM_SOURCE 1
| #define SIZEOF_INT 4
| #define SIZEOF_LONG 4
| #define SIZEOF_LONG_LONG 8
| #define HAVE_ERRNO_H 1
| #define HAVE_STDARG_H 1
| #define HAVE_STRING_H 1
| #define HAVE_STDLIB_H 1
| #define SIZEOF_SIZE_T 4
| #define NE_FMT_SIZE_T "u"
| #define SIZEOF_OFF_T 4
| #define NE_FMT_OFF_T "ld"
| #define SIZEOF_SSIZE_T 4
| #define NE_FMT_SSIZE_T "d"
| #define HAVE_DECL_STRERROR_R 1
| #define HAVE_STRERROR_R 1
| #define STRERROR_R_CHAR_P 1
| #define HAVE_SNPRINTF 1
| #define HAVE_VSNPRINTF 1
| #define HAVE_SYS_TIME_H 1
| #define HAVE_LIMITS_H 1
| #define HAVE_SYS_SELECT_H 1
| #define HAVE_ARPA_INET_H 1
| #define HAVE_SIGNAL_H 1
| #define HAVE_SYS_SOCKET_H 1
| #define HAVE_NETINET_IN_H 1
| #define HAVE_NETINET_TCP_H 1
| #define HAVE_NETDB_H 1
| #define HAVE_SYS_POLL_H 1
| #define HAVE_FCNTL_H 1
| #define HAVE_TIMEZONE 1
| #define SIZEOF_OFF64_T 8
| /* end confdefs.h.  */
| #include <sys/types.h>
| 
| #include <stdio.h>
| int
| main ()
| {
| off64_t i = 1; printf("%ld", i);
|   ;
|   return 0;
| }
configure:5279: mipsel-uclibc-gcc -c -I/home/RT-AC54U/asuswrt/release/src-ra-mt7620/router/mipsel-uclibc/stage/usr/include -I/home/RT-AC54U/asuswrt/release/src-ra-mt7620/router/openssl/include  -I/home/RT-AC54U/asuswrt/release/src-ra-mt7620/router/openssl/include -I/home/RT-AC54U/asuswrt/release/src-ra-mt7620/router/libxml2/include  -D_LARGEFILE64_SOURCE -Wformat -Werror conftest.c >&5
configure:5279: $? = 0
configure:5296: result: lld
configure:5313: checking for strtoll
configure:5313: mipsel-uclibc-gcc -o conftest -I/home/RT-AC54U/asuswrt/release/src-ra-mt7620/router/mipsel-uclibc/stage/usr/include -I/home/RT-AC54U/asuswrt/release/src-ra-mt7620/router/openssl/include  -I/home/RT-AC54U/asuswrt/release/src-ra-mt7620/router/openssl/include -I/home/RT-AC54U/asuswrt/release/src-ra-mt7620/router/libxml2/include  -D_LARGEFILE64_SOURCE  -L/home/RT-AC54U/asuswrt/release/src-ra-mt7620/router/openssl/lib -L/home/RT-AC54U/asuswrt/release/src-ra-mt7620/router/libxml2/lib -L/home/RT-AC54U/asuswrt/release/src-ra-mt7620/router/libxml2/.libs -L/home/RT-AC54U/asuswrt/release/src-ra-mt7620/router/mipsel-uclibc/stage/usr/lib -L/home/RT-AC54U/asuswrt/release/src-ra-mt7620/router/openssl conftest.c -lxml2 -lssl -lcrypto -lpthread -ldl -lm >&5
configure:5313: $? = 0
configure:5313: result: yes
configure:5325: checking for lseek64
configure:5325: mipsel-uclibc-gcc -o conftest -I/home/RT-AC54U/asuswrt/release/src-ra-mt7620/router/mipsel-uclibc/stage/usr/include -I/home/RT-AC54U/asuswrt/release/src-ra-mt7620/router/openssl/include  -I/home/RT-AC54U/asuswrt/release/src-ra-mt7620/router/openssl/include -I/home/RT-AC54U/asuswrt/release/src-ra-mt7620/router/libxml2/include  -D_LARGEFILE64_SOURCE  -L/home/RT-AC54U/asuswrt/release/src-ra-mt7620/router/openssl/lib -L/home/RT-AC54U/asuswrt/release/src-ra-mt7620/router/libxml2/lib -L/home/RT-AC54U/asuswrt/release/src-ra-mt7620/router/libxml2/.libs -L/home/RT-AC54U/asuswrt/release/src-ra-mt7620/router/mipsel-uclibc/stage/usr/lib -L/home/RT-AC54U/asuswrt/release/src-ra-mt7620/router/openssl conftest.c -lxml2 -lssl -lcrypto -lpthread -ldl -lm >&5
configure:5325: $? = 0
configure:5325: result: yes
configure:5325: checking for fstat64
configure:5325: mipsel-uclibc-gcc -o conftest -I/home/RT-AC54U/asuswrt/release/src-ra-mt7620/router/mipsel-uclibc/stage/usr/include -I/home/RT-AC54U/asuswrt/release/src-ra-mt7620/router/openssl/include  -I/home/RT-AC54U/asuswrt/release/src-ra-mt7620/router/openssl/include -I/home/RT-AC54U/asuswrt/release/src-ra-mt7620/router/libxml2/include  -D_LARGEFILE64_SOURCE  -L/home/RT-AC54U/asuswrt/release/src-ra-mt7620/router/openssl/lib -L/home/RT-AC54U/asuswrt/release/src-ra-mt7620/router/libxml2/lib -L/home/RT-AC54U/asuswrt/release/src-ra-mt7620/router/libxml2/.libs -L/home/RT-AC54U/asuswrt/release/src-ra-mt7620/router/mipsel-uclibc/stage/usr/lib -L/home/RT-AC54U/asuswrt/release/src-ra-mt7620/router/openssl conftest.c -lxml2 -lssl -lcrypto -lpthread -ldl -lm >&5
configure:5325: $? = 0
configure:5325: result: yes
configure:5344: LFS (large file) support enabled
configure:5384: checking for strcasecmp
configure:5384: mipsel-uclibc-gcc -o conftest -I/home/RT-AC54U/asuswrt/release/src-ra-mt7620/router/mipsel-uclibc/stage/usr/include -I/home/RT-AC54U/asuswrt/release/src-ra-mt7620/router/openssl/include  -I/home/RT-AC54U/asuswrt/release/src-ra-mt7620/router/openssl/include -I/home/RT-AC54U/asuswrt/release/src-ra-mt7620/router/libxml2/include  -D_LARGEFILE64_SOURCE -DNE_LFS  -L/home/RT-AC54U/asuswrt/release/src-ra-mt7620/router/openssl/lib -L/home/RT-AC54U/asuswrt/release/src-ra-mt7620/router/libxml2/lib -L/home/RT-AC54U/asuswrt/release/src-ra-mt7620/router/libxml2/.libs -L/home/RT-AC54U/asuswrt/release/src-ra-mt7620/router/mipsel-uclibc/stage/usr/lib -L/home/RT-AC54U/asuswrt/release/src-ra-mt7620/router/openssl conftest.c -lxml2 -lssl -lcrypto -lpthread -ldl -lm >&5
conftest.c:90: warning: conflicting types for built-in function 'strcasecmp'
configure:5384: $? = 0
configure:5384: result: yes
configure:5402: checking for signal
configure:5402: mipsel-uclibc-gcc -o conftest -I/home/RT-AC54U/asuswrt/release/src-ra-mt7620/router/mipsel-uclibc/stage/usr/include -I/home/RT-AC54U/asuswrt/release/src-ra-mt7620/router/openssl/include  -I/home/RT-AC54U/asuswrt/release/src-ra-mt7620/router/openssl/include -I/home/RT-AC54U/asuswrt/release/src-ra-mt7620/router/libxml2/include  -D_LARGEFILE64_SOURCE -DNE_LFS  -L/home/RT-AC54U/asuswrt/release/src-ra-mt7620/router/openssl/lib -L/home/RT-AC54U/asuswrt/release/src-ra-mt7620/router/libxml2/lib -L/home/RT-AC54U/asuswrt/release/src-ra-mt7620/router/libxml2/.libs -L/home/RT-AC54U/asuswrt/release/src-ra-mt7620/router/mipsel-uclibc/stage/usr/lib -L/home/RT-AC54U/asuswrt/release/src-ra-mt7620/router/openssl conftest.c -lxml2 -lssl -lcrypto -lpthread -ldl -lm >&5
configure:5402: $? = 0
configure:5402: result: yes
configure:5402: checking for setvbuf
configure:5402: mipsel-uclibc-gcc -o conftest -I/home/RT-AC54U/asuswrt/release/src-ra-mt7620/router/mipsel-uclibc/stage/usr/include -I/home/RT-AC54U/asuswrt/release/src-ra-mt7620/router/openssl/include  -I/home/RT-AC54U/asuswrt/release/src-ra-mt7620/router/openssl/include -I/home/RT-AC54U/asuswrt/release/src-ra-mt7620/router/libxml2/include  -D_LARGEFILE64_SOURCE -DNE_LFS  -L/home/RT-AC54U/asuswrt/release/src-ra-mt7620/router/openssl/lib -L/home/RT-AC54U/asuswrt/release/src-ra-mt7620/router/libxml2/lib -L/home/RT-AC54U/asuswrt/release/src-ra-mt7620/router/libxml2/.libs -L/home/RT-AC54U/asuswrt/release/src-ra-mt7620/router/mipsel-uclibc/stage/usr/lib -L/home/RT-AC54U/asuswrt/release/src-ra-mt7620/router/openssl conftest.c -lxml2 -lssl -lcrypto -lpthread -ldl -lm >&5
configure:5402: $? = 0
configure:5402: result: yes
configure:5402: checking for setsockopt
configure:5402: mipsel-uclibc-gcc -o conftest -I/home/RT-AC54U/asuswrt/release/src-ra-mt7620/router/mipsel-uclibc/stage/usr/include -I/home/RT-AC54U/asuswrt/release/src-ra-mt7620/router/openssl/include  -I/home/RT-AC54U/asuswrt/release/src-ra-mt7620/router/openssl/include -I/home/RT-AC54U/asuswrt/release/src-ra-mt7620/router/libxml2/include  -D_LARGEFILE64_SOURCE -DNE_LFS  -L/home/RT-AC54U/asuswrt/release/src-ra-mt7620/router/openssl/lib -L/home/RT-AC54U/asuswrt/release/src-ra-mt7620/router/libxml2/lib -L/home/RT-AC54U/asuswrt/release/src-ra-mt7620/router/libxml2/.libs -L/home/RT-AC54U/asuswrt/release/src-ra-mt7620/router/mipsel-uclibc/stage/usr/lib -L/home/RT-AC54U/asuswrt/release/src-ra-mt7620/router/openssl conftest.c -lxml2 -lssl -lcrypto -lpthread -ldl -lm >&5
configure:5402: $? = 0
configure:5402: result: yes
configure:5402: checking for stpcpy
configure:5402: mipsel-uclibc-gcc -o conftest -I/home/RT-AC54U/asuswrt/release/src-ra-mt7620/router/mipsel-uclibc/stage/usr/include -I/home/RT-AC54U/asuswrt/release/src-ra-mt7620/router/openssl/include  -I/home/RT-AC54U/asuswrt/release/src-ra-mt7620/router/openssl/include -I/home/RT-AC54U/asuswrt/release/src-ra-mt7620/router/libxml2/include  -D_LARGEFILE64_SOURCE -DNE_LFS  -L/home/RT-AC54U/asuswrt/release/src-ra-mt7620/router/openssl/lib -L/home/RT-AC54U/asuswrt/release/src-ra-mt7620/router/libxml2/lib -L/home/RT-AC54U/asuswrt/release/src-ra-mt7620/router/libxml2/.libs -L/home/RT-AC54U/asuswrt/release/src-ra-mt7620/router/mipsel-uclibc/stage/usr/lib -L/home/RT-AC54U/asuswrt/release/src-ra-mt7620/router/openssl conftest.c -lxml2 -lssl -lcrypto -lpthread -ldl -lm >&5
conftest.c:94: warning: conflicting types for built-in function 'stpcpy'
configure:5402: $? = 0
configure:5402: result: yes
configure:5402: checking for poll
configure:5402: mipsel-uclibc-gcc -o conftest -I/home/RT-AC54U/asuswrt/release/src-ra-mt7620/router/mipsel-uclibc/stage/usr/include -I/home/RT-AC54U/asuswrt/release/src-ra-mt7620/router/openssl/include  -I/home/RT-AC54U/asuswrt/release/src-ra-mt7620/router/openssl/include -I/home/RT-AC54U/asuswrt/release/src-ra-mt7620/router/libxml2/include  -D_LARGEFILE64_SOURCE -DNE_LFS  -L/home/RT-AC54U/asuswrt/release/src-ra-mt7620/router/openssl/lib -L/home/RT-AC54U/asuswrt/release/src-ra-mt7620/router/libxml2/lib -L/home/RT-AC54U/asuswrt/release/src-ra-mt7620/router/libxml2/.libs -L/home/RT-AC54U/asuswrt/release/src-ra-mt7620/router/mipsel-uclibc/stage/usr/lib -L/home/RT-AC54U/asuswrt/release/src-ra-mt7620/router/openssl conftest.c -lxml2 -lssl -lcrypto -lpthread -ldl -lm >&5
configure:5402: $? = 0
configure:5402: result: yes
configure:5402: checking for fcntl
configure:5402: mipsel-uclibc-gcc -o conftest -I/home/RT-AC54U/asuswrt/release/src-ra-mt7620/router/mipsel-uclibc/stage/usr/include -I/home/RT-AC54U/asuswrt/release/src-ra-mt7620/router/openssl/include  -I/home/RT-AC54U/asuswrt/release/src-ra-mt7620/router/openssl/include -I/home/RT-AC54U/asuswrt/release/src-ra-mt7620/router/libxml2/include  -D_LARGEFILE64_SOURCE -DNE_LFS  -L/home/RT-AC54U/asuswrt/release/src-ra-mt7620/router/openssl/lib -L/home/RT-AC54U/asuswrt/release/src-ra-mt7620/router/libxml2/lib -L/home/RT-AC54U/asuswrt/release/src-ra-mt7620/router/libxml2/.libs -L/home/RT-AC54U/asuswrt/release/src-ra-mt7620/router/mipsel-uclibc/stage/usr/lib -L/home/RT-AC54U/asuswrt/release/src-ra-mt7620/router/openssl conftest.c -lxml2 -lssl -lcrypto -lpthread -ldl -lm >&5
configure:5402: $? = 0
configure:5402: result: yes
configure:5402: checking for getsockopt
configure:5402: mipsel-uclibc-gcc -o conftest -I/home/RT-AC54U/asuswrt/release/src-ra-mt7620/router/mipsel-uclibc/stage/usr/include -I/home/RT-AC54U/asuswrt/release/src-ra-mt7620/router/openssl/include  -I/home/RT-AC54U/asuswrt/release/src-ra-mt7620/router/openssl/include -I/home/RT-AC54U/asuswrt/release/src-ra-mt7620/router/libxml2/include  -D_LARGEFILE64_SOURCE -DNE_LFS  -L/home/RT-AC54U/asuswrt/release/src-ra-mt7620/router/openssl/lib -L/home/RT-AC54U/asuswrt/release/src-ra-mt7620/router/libxml2/lib -L/home/RT-AC54U/asuswrt/release/src-ra-mt7620/router/libxml2/.libs -L/home/RT-AC54U/asuswrt/release/src-ra-mt7620/router/mipsel-uclibc/stage/usr/lib -L/home/RT-AC54U/asuswrt/release/src-ra-mt7620/router/openssl conftest.c -lxml2 -lssl -lcrypto -lpthread -ldl -lm >&5
configure:5402: $? = 0
configure:5402: result: yes
configure:5419: checking whether stpcpy is declared
configure:5419: mipsel-uclibc-gcc -c -I/home/RT-AC54U/asuswrt/release/src-ra-mt7620/router/mipsel-uclibc/stage/usr/include -I/home/RT-AC54U/asuswrt/release/src-ra-mt7620/router/openssl/include  -I/home/RT-AC54U/asuswrt/release/src-ra-mt7620/router/openssl/include -I/home/RT-AC54U/asuswrt/release/src-ra-mt7620/router/libxml2/include  -D_LARGEFILE64_SOURCE -DNE_LFS conftest.c >&5
configure:5419: $? = 0
configure:5419: result: yes
configure:5442: checking for library containing socket
configure:5459: mipsel-uclibc-gcc -o conftest -I/home/RT-AC54U/asuswrt/release/src-ra-mt7620/router/mipsel-uclibc/stage/usr/include -I/home/RT-AC54U/asuswrt/release/src-ra-mt7620/router/openssl/include  -I/home/RT-AC54U/asuswrt/release/src-ra-mt7620/router/openssl/include -I/home/RT-AC54U/asuswrt/release/src-ra-mt7620/router/libxml2/include  -D_LARGEFILE64_SOURCE -DNE_LFS  -L/home/RT-AC54U/asuswrt/release/src-ra-mt7620/router/openssl/lib -L/home/RT-AC54U/asuswrt/release/src-ra-mt7620/router/libxml2/lib -L/home/RT-AC54U/asuswrt/release/src-ra-mt7620/router/libxml2/.libs -L/home/RT-AC54U/asuswrt/release/src-ra-mt7620/router/mipsel-uclibc/stage/usr/lib -L/home/RT-AC54U/asuswrt/release/src-ra-mt7620/router/openssl conftest.c -lxml2 -lssl -lcrypto -lpthread -ldl -lm >&5
configure:5459: $? = 0
configure:5496: result: none needed
configure:5514: checking for library containing getaddrinfo
configure:5531: mipsel-uclibc-gcc -o conftest -I/home/RT-AC54U/asuswrt/release/src-ra-mt7620/router/mipsel-uclibc/stage/usr/include -I/home/RT-AC54U/asuswrt/release/src-ra-mt7620/router/openssl/include  -I/home/RT-AC54U/asuswrt/release/src-ra-mt7620/router/openssl/include -I/home/RT-AC54U/asuswrt/release/src-ra-mt7620/router/libxml2/include  -D_LARGEFILE64_SOURCE -DNE_LFS  -L/home/RT-AC54U/asuswrt/release/src-ra-mt7620/router/openssl/lib -L/home/RT-AC54U/asuswrt/release/src-ra-mt7620/router/libxml2/lib -L/home/RT-AC54U/asuswrt/release/src-ra-mt7620/router/libxml2/.libs -L/home/RT-AC54U/asuswrt/release/src-ra-mt7620/router/mipsel-uclibc/stage/usr/lib -L/home/RT-AC54U/asuswrt/release/src-ra-mt7620/router/openssl conftest.c -lxml2 -lssl -lcrypto -lpthread -ldl -lm >&5
configure:5531: $? = 0
configure:5568: result: none needed
configure:5588: checking for gai_strerror
configure:5588: mipsel-uclibc-gcc -o conftest -I/home/RT-AC54U/asuswrt/release/src-ra-mt7620/router/mipsel-uclibc/stage/usr/include -I/home/RT-AC54U/asuswrt/release/src-ra-mt7620/router/openssl/include  -I/home/RT-AC54U/asuswrt/release/src-ra-mt7620/router/openssl/include -I/home/RT-AC54U/asuswrt/release/src-ra-mt7620/router/libxml2/include  -D_LARGEFILE64_SOURCE -DNE_LFS  -L/home/RT-AC54U/asuswrt/release/src-ra-mt7620/router/openssl/lib -L/home/RT-AC54U/asuswrt/release/src-ra-mt7620/router/libxml2/lib -L/home/RT-AC54U/asuswrt/release/src-ra-mt7620/router/libxml2/.libs -L/home/RT-AC54U/asuswrt/release/src-ra-mt7620/router/mipsel-uclibc/stage/usr/lib -L/home/RT-AC54U/asuswrt/release/src-ra-mt7620/router/openssl conftest.c -lxml2 -lssl -lcrypto -lpthread -ldl -lm  >&5
configure:5588: $? = 0
configure:5588: result: yes
configure:5588: checking for getnameinfo
configure:5588: mipsel-uclibc-gcc -o conftest -I/home/RT-AC54U/asuswrt/release/src-ra-mt7620/router/mipsel-uclibc/stage/usr/include -I/home/RT-AC54U/asuswrt/release/src-ra-mt7620/router/openssl/include  -I/home/RT-AC54U/asuswrt/release/src-ra-mt7620/router/openssl/include -I/home/RT-AC54U/asuswrt/release/src-ra-mt7620/router/libxml2/include  -D_LARGEFILE64_SOURCE -DNE_LFS  -L/home/RT-AC54U/asuswrt/release/src-ra-mt7620/router/openssl/lib -L/home/RT-AC54U/asuswrt/release/src-ra-mt7620/router/libxml2/lib -L/home/RT-AC54U/asuswrt/release/src-ra-mt7620/router/libxml2/.libs -L/home/RT-AC54U/asuswrt/release/src-ra-mt7620/router/mipsel-uclibc/stage/usr/lib -L/home/RT-AC54U/asuswrt/release/src-ra-mt7620/router/openssl conftest.c -lxml2 -lssl -lcrypto -lpthread -ldl -lm  >&5
configure:5588: $? = 0
configure:5588: result: yes
configure:5588: checking for inet_ntop
configure:5588: mipsel-uclibc-gcc -o conftest -I/home/RT-AC54U/asuswrt/release/src-ra-mt7620/router/mipsel-uclibc/stage/usr/include -I/home/RT-AC54U/asuswrt/release/src-ra-mt7620/router/openssl/include  -I/home/RT-AC54U/asuswrt/release/src-ra-mt7620/router/openssl/include -I/home/RT-AC54U/asuswrt/release/src-ra-mt7620/router/libxml2/include  -D_LARGEFILE64_SOURCE -DNE_LFS  -L/home/RT-AC54U/asuswrt/release/src-ra-mt7620/router/openssl/lib -L/home/RT-AC54U/asuswrt/release/src-ra-mt7620/router/libxml2/lib -L/home/RT-AC54U/asuswrt/release/src-ra-mt7620/router/libxml2/.libs -L/home/RT-AC54U/asuswrt/release/src-ra-mt7620/router/mipsel-uclibc/stage/usr/lib -L/home/RT-AC54U/asuswrt/release/src-ra-mt7620/router/openssl conftest.c -lxml2 -lssl -lcrypto -lpthread -ldl -lm  >&5
configure:5588: $? = 0
configure:5588: result: yes
configure:5588: checking for inet_pton
configure:5588: mipsel-uclibc-gcc -o conftest -I/home/RT-AC54U/asuswrt/release/src-ra-mt7620/router/mipsel-uclibc/stage/usr/include -I/home/RT-AC54U/asuswrt/release/src-ra-mt7620/router/openssl/include  -I/home/RT-AC54U/asuswrt/release/src-ra-mt7620/router/openssl/include -I/home/RT-AC54U/asuswrt/release/src-ra-mt7620/router/libxml2/include  -D_LARGEFILE64_SOURCE -DNE_LFS  -L/home/RT-AC54U/asuswrt/release/src-ra-mt7620/router/openssl/lib -L/home/RT-AC54U/asuswrt/release/src-ra-mt7620/router/libxml2/lib -L/home/RT-AC54U/asuswrt/release/src-ra-mt7620/router/libxml2/.libs -L/home/RT-AC54U/asuswrt/release/src-ra-mt7620/router/mipsel-uclibc/stage/usr/lib -L/home/RT-AC54U/asuswrt/release/src-ra-mt7620/router/openssl conftest.c -lxml2 -lssl -lcrypto -lpthread -ldl -lm  >&5
configure:5588: $? = 0
configure:5588: result: yes
configure:5642: IPv6 support is enabled
configure:5648: checking for working AI_ADDRCONFIG
configure:5681: result: no
configure:5879: checking for socklen_t
configure:5879: mipsel-uclibc-gcc -c -I/home/RT-AC54U/asuswrt/release/src-ra-mt7620/router/mipsel-uclibc/stage/usr/include -I/home/RT-AC54U/asuswrt/release/src-ra-mt7620/router/openssl/include  -I/home/RT-AC54U/asuswrt/release/src-ra-mt7620/router/openssl/include -I/home/RT-AC54U/asuswrt/release/src-ra-mt7620/router/libxml2/include  -D_LARGEFILE64_SOURCE -DNE_LFS conftest.c >&5
configure:5879: $? = 0
configure:5879: mipsel-uclibc-gcc -c -I/home/RT-AC54U/asuswrt/release/src-ra-mt7620/router/mipsel-uclibc/stage/usr/include -I/home/RT-AC54U/asuswrt/release/src-ra-mt7620/router/openssl/include  -I/home/RT-AC54U/asuswrt/release/src-ra-mt7620/router/openssl/include -I/home/RT-AC54U/asuswrt/release/src-ra-mt7620/router/libxml2/include  -D_LARGEFILE64_SOURCE -DNE_LFS conftest.c >&5
conftest.c: In function 'main':
conftest.c:95: error: expected expression before ')' token
configure:5879: $? = 1
configure: failed program was:
| /* confdefs.h */
| #define PACKAGE_NAME "neon"
| #define PACKAGE_TARNAME "neon"
| #define PACKAGE_VERSION "0.29.6"
| #define PACKAGE_STRING "neon 0.29.6"
| #define PACKAGE_BUGREPORT "neon@lists.manyfish.co.uk"
| #define PACKAGE_URL ""
| #define _GNU_SOURCE 1
| #define NEON_IS_LIBRARY 1
| #define NEON_VERSION "0.29.6"
| #define NE_VERSION_MAJOR (0)
| #define NE_VERSION_MINOR (29)
| #define NE_VERSION_PATCH (6)
| #define STDC_HEADERS 1
| #define HAVE_SYS_TYPES_H 1
| #define HAVE_SYS_STAT_H 1
| #define HAVE_STDLIB_H 1
| #define HAVE_STRING_H 1
| #define HAVE_MEMORY_H 1
| #define HAVE_STRINGS_H 1
| #define HAVE_INTTYPES_H 1
| #define HAVE_STDINT_H 1
| #define HAVE_UNISTD_H 1
| #define __EXTENSIONS__ 1
| #define _ALL_SOURCE 1
| #define _GNU_SOURCE 1
| #define _POSIX_PTHREAD_SEMANTICS 1
| #define _TANDEM_SOURCE 1
| #define SIZEOF_INT 4
| #define SIZEOF_LONG 4
| #define SIZEOF_LONG_LONG 8
| #define HAVE_ERRNO_H 1
| #define HAVE_STDARG_H 1
| #define HAVE_STRING_H 1
| #define HAVE_STDLIB_H 1
| #define SIZEOF_SIZE_T 4
| #define NE_FMT_SIZE_T "u"
| #define SIZEOF_OFF_T 4
| #define NE_FMT_OFF_T "ld"
| #define SIZEOF_SSIZE_T 4
| #define NE_FMT_SSIZE_T "d"
| #define HAVE_DECL_STRERROR_R 1
| #define HAVE_STRERROR_R 1
| #define STRERROR_R_CHAR_P 1
| #define HAVE_SNPRINTF 1
| #define HAVE_VSNPRINTF 1
| #define HAVE_SYS_TIME_H 1
| #define HAVE_LIMITS_H 1
| #define HAVE_SYS_SELECT_H 1
| #define HAVE_ARPA_INET_H 1
| #define HAVE_SIGNAL_H 1
| #define HAVE_SYS_SOCKET_H 1
| #define HAVE_NETINET_IN_H 1
| #define HAVE_NETINET_TCP_H 1
| #define HAVE_NETDB_H 1
| #define HAVE_SYS_POLL_H 1
| #define HAVE_FCNTL_H 1
| #define HAVE_TIMEZONE 1
| #define SIZEOF_OFF64_T 8
| #define NE_FMT_OFF64_T "lld"
| #define HAVE_STRTOLL 1
| #define HAVE_LSEEK64 1
| #define HAVE_FSTAT64 1
| #define NE_HAVE_LFS 1
| #define NE_FMT_NE_OFF_T NE_FMT_OFF64_T
| #define HAVE_STRCASECMP 1
| #define HAVE_SIGNAL 1
| #define HAVE_SETVBUF 1
| #define HAVE_SETSOCKOPT 1
| #define HAVE_STPCPY 1
| #define HAVE_POLL 1
| #define HAVE_FCNTL 1
| #define HAVE_GETSOCKOPT 1
| #define NE_USE_POLL 1
| #define HAVE_DECL_STPCPY 1
| #define HAVE_GAI_STRERROR 1
| #define HAVE_GETNAMEINFO 1
| #define HAVE_INET_NTOP 1
| #define HAVE_INET_PTON 1
| #define NE_HAVE_IPV6 1
| #define USE_GETADDRINFO 1
| /* end confdefs.h.  */
| 
| #ifdef HAVE_SYS_TYPES_H
| # include <sys/types.h>
| #endif
| #ifdef HAVE_SYS_SOCKET_H
| # include <sys/socket.h>
| #endif
| 
| 
| int
| main ()
| {
| if (sizeof ((socklen_t)))
| 	    return 0;
|   ;
|   return 0;
| }
configure:5879: result: yes
configure:5903: checking for struct tm.tm_gmtoff
configure:5903: mipsel-uclibc-gcc -c -I/home/RT-AC54U/asuswrt/release/src-ra-mt7620/router/mipsel-uclibc/stage/usr/include -I/home/RT-AC54U/asuswrt/release/src-ra-mt7620/router/openssl/include  -I/home/RT-AC54U/asuswrt/release/src-ra-mt7620/router/openssl/include -I/home/RT-AC54U/asuswrt/release/src-ra-mt7620/router/libxml2/include  -D_LARGEFILE64_SOURCE -DNE_LFS conftest.c >&5
configure:5903: $? = 0
configure:5903: result: yes
configure:5913: checking for struct tm.__tm_gmtoff
configure:5913: mipsel-uclibc-gcc -c -I/home/RT-AC54U/asuswrt/release/src-ra-mt7620/router/mipsel-uclibc/stage/usr/include -I/home/RT-AC54U/asuswrt/release/src-ra-mt7620/router/openssl/include  -I/home/RT-AC54U/asuswrt/release/src-ra-mt7620/router/openssl/include -I/home/RT-AC54U/asuswrt/release/src-ra-mt7620/router/libxml2/include  -D_LARGEFILE64_SOURCE -DNE_LFS conftest.c >&5
conftest.c: In function 'main':
conftest.c:91: error: 'struct tm' has no member named '__tm_gmtoff'
configure:5913: $? = 1
configure: failed program was:
| /* confdefs.h */
| #define PACKAGE_NAME "neon"
| #define PACKAGE_TARNAME "neon"
| #define PACKAGE_VERSION "0.29.6"
| #define PACKAGE_STRING "neon 0.29.6"
| #define PACKAGE_BUGREPORT "neon@lists.manyfish.co.uk"
| #define PACKAGE_URL ""
| #define _GNU_SOURCE 1
| #define NEON_IS_LIBRARY 1
| #define NEON_VERSION "0.29.6"
| #define NE_VERSION_MAJOR (0)
| #define NE_VERSION_MINOR (29)
| #define NE_VERSION_PATCH (6)
| #define STDC_HEADERS 1
| #define HAVE_SYS_TYPES_H 1
| #define HAVE_SYS_STAT_H 1
| #define HAVE_STDLIB_H 1
| #define HAVE_STRING_H 1
| #define HAVE_MEMORY_H 1
| #define HAVE_STRINGS_H 1
| #define HAVE_INTTYPES_H 1
| #define HAVE_STDINT_H 1
| #define HAVE_UNISTD_H 1
| #define __EXTENSIONS__ 1
| #define _ALL_SOURCE 1
| #define _GNU_SOURCE 1
| #define _POSIX_PTHREAD_SEMANTICS 1
| #define _TANDEM_SOURCE 1
| #define SIZEOF_INT 4
| #define SIZEOF_LONG 4
| #define SIZEOF_LONG_LONG 8
| #define HAVE_ERRNO_H 1
| #define HAVE_STDARG_H 1
| #define HAVE_STRING_H 1
| #define HAVE_STDLIB_H 1
| #define SIZEOF_SIZE_T 4
| #define NE_FMT_SIZE_T "u"
| #define SIZEOF_OFF_T 4
| #define NE_FMT_OFF_T "ld"
| #define SIZEOF_SSIZE_T 4
| #define NE_FMT_SSIZE_T "d"
| #define HAVE_DECL_STRERROR_R 1
| #define HAVE_STRERROR_R 1
| #define STRERROR_R_CHAR_P 1
| #define HAVE_SNPRINTF 1
| #define HAVE_VSNPRINTF 1
| #define HAVE_SYS_TIME_H 1
| #define HAVE_LIMITS_H 1
| #define HAVE_SYS_SELECT_H 1
| #define HAVE_ARPA_INET_H 1
| #define HAVE_SIGNAL_H 1
| #define HAVE_SYS_SOCKET_H 1
| #define HAVE_NETINET_IN_H 1
| #define HAVE_NETINET_TCP_H 1
| #define HAVE_NETDB_H 1
| #define HAVE_SYS_POLL_H 1
| #define HAVE_FCNTL_H 1
| #define HAVE_TIMEZONE 1
| #define SIZEOF_OFF64_T 8
| #define NE_FMT_OFF64_T "lld"
| #define HAVE_STRTOLL 1
| #define HAVE_LSEEK64 1
| #define HAVE_FSTAT64 1
| #define NE_HAVE_LFS 1
| #define NE_FMT_NE_OFF_T NE_FMT_OFF64_T
| #define HAVE_STRCASECMP 1
| #define HAVE_SIGNAL 1
| #define HAVE_SETVBUF 1
| #define HAVE_SETSOCKOPT 1
| #define HAVE_STPCPY 1
| #define HAVE_POLL 1
| #define HAVE_FCNTL 1
| #define HAVE_GETSOCKOPT 1
| #define NE_USE_POLL 1
| #define HAVE_DECL_STPCPY 1
| #define HAVE_GAI_STRERROR 1
| #define HAVE_GETNAMEINFO 1
| #define HAVE_INET_NTOP 1
| #define HAVE_INET_PTON 1
| #define NE_HAVE_IPV6 1
| #define USE_GETADDRINFO 1
| #define HAVE_SOCKLEN_T 1
| #define HAVE_STRUCT_TM_TM_GMTOFF 1
| /* end confdefs.h.  */
| #include <time.h>
| 
| int
| main ()
| {
| static struct tm ac_aggr;
| if (ac_aggr.__tm_gmtoff)
| return 0;
|   ;
|   return 0;
| }
configure:5913: mipsel-uclibc-gcc -c -I/home/RT-AC54U/asuswrt/release/src-ra-mt7620/router/mipsel-uclibc/stage/usr/include -I/home/RT-AC54U/asuswrt/release/src-ra-mt7620/router/openssl/include  -I/home/RT-AC54U/asuswrt/release/src-ra-mt7620/router/openssl/include -I/home/RT-AC54U/asuswrt/release/src-ra-mt7620/router/libxml2/include  -D_LARGEFILE64_SOURCE -DNE_LFS conftest.c >&5
conftest.c: In function 'main':
conftest.c:91: error: 'struct tm' has no member named '__tm_gmtoff'
configure:5913: $? = 1
configure: failed program was:
| /* confdefs.h */
| #define PACKAGE_NAME "neon"
| #define PACKAGE_TARNAME "neon"
| #define PACKAGE_VERSION "0.29.6"
| #define PACKAGE_STRING "neon 0.29.6"
| #define PACKAGE_BUGREPORT "neon@lists.manyfish.co.uk"
| #define PACKAGE_URL ""
| #define _GNU_SOURCE 1
| #define NEON_IS_LIBRARY 1
| #define NEON_VERSION "0.29.6"
| #define NE_VERSION_MAJOR (0)
| #define NE_VERSION_MINOR (29)
| #define NE_VERSION_PATCH (6)
| #define STDC_HEADERS 1
| #define HAVE_SYS_TYPES_H 1
| #define HAVE_SYS_STAT_H 1
| #define HAVE_STDLIB_H 1
| #define HAVE_STRING_H 1
| #define HAVE_MEMORY_H 1
| #define HAVE_STRINGS_H 1
| #define HAVE_INTTYPES_H 1
| #define HAVE_STDINT_H 1
| #define HAVE_UNISTD_H 1
| #define __EXTENSIONS__ 1
| #define _ALL_SOURCE 1
| #define _GNU_SOURCE 1
| #define _POSIX_PTHREAD_SEMANTICS 1
| #define _TANDEM_SOURCE 1
| #define SIZEOF_INT 4
| #define SIZEOF_LONG 4
| #define SIZEOF_LONG_LONG 8
| #define HAVE_ERRNO_H 1
| #define HAVE_STDARG_H 1
| #define HAVE_STRING_H 1
| #define HAVE_STDLIB_H 1
| #define SIZEOF_SIZE_T 4
| #define NE_FMT_SIZE_T "u"
| #define SIZEOF_OFF_T 4
| #define NE_FMT_OFF_T "ld"
| #define SIZEOF_SSIZE_T 4
| #define NE_FMT_SSIZE_T "d"
| #define HAVE_DECL_STRERROR_R 1
| #define HAVE_STRERROR_R 1
| #define STRERROR_R_CHAR_P 1
| #define HAVE_SNPRINTF 1
| #define HAVE_VSNPRINTF 1
| #define HAVE_SYS_TIME_H 1
| #define HAVE_LIMITS_H 1
| #define HAVE_SYS_SELECT_H 1
| #define HAVE_ARPA_INET_H 1
| #define HAVE_SIGNAL_H 1
| #define HAVE_SYS_SOCKET_H 1
| #define HAVE_NETINET_IN_H 1
| #define HAVE_NETINET_TCP_H 1
| #define HAVE_NETDB_H 1
| #define HAVE_SYS_POLL_H 1
| #define HAVE_FCNTL_H 1
| #define HAVE_TIMEZONE 1
| #define SIZEOF_OFF64_T 8
| #define NE_FMT_OFF64_T "lld"
| #define HAVE_STRTOLL 1
| #define HAVE_LSEEK64 1
| #define HAVE_FSTAT64 1
| #define NE_HAVE_LFS 1
| #define NE_FMT_NE_OFF_T NE_FMT_OFF64_T
| #define HAVE_STRCASECMP 1
| #define HAVE_SIGNAL 1
| #define HAVE_SETVBUF 1
| #define HAVE_SETSOCKOPT 1
| #define HAVE_STPCPY 1
| #define HAVE_POLL 1
| #define HAVE_FCNTL 1
| #define HAVE_GETSOCKOPT 1
| #define NE_USE_POLL 1
| #define HAVE_DECL_STPCPY 1
| #define HAVE_GAI_STRERROR 1
| #define HAVE_GETNAMEINFO 1
| #define HAVE_INET_NTOP 1
| #define HAVE_INET_PTON 1
| #define NE_HAVE_IPV6 1
| #define USE_GETADDRINFO 1
| #define HAVE_SOCKLEN_T 1
| #define HAVE_STRUCT_TM_TM_GMTOFF 1
| /* end confdefs.h.  */
| #include <time.h>
| 
| int
| main ()
| {
| static struct tm ac_aggr;
| if (sizeof ac_aggr.__tm_gmtoff)
| return 0;
|   ;
|   return 0;
| }
configure:5913: result: no
configure:5942: checking zlib.h usability
configure:5942: mipsel-uclibc-gcc -c -I/home/RT-AC54U/asuswrt/release/src-ra-mt7620/router/mipsel-uclibc/stage/usr/include -I/home/RT-AC54U/asuswrt/release/src-ra-mt7620/router/openssl/include  -I/home/RT-AC54U/asuswrt/release/src-ra-mt7620/router/openssl/include -I/home/RT-AC54U/asuswrt/release/src-ra-mt7620/router/libxml2/include  -D_LARGEFILE64_SOURCE -DNE_LFS conftest.c >&5
configure:5942: $? = 0
configure:5942: result: yes
configure:5942: checking zlib.h presence
configure:5942: mipsel-uclibc-gcc -E  -I/home/RT-AC54U/asuswrt/release/src-ra-mt7620/router/openssl/include -I/home/RT-AC54U/asuswrt/release/src-ra-mt7620/router/libxml2/include  -D_LARGEFILE64_SOURCE -DNE_LFS conftest.c
conftest.c:85:18: error: zlib.h: No such file or directory
configure:5942: $? = 1
configure: failed program was:
| /* confdefs.h */
| #define PACKAGE_NAME "neon"
| #define PACKAGE_TARNAME "neon"
| #define PACKAGE_VERSION "0.29.6"
| #define PACKAGE_STRING "neon 0.29.6"
| #define PACKAGE_BUGREPORT "neon@lists.manyfish.co.uk"
| #define PACKAGE_URL ""
| #define _GNU_SOURCE 1
| #define NEON_IS_LIBRARY 1
| #define NEON_VERSION "0.29.6"
| #define NE_VERSION_MAJOR (0)
| #define NE_VERSION_MINOR (29)
| #define NE_VERSION_PATCH (6)
| #define STDC_HEADERS 1
| #define HAVE_SYS_TYPES_H 1
| #define HAVE_SYS_STAT_H 1
| #define HAVE_STDLIB_H 1
| #define HAVE_STRING_H 1
| #define HAVE_MEMORY_H 1
| #define HAVE_STRINGS_H 1
| #define HAVE_INTTYPES_H 1
| #define HAVE_STDINT_H 1
| #define HAVE_UNISTD_H 1
| #define __EXTENSIONS__ 1
| #define _ALL_SOURCE 1
| #define _GNU_SOURCE 1
| #define _POSIX_PTHREAD_SEMANTICS 1
| #define _TANDEM_SOURCE 1
| #define SIZEOF_INT 4
| #define SIZEOF_LONG 4
| #define SIZEOF_LONG_LONG 8
| #define HAVE_ERRNO_H 1
| #define HAVE_STDARG_H 1
| #define HAVE_STRING_H 1
| #define HAVE_STDLIB_H 1
| #define SIZEOF_SIZE_T 4
| #define NE_FMT_SIZE_T "u"
| #define SIZEOF_OFF_T 4
| #define NE_FMT_OFF_T "ld"
| #define SIZEOF_SSIZE_T 4
| #define NE_FMT_SSIZE_T "d"
| #define HAVE_DECL_STRERROR_R 1
| #define HAVE_STRERROR_R 1
| #define STRERROR_R_CHAR_P 1
| #define HAVE_SNPRINTF 1
| #define HAVE_VSNPRINTF 1
| #define HAVE_SYS_TIME_H 1
| #define HAVE_LIMITS_H 1
| #define HAVE_SYS_SELECT_H 1
| #define HAVE_ARPA_INET_H 1
| #define HAVE_SIGNAL_H 1
| #define HAVE_SYS_SOCKET_H 1
| #define HAVE_NETINET_IN_H 1
| #define HAVE_NETINET_TCP_H 1
| #define HAVE_NETDB_H 1
| #define HAVE_SYS_POLL_H 1
| #define HAVE_FCNTL_H 1
| #define HAVE_TIMEZONE 1
| #define SIZEOF_OFF64_T 8
| #define NE_FMT_OFF64_T "lld"
| #define HAVE_STRTOLL 1
| #define HAVE_LSEEK64 1
| #define HAVE_FSTAT64 1
| #define NE_HAVE_LFS 1
| #define NE_FMT_NE_OFF_T NE_FMT_OFF64_T
| #define HAVE_STRCASECMP 1
| #define HAVE_SIGNAL 1
| #define HAVE_SETVBUF 1
| #define HAVE_SETSOCKOPT 1
| #define HAVE_STPCPY 1
| #define HAVE_POLL 1
| #define HAVE_FCNTL 1
| #define HAVE_GETSOCKOPT 1
| #define NE_USE_POLL 1
| #define HAVE_DECL_STPCPY 1
| #define HAVE_GAI_STRERROR 1
| #define HAVE_GETNAMEINFO 1
| #define HAVE_INET_NTOP 1
| #define HAVE_INET_PTON 1
| #define NE_HAVE_IPV6 1
| #define USE_GETADDRINFO 1
| #define HAVE_SOCKLEN_T 1
| #define HAVE_STRUCT_TM_TM_GMTOFF 1
| /* end confdefs.h.  */
| #include <zlib.h>
configure:5942: result: no
configure:5942: WARNING: zlib.h: accepted by the compiler, rejected by the preprocessor!
configure:5942: WARNING: zlib.h: proceeding with the compiler's result
configure:5942: checking for zlib.h
configure:5942: result: yes
configure:5945: checking for inflate in -lz
configure:5970: mipsel-uclibc-gcc -o conftest -I/home/RT-AC54U/asuswrt/release/src-ra-mt7620/router/mipsel-uclibc/stage/usr/include -I/home/RT-AC54U/asuswrt/release/src-ra-mt7620/router/openssl/include  -I/home/RT-AC54U/asuswrt/release/src-ra-mt7620/router/openssl/include -I/home/RT-AC54U/asuswrt/release/src-ra-mt7620/router/libxml2/include  -D_LARGEFILE64_SOURCE -DNE_LFS  -L/home/RT-AC54U/asuswrt/release/src-ra-mt7620/router/openssl/lib -L/home/RT-AC54U/asuswrt/release/src-ra-mt7620/router/libxml2/lib -L/home/RT-AC54U/asuswrt/release/src-ra-mt7620/router/libxml2/.libs -L/home/RT-AC54U/asuswrt/release/src-ra-mt7620/router/mipsel-uclibc/stage/usr/lib -L/home/RT-AC54U/asuswrt/release/src-ra-mt7620/router/openssl conftest.c -lz  -lxml2 -lssl -lcrypto -lpthread -ldl -lm >&5
configure:5970: $? = 0
configure:5979: result: yes
configure:5991: zlib support enabled, using -lz
configure:6029: checking whether to enable ACL support in neon
configure:6035: result: yes
configure:6075: checking for pkg-config
configure:6093: found /usr/bin/pkg-config
configure:6106: result: /usr/bin/pkg-config
configure:6288: checking for openssl pkg-config data
configure:6299: result: yes
configure:6306: using SSL library configuration from pkg-config
configure:6492: checking openssl/ssl.h usability
configure:6492: mipsel-uclibc-gcc -c -I/home/RT-AC54U/asuswrt/release/src-ra-mt7620/router/mipsel-uclibc/stage/usr/include -I/home/RT-AC54U/asuswrt/release/src-ra-mt7620/router/openssl/include  -I/home/RT-AC54U/asuswrt/release/src-ra-mt7620/router/openssl/include -I/home/RT-AC54U/asuswrt/release/src-ra-mt7620/router/libxml2/include  -D_LARGEFILE64_SOURCE -DNE_LFS -I/home/RT-AC54U/asuswrt/release/src-ra-mt7620/router/mipsel-uclibc/stage/etc/include conftest.c >&5
configure:6492: $? = 0
configure:6492: result: yes
configure:6492: checking openssl/ssl.h presence
configure:6492: mipsel-uclibc-gcc -E  -I/home/RT-AC54U/asuswrt/release/src-ra-mt7620/router/openssl/include -I/home/RT-AC54U/asuswrt/release/src-ra-mt7620/router/libxml2/include  -D_LARGEFILE64_SOURCE -DNE_LFS -I/home/RT-AC54U/asuswrt/release/src-ra-mt7620/router/mipsel-uclibc/stage/etc/include conftest.c
configure:6492: $? = 0
configure:6492: result: yes
configure:6492: checking for openssl/ssl.h
configure:6492: result: yes
configure:6492: checking openssl/opensslv.h usability
configure:6492: mipsel-uclibc-gcc -c -I/home/RT-AC54U/asuswrt/release/src-ra-mt7620/router/mipsel-uclibc/stage/usr/include -I/home/RT-AC54U/asuswrt/release/src-ra-mt7620/router/openssl/include  -I/home/RT-AC54U/asuswrt/release/src-ra-mt7620/router/openssl/include -I/home/RT-AC54U/asuswrt/release/src-ra-mt7620/router/libxml2/include  -D_LARGEFILE64_SOURCE -DNE_LFS -I/home/RT-AC54U/asuswrt/release/src-ra-mt7620/router/mipsel-uclibc/stage/etc/include conftest.c >&5
configure:6492: $? = 0
configure:6492: result: yes
configure:6492: checking openssl/opensslv.h presence
configure:6492: mipsel-uclibc-gcc -E  -I/home/RT-AC54U/asuswrt/release/src-ra-mt7620/router/openssl/include -I/home/RT-AC54U/asuswrt/release/src-ra-mt7620/router/libxml2/include  -D_LARGEFILE64_SOURCE -DNE_LFS -I/home/RT-AC54U/asuswrt/release/src-ra-mt7620/router/mipsel-uclibc/stage/etc/include conftest.c
configure:6492: $? = 0
configure:6492: result: yes
configure:6492: checking for openssl/opensslv.h
configure:6492: result: yes
configure:6507: checking OpenSSL version is >= 0.9.7
configure:6529: result: yes
configure:6532: OpenSSL >= 0.9.7; EGD support not needed in neon
configure:6541: SSL support enabled, using OpenSSL (0.9.7 or later)
configure:6550: checking for CRYPTO_set_idptr_callback
configure:6550: mipsel-uclibc-gcc -o conftest -I/home/RT-AC54U/asuswrt/release/src-ra-mt7620/router/mipsel-uclibc/stage/usr/include -I/home/RT-AC54U/asuswrt/release/src-ra-mt7620/router/openssl/include  -I/home/RT-AC54U/asuswrt/release/src-ra-mt7620/router/openssl/include -I/home/RT-AC54U/asuswrt/release/src-ra-mt7620/router/libxml2/include  -D_LARGEFILE64_SOURCE -DNE_LFS -I/home/RT-AC54U/asuswrt/release/src-ra-mt7620/router/mipsel-uclibc/stage/etc/include  -L/home/RT-AC54U/asuswrt/release/src-ra-mt7620/router/openssl/lib -L/home/RT-AC54U/asuswrt/release/src-ra-mt7620/router/libxml2/lib -L/home/RT-AC54U/asuswrt/release/src-ra-mt7620/router/libxml2/.libs -L/home/RT-AC54U/asuswrt/release/src-ra-mt7620/router/mipsel-uclibc/stage/usr/lib -L/home/RT-AC54U/asuswrt/release/src-ra-mt7620/router/openssl conftest.c -lxml2 -lssl -lcrypto -lpthread -ldl -lm  -lz -L/home/RT-AC54U/asuswrt/release/src-ra-mt7620/router/mipsel-uclibc/stage/etc/lib -lssl -lcrypto >&5
/tmp/ccsrjgXD.o: In function `main':
conftest.c:(.text+0x20): undefined reference to `CRYPTO_set_idptr_callback'
collect2: ld returned 1 exit status
configure:6550: $? = 1
configure: failed program was:
| /* confdefs.h */
| #define PACKAGE_NAME "neon"
| #define PACKAGE_TARNAME "neon"
| #define PACKAGE_VERSION "0.29.6"
| #define PACKAGE_STRING "neon 0.29.6"
| #define PACKAGE_BUGREPORT "neon@lists.manyfish.co.uk"
| #define PACKAGE_URL ""
| #define _GNU_SOURCE 1
| #define NEON_IS_LIBRARY 1
| #define NEON_VERSION "0.29.6"
| #define NE_VERSION_MAJOR (0)
| #define NE_VERSION_MINOR (29)
| #define NE_VERSION_PATCH (6)
| #define STDC_HEADERS 1
| #define HAVE_SYS_TYPES_H 1
| #define HAVE_SYS_STAT_H 1
| #define HAVE_STDLIB_H 1
| #define HAVE_STRING_H 1
| #define HAVE_MEMORY_H 1
| #define HAVE_STRINGS_H 1
| #define HAVE_INTTYPES_H 1
| #define HAVE_STDINT_H 1
| #define HAVE_UNISTD_H 1
| #define __EXTENSIONS__ 1
| #define _ALL_SOURCE 1
| #define _GNU_SOURCE 1
| #define _POSIX_PTHREAD_SEMANTICS 1
| #define _TANDEM_SOURCE 1
| #define SIZEOF_INT 4
| #define SIZEOF_LONG 4
| #define SIZEOF_LONG_LONG 8
| #define HAVE_ERRNO_H 1
| #define HAVE_STDARG_H 1
| #define HAVE_STRING_H 1
| #define HAVE_STDLIB_H 1
| #define SIZEOF_SIZE_T 4
| #define NE_FMT_SIZE_T "u"
| #define SIZEOF_OFF_T 4
| #define NE_FMT_OFF_T "ld"
| #define SIZEOF_SSIZE_T 4
| #define NE_FMT_SSIZE_T "d"
| #define HAVE_DECL_STRERROR_R 1
| #define HAVE_STRERROR_R 1
| #define STRERROR_R_CHAR_P 1
| #define HAVE_SNPRINTF 1
| #define HAVE_VSNPRINTF 1
| #define HAVE_SYS_TIME_H 1
| #define HAVE_LIMITS_H 1
| #define HAVE_SYS_SELECT_H 1
| #define HAVE_ARPA_INET_H 1
| #define HAVE_SIGNAL_H 1
| #define HAVE_SYS_SOCKET_H 1
| #define HAVE_NETINET_IN_H 1
| #define HAVE_NETINET_TCP_H 1
| #define HAVE_NETDB_H 1
| #define HAVE_SYS_POLL_H 1
| #define HAVE_FCNTL_H 1
| #define HAVE_TIMEZONE 1
| #define SIZEOF_OFF64_T 8
| #define NE_FMT_OFF64_T "lld"
| #define HAVE_STRTOLL 1
| #define HAVE_LSEEK64 1
| #define HAVE_FSTAT64 1
| #define NE_HAVE_LFS 1
| #define NE_FMT_NE_OFF_T NE_FMT_OFF64_T
| #define HAVE_STRCASECMP 1
| #define HAVE_SIGNAL 1
| #define HAVE_SETVBUF 1
| #define HAVE_SETSOCKOPT 1
| #define HAVE_STPCPY 1
| #define HAVE_POLL 1
| #define HAVE_FCNTL 1
| #define HAVE_GETSOCKOPT 1
| #define NE_USE_POLL 1
| #define HAVE_DECL_STPCPY 1
| #define HAVE_GAI_STRERROR 1
| #define HAVE_GETNAMEINFO 1
| #define HAVE_INET_NTOP 1
| #define HAVE_INET_PTON 1
| #define NE_HAVE_IPV6 1
| #define USE_GETADDRINFO 1
| #define HAVE_SOCKLEN_T 1
| #define HAVE_STRUCT_TM_TM_GMTOFF 1
| #define NE_HAVE_ZLIB 1
| #define HAVE_OPENSSL_SSL_H 1
| #define HAVE_OPENSSL_OPENSSLV_H 1
| #define NE_HAVE_SSL 1
| /* end confdefs.h.  */
| /* Define CRYPTO_set_idptr_callback to an innocuous variant, in case <limits.h> declares CRYPTO_set_idptr_callback.
|    For example, HP-UX 11i <limits.h> declares gettimeofday.  */
| #define CRYPTO_set_idptr_callback innocuous_CRYPTO_set_idptr_callback
| 
| /* System header to define __stub macros and hopefully few prototypes,
|     which can conflict with char CRYPTO_set_idptr_callback (); below.
|     Prefer <limits.h> to <assert.h> if __STDC__ is defined, since
|     <limits.h> exists even on freestanding compilers.  */
| 
| #ifdef __STDC__
| # include <limits.h>
| #else
| # include <assert.h>
| #endif
| 
| #undef CRYPTO_set_idptr_callback
| 
| /* Override any GCC internal prototype to avoid an error.
|    Use char because int might match the return type of a GCC
|    builtin and then its argument prototype would still apply.  */
| #ifdef __cplusplus
| extern "C"
| #endif
| char CRYPTO_set_idptr_callback ();
| /* The GNU C library defines this for functions which it implements
|     to always fail with ENOSYS.  Some functions are actually named
|     something starting with __ and the normal name is an alias.  */
| #if defined __stub_CRYPTO_set_idptr_callback || defined __stub___CRYPTO_set_idptr_callback
| choke me
| #endif
| 
| int
| main ()
| {
| return CRYPTO_set_idptr_callback ();
|   ;
|   return 0;
| }
configure:6550: result: no
configure:6550: checking for SSL_SESSION_cmp
configure:6550: mipsel-uclibc-gcc -o conftest -I/home/RT-AC54U/asuswrt/release/src-ra-mt7620/router/mipsel-uclibc/stage/usr/include -I/home/RT-AC54U/asuswrt/release/src-ra-mt7620/router/openssl/include  -I/home/RT-AC54U/asuswrt/release/src-ra-mt7620/router/openssl/include -I/home/RT-AC54U/asuswrt/release/src-ra-mt7620/router/libxml2/include  -D_LARGEFILE64_SOURCE -DNE_LFS -I/home/RT-AC54U/asuswrt/release/src-ra-mt7620/router/mipsel-uclibc/stage/etc/include  -L/home/RT-AC54U/asuswrt/release/src-ra-mt7620/router/openssl/lib -L/home/RT-AC54U/asuswrt/release/src-ra-mt7620/router/libxml2/lib -L/home/RT-AC54U/asuswrt/release/src-ra-mt7620/router/libxml2/.libs -L/home/RT-AC54U/asuswrt/release/src-ra-mt7620/router/mipsel-uclibc/stage/usr/lib -L/home/RT-AC54U/asuswrt/release/src-ra-mt7620/router/openssl conftest.c -lxml2 -lssl -lcrypto -lpthread -ldl -lm  -lz -L/home/RT-AC54U/asuswrt/release/src-ra-mt7620/router/mipsel-uclibc/stage/etc/lib -lssl -lcrypto >&5
/tmp/ccqwpkkI.o: In function `main':
conftest.c:(.text+0x20): undefined reference to `SSL_SESSION_cmp'
collect2: ld returned 1 exit status
configure:6550: $? = 1
configure: failed program was:
| /* confdefs.h */
| #define PACKAGE_NAME "neon"
| #define PACKAGE_TARNAME "neon"
| #define PACKAGE_VERSION "0.29.6"
| #define PACKAGE_STRING "neon 0.29.6"
| #define PACKAGE_BUGREPORT "neon@lists.manyfish.co.uk"
| #define PACKAGE_URL ""
| #define _GNU_SOURCE 1
| #define NEON_IS_LIBRARY 1
| #define NEON_VERSION "0.29.6"
| #define NE_VERSION_MAJOR (0)
| #define NE_VERSION_MINOR (29)
| #define NE_VERSION_PATCH (6)
| #define STDC_HEADERS 1
| #define HAVE_SYS_TYPES_H 1
| #define HAVE_SYS_STAT_H 1
| #define HAVE_STDLIB_H 1
| #define HAVE_STRING_H 1
| #define HAVE_MEMORY_H 1
| #define HAVE_STRINGS_H 1
| #define HAVE_INTTYPES_H 1
| #define HAVE_STDINT_H 1
| #define HAVE_UNISTD_H 1
| #define __EXTENSIONS__ 1
| #define _ALL_SOURCE 1
| #define _GNU_SOURCE 1
| #define _POSIX_PTHREAD_SEMANTICS 1
| #define _TANDEM_SOURCE 1
| #define SIZEOF_INT 4
| #define SIZEOF_LONG 4
| #define SIZEOF_LONG_LONG 8
| #define HAVE_ERRNO_H 1
| #define HAVE_STDARG_H 1
| #define HAVE_STRING_H 1
| #define HAVE_STDLIB_H 1
| #define SIZEOF_SIZE_T 4
| #define NE_FMT_SIZE_T "u"
| #define SIZEOF_OFF_T 4
| #define NE_FMT_OFF_T "ld"
| #define SIZEOF_SSIZE_T 4
| #define NE_FMT_SSIZE_T "d"
| #define HAVE_DECL_STRERROR_R 1
| #define HAVE_STRERROR_R 1
| #define STRERROR_R_CHAR_P 1
| #define HAVE_SNPRINTF 1
| #define HAVE_VSNPRINTF 1
| #define HAVE_SYS_TIME_H 1
| #define HAVE_LIMITS_H 1
| #define HAVE_SYS_SELECT_H 1
| #define HAVE_ARPA_INET_H 1
| #define HAVE_SIGNAL_H 1
| #define HAVE_SYS_SOCKET_H 1
| #define HAVE_NETINET_IN_H 1
| #define HAVE_NETINET_TCP_H 1
| #define HAVE_NETDB_H 1
| #define HAVE_SYS_POLL_H 1
| #define HAVE_FCNTL_H 1
| #define HAVE_TIMEZONE 1
| #define SIZEOF_OFF64_T 8
| #define NE_FMT_OFF64_T "lld"
| #define HAVE_STRTOLL 1
| #define HAVE_LSEEK64 1
| #define HAVE_FSTAT64 1
| #define NE_HAVE_LFS 1
| #define NE_FMT_NE_OFF_T NE_FMT_OFF64_T
| #define HAVE_STRCASECMP 1
| #define HAVE_SIGNAL 1
| #define HAVE_SETVBUF 1
| #define HAVE_SETSOCKOPT 1
| #define HAVE_STPCPY 1
| #define HAVE_POLL 1
| #define HAVE_FCNTL 1
| #define HAVE_GETSOCKOPT 1
| #define NE_USE_POLL 1
| #define HAVE_DECL_STPCPY 1
| #define HAVE_GAI_STRERROR 1
| #define HAVE_GETNAMEINFO 1
| #define HAVE_INET_NTOP 1
| #define HAVE_INET_PTON 1
| #define NE_HAVE_IPV6 1
| #define USE_GETADDRINFO 1
| #define HAVE_SOCKLEN_T 1
| #define HAVE_STRUCT_TM_TM_GMTOFF 1
| #define NE_HAVE_ZLIB 1
| #define HAVE_OPENSSL_SSL_H 1
| #define HAVE_OPENSSL_OPENSSLV_H 1
| #define NE_HAVE_SSL 1
| /* end confdefs.h.  */
| /* Define SSL_SESSION_cmp to an innocuous variant, in case <limits.h> declares SSL_SESSION_cmp.
|    For example, HP-UX 11i <limits.h> declares gettimeofday.  */
| #define SSL_SESSION_cmp innocuous_SSL_SESSION_cmp
| 
| /* System header to define __stub macros and hopefully few prototypes,
|     which can conflict with char SSL_SESSION_cmp (); below.
|     Prefer <limits.h> to <assert.h> if __STDC__ is defined, since
|     <limits.h> exists even on freestanding compilers.  */
| 
| #ifdef __STDC__
| # include <limits.h>
| #else
| # include <assert.h>
| #endif
| 
| #undef SSL_SESSION_cmp
| 
| /* Override any GCC internal prototype to avoid an error.
|    Use char because int might match the return type of a GCC
|    builtin and then its argument prototype would still apply.  */
| #ifdef __cplusplus
| extern "C"
| #endif
| char SSL_SESSION_cmp ();
| /* The GNU C library defines this for functions which it implements
|     to always fail with ENOSYS.  Some functions are actually named
|     something starting with __ and the normal name is an alias.  */
| #if defined __stub_SSL_SESSION_cmp || defined __stub___SSL_SESSION_cmp
| choke me
| #endif
| 
| int
| main ()
| {
| return SSL_SESSION_cmp ();
|   ;
|   return 0;
| }
configure:6550: result: no
configure:6981: Thread-safe SSL not supported
configure:6996: checking for pkg-config
configure:7027: result: /usr/bin/pkg-config
configure:7040: checking for pakchois pkg-config data
configure:7051: result: no
configure:7067: pakchois library not found; no PKCS#11 support
configure:7087: checking for krb5-config
configure:7119: result: none
configure:7216: checking for pkg-config
configure:7247: result: /usr/bin/pkg-config
configure:7265: checking for libproxy-1.0 pkg-config data
configure:7276: result: no
configure:7304: libproxy support not enabled
configure:7391: checking build system type
configure:7405: result: x86_64-unknown-linux-gnu
configure:7425: checking host system type
configure:7438: result: mipsel-unknown-linux-gnu
configure:7479: checking how to print strings
configure:7506: result: printf
configure:7527: checking for a sed that does not truncate output
configure:7591: result: /bin/sed
configure:7609: checking for fgrep
configure:7671: result: /bin/grep -F
configure:7706: checking for ld used by mipsel-uclibc-gcc
configure:7773: result: mipsel-uclibc-ld
configure:7780: checking if the linker (mipsel-uclibc-ld) is GNU ld
configure:7795: result: yes
configure:7807: checking for BSD- or MS-compatible name lister (nm)
configure:7856: result: mipsel-uclibc-nm
configure:7986: checking the name lister (mipsel-uclibc-nm) interface
configure:7993: mipsel-uclibc-gcc -c -I/home/RT-AC54U/asuswrt/release/src-ra-mt7620/router/mipsel-uclibc/stage/usr/include -I/home/RT-AC54U/asuswrt/release/src-ra-mt7620/router/openssl/include  -I/home/RT-AC54U/asuswrt/release/src-ra-mt7620/router/openssl/include -I/home/RT-AC54U/asuswrt/release/src-ra-mt7620/router/libxml2/include  -D_LARGEFILE64_SOURCE -DNE_LFS -I/home/RT-AC54U/asuswrt/release/src-ra-mt7620/router/mipsel-uclibc/stage/etc/include conftest.c >&5
configure:7996: mipsel-uclibc-nm "conftest.o"
configure:7999: output
00000000 B some_variable
configure:8006: result: BSD nm
configure:8009: checking whether ln -s works
configure:8013: result: yes
configure:8021: checking the maximum length of command line arguments
configure:8146: result: 1572864
configure:8163: checking whether the shell understands some XSI constructs
configure:8173: result: yes
configure:8177: checking whether the shell understands "+="
configure:8183: result: yes
configure:8218: checking for mipsel-uclibc-ld option to reload object files
configure:8225: result: -r
configure:8254: checking for mipsel-linux-objdump
configure:8281: result: mipsel-uclibc-objdump
configure:8353: checking how to recognize dependent libraries
configure:8555: result: pass_all
configure:8575: checking for mipsel-linux-ar
configure:8602: result: mipsel-uclibc-ar
configure:8680: checking for mipsel-linux-strip
configure:8707: result: mipsel-uclibc-strip -R .note -R .comment
configure:8779: checking for mipsel-linux-ranlib
configure:8806: result: mipsel-uclibc-ranlib
configure:8923: checking for gawk
configure:8939: found /usr/bin/gawk
configure:8950: result: gawk
configure:8990: checking command to parse mipsel-uclibc-nm output from mipsel-uclibc-gcc object
configure:9108: mipsel-uclibc-gcc -c -I/home/RT-AC54U/asuswrt/release/src-ra-mt7620/router/mipsel-uclibc/stage/usr/include -I/home/RT-AC54U/asuswrt/release/src-ra-mt7620/router/openssl/include  -I/home/RT-AC54U/asuswrt/release/src-ra-mt7620/router/openssl/include -I/home/RT-AC54U/asuswrt/release/src-ra-mt7620/router/libxml2/include  -D_LARGEFILE64_SOURCE -DNE_LFS -I/home/RT-AC54U/asuswrt/release/src-ra-mt7620/router/mipsel-uclibc/stage/etc/include conftest.c >&5
configure:9111: $? = 0
configure:9115: mipsel-uclibc-nm conftest.o \| sed -n -e 's/^.*[ ]\([ABCDGIRSTW][ABCDGIRSTW]*\)[ ][ ]*\([_A-Za-z][_A-Za-z0-9]*\)$/\1 \2 \2/p' \> conftest.nm
configure:9118: $? = 0
configure:9172: mipsel-uclibc-gcc -o conftest -I/home/RT-AC54U/asuswrt/release/src-ra-mt7620/router/mipsel-uclibc/stage/usr/include -I/home/RT-AC54U/asuswrt/release/src-ra-mt7620/router/openssl/include  -I/home/RT-AC54U/asuswrt/release/src-ra-mt7620/router/openssl/include -I/home/RT-AC54U/asuswrt/release/src-ra-mt7620/router/libxml2/include  -D_LARGEFILE64_SOURCE -DNE_LFS -I/home/RT-AC54U/asuswrt/release/src-ra-mt7620/router/mipsel-uclibc/stage/etc/include  -L/home/RT-AC54U/asuswrt/release/src-ra-mt7620/router/openssl/lib -L/home/RT-AC54U/asuswrt/release/src-ra-mt7620/router/libxml2/lib -L/home/RT-AC54U/asuswrt/release/src-ra-mt7620/router/libxml2/.libs -L/home/RT-AC54U/asuswrt/release/src-ra-mt7620/router/mipsel-uclibc/stage/usr/lib -L/home/RT-AC54U/asuswrt/release/src-ra-mt7620/router/openssl conftest.c conftstm.o >&5
configure:9175: $? = 0
configure:9213: result: ok
configure:10050: checking for dlfcn.h
configure:10050: mipsel-uclibc-gcc -c -I/home/RT-AC54U/asuswrt/release/src-ra-mt7620/router/mipsel-uclibc/stage/usr/include -I/home/RT-AC54U/asuswrt/release/src-ra-mt7620/router/openssl/include  -I/home/RT-AC54U/asuswrt/release/src-ra-mt7620/router/openssl/include -I/home/RT-AC54U/asuswrt/release/src-ra-mt7620/router/libxml2/include  -D_LARGEFILE64_SOURCE -DNE_LFS -I/home/RT-AC54U/asuswrt/release/src-ra-mt7620/router/mipsel-uclibc/stage/etc/include conftest.c >&5
configure:10050: $? = 0
configure:10050: result: yes
configure:10207: checking for objdir
configure:10222: result: .libs
configure:10489: checking if mipsel-uclibc-gcc supports -fno-rtti -fno-exceptions
configure:10507: mipsel-uclibc-gcc -c -I/home/RT-AC54U/asuswrt/release/src-ra-mt7620/router/mipsel-uclibc/stage/usr/include -I/home/RT-AC54U/asuswrt/release/src-ra-mt7620/router/openssl/include  -I/home/RT-AC54U/asuswrt/release/src-ra-mt7620/router/openssl/include -I/home/RT-AC54U/asuswrt/release/src-ra-mt7620/router/libxml2/include  -D_LARGEFILE64_SOURCE -DNE_LFS -I/home/RT-AC54U/asuswrt/release/src-ra-mt7620/router/mipsel-uclibc/stage/etc/include -fno-rtti -fno-exceptions conftest.c >&5
cc1: warning: command line option "-fno-rtti" is valid for C++/ObjC++ but not for C
configure:10511: $? = 0
configure:10524: result: no
configure:10544: checking for mipsel-uclibc-gcc option to produce PIC
configure:10829: result: -fPIC -DPIC
configure:10841: checking if mipsel-uclibc-gcc PIC flag -fPIC -DPIC works
configure:10859: mipsel-uclibc-gcc -c -I/home/RT-AC54U/asuswrt/release/src-ra-mt7620/router/mipsel-uclibc/stage/usr/include -I/home/RT-AC54U/asuswrt/release/src-ra-mt7620/router/openssl/include  -I/home/RT-AC54U/asuswrt/release/src-ra-mt7620/router/openssl/include -I/home/RT-AC54U/asuswrt/release/src-ra-mt7620/router/libxml2/include  -D_LARGEFILE64_SOURCE -DNE_LFS -I/home/RT-AC54U/asuswrt/release/src-ra-mt7620/router/mipsel-uclibc/stage/etc/include -fPIC -DPIC -DPIC conftest.c >&5
configure:10863: $? = 0
configure:10876: result: yes
configure:10900: checking if mipsel-uclibc-gcc static flag -static works
configure:10928: result: yes
configure:10943: checking if mipsel-uclibc-gcc supports -c -o file.o
configure:10964: mipsel-uclibc-gcc -c -I/home/RT-AC54U/asuswrt/release/src-ra-mt7620/router/mipsel-uclibc/stage/usr/include -I/home/RT-AC54U/asuswrt/release/src-ra-mt7620/router/openssl/include  -I/home/RT-AC54U/asuswrt/release/src-ra-mt7620/router/openssl/include -I/home/RT-AC54U/asuswrt/release/src-ra-mt7620/router/libxml2/include  -D_LARGEFILE64_SOURCE -DNE_LFS -I/home/RT-AC54U/asuswrt/release/src-ra-mt7620/router/mipsel-uclibc/stage/etc/include -o out/conftest2.o conftest.c >&5
configure:10968: $? = 0
configure:10990: result: yes
configure:10998: checking if mipsel-uclibc-gcc supports -c -o file.o
configure:11045: result: yes
configure:11078: checking whether the mipsel-uclibc-gcc linker (mipsel-uclibc-ld) supports shared libraries
configure:12153: result: yes
configure:12190: checking whether -lc should be explicitly linked in
configure:12198: mipsel-uclibc-gcc -c -I/home/RT-AC54U/asuswrt/release/src-ra-mt7620/router/mipsel-uclibc/stage/usr/include -I/home/RT-AC54U/asuswrt/release/src-ra-mt7620/router/openssl/include  -I/home/RT-AC54U/asuswrt/release/src-ra-mt7620/router/openssl/include -I/home/RT-AC54U/asuswrt/release/src-ra-mt7620/router/libxml2/include  -D_LARGEFILE64_SOURCE -DNE_LFS -I/home/RT-AC54U/asuswrt/release/src-ra-mt7620/router/mipsel-uclibc/stage/etc/include conftest.c >&5
configure:12201: $? = 0
configure:12216: mipsel-uclibc-gcc -shared conftest.o  -v -Wl,-soname -Wl,conftest -o conftest 2\>\&1 \| /bin/grep  -lc  \>/dev/null 2\>\&1
configure:12219: $? = 0
configure:12233: result: no
configure:12398: checking dynamic linker characteristics
configure:12853: mipsel-uclibc-gcc -o conftest -I/home/RT-AC54U/asuswrt/release/src-ra-mt7620/router/mipsel-uclibc/stage/usr/include -I/home/RT-AC54U/asuswrt/release/src-ra-mt7620/router/openssl/include  -I/home/RT-AC54U/asuswrt/release/src-ra-mt7620/router/openssl/include -I/home/RT-AC54U/asuswrt/release/src-ra-mt7620/router/libxml2/include  -D_LARGEFILE64_SOURCE -DNE_LFS -I/home/RT-AC54U/asuswrt/release/src-ra-mt7620/router/mipsel-uclibc/stage/etc/include  -L/home/RT-AC54U/asuswrt/release/src-ra-mt7620/router/openssl/lib -L/home/RT-AC54U/asuswrt/release/src-ra-mt7620/router/libxml2/lib -L/home/RT-AC54U/asuswrt/release/src-ra-mt7620/router/libxml2/.libs -L/home/RT-AC54U/asuswrt/release/src-ra-mt7620/router/mipsel-uclibc/stage/usr/lib -L/home/RT-AC54U/asuswrt/release/src-ra-mt7620/router/openssl -Wl,-rpath -Wl,/foo conftest.c -lxml2 -lssl -lcrypto -lpthread -ldl -lm >&5
configure:12853: $? = 0
configure:13079: result: GNU/Linux ld.so
configure:13186: checking how to hardcode library paths into programs
configure:13211: result: immediate
configure:13751: checking whether stripping libraries is possible
configure:13756: result: yes
configure:13791: checking if libtool supports shared libraries
configure:13793: result: yes
configure:13796: checking whether to build shared libraries
configure:13817: result: yes
configure:13820: checking whether to build static libraries
configure:13824: result: no
configure:13872: checking size of time_t
configure:13877: mipsel-uclibc-gcc -c -I/home/RT-AC54U/asuswrt/release/src-ra-mt7620/router/mipsel-uclibc/stage/usr/include -I/home/RT-AC54U/asuswrt/release/src-ra-mt7620/router/openssl/include  -I/home/RT-AC54U/asuswrt/release/src-ra-mt7620/router/openssl/include -I/home/RT-AC54U/asuswrt/release/src-ra-mt7620/router/libxml2/include  -D_LARGEFILE64_SOURCE -DNE_LFS -I/home/RT-AC54U/asuswrt/release/src-ra-mt7620/router/mipsel-uclibc/stage/etc/include conftest.c >&5
configure:13877: $? = 0
configure:13877: mipsel-uclibc-gcc -c -I/home/RT-AC54U/asuswrt/release/src-ra-mt7620/router/mipsel-uclibc/stage/usr/include -I/home/RT-AC54U/asuswrt/release/src-ra-mt7620/router/openssl/include  -I/home/RT-AC54U/asuswrt/release/src-ra-mt7620/router/openssl/include -I/home/RT-AC54U/asuswrt/release/src-ra-mt7620/router/libxml2/include  -D_LARGEFILE64_SOURCE -DNE_LFS -I/home/RT-AC54U/asuswrt/release/src-ra-mt7620/router/mipsel-uclibc/stage/etc/include conftest.c >&5
conftest.c: In function 'main':
conftest.c:134: error: size of array 'test_array' is negative
configure:13877: $? = 1
configure: failed program was:
| /* confdefs.h */
| #define PACKAGE_NAME "neon"
| #define PACKAGE_TARNAME "neon"
| #define PACKAGE_VERSION "0.29.6"
| #define PACKAGE_STRING "neon 0.29.6"
| #define PACKAGE_BUGREPORT "neon@lists.manyfish.co.uk"
| #define PACKAGE_URL ""
| #define _GNU_SOURCE 1
| #define NEON_IS_LIBRARY 1
| #define NEON_VERSION "0.29.6"
| #define NE_VERSION_MAJOR (0)
| #define NE_VERSION_MINOR (29)
| #define NE_VERSION_PATCH (6)
| #define STDC_HEADERS 1
| #define HAVE_SYS_TYPES_H 1
| #define HAVE_SYS_STAT_H 1
| #define HAVE_STDLIB_H 1
| #define HAVE_STRING_H 1
| #define HAVE_MEMORY_H 1
| #define HAVE_STRINGS_H 1
| #define HAVE_INTTYPES_H 1
| #define HAVE_STDINT_H 1
| #define HAVE_UNISTD_H 1
| #define __EXTENSIONS__ 1
| #define _ALL_SOURCE 1
| #define _GNU_SOURCE 1
| #define _POSIX_PTHREAD_SEMANTICS 1
| #define _TANDEM_SOURCE 1
| #define SIZEOF_INT 4
| #define SIZEOF_LONG 4
| #define SIZEOF_LONG_LONG 8
| #define HAVE_ERRNO_H 1
| #define HAVE_STDARG_H 1
| #define HAVE_STRING_H 1
| #define HAVE_STDLIB_H 1
| #define SIZEOF_SIZE_T 4
| #define NE_FMT_SIZE_T "u"
| #define SIZEOF_OFF_T 4
| #define NE_FMT_OFF_T "ld"
| #define SIZEOF_SSIZE_T 4
| #define NE_FMT_SSIZE_T "d"
| #define HAVE_DECL_STRERROR_R 1
| #define HAVE_STRERROR_R 1
| #define STRERROR_R_CHAR_P 1
| #define HAVE_SNPRINTF 1
| #define HAVE_VSNPRINTF 1
| #define HAVE_SYS_TIME_H 1
| #define HAVE_LIMITS_H 1
| #define HAVE_SYS_SELECT_H 1
| #define HAVE_ARPA_INET_H 1
| #define HAVE_SIGNAL_H 1
| #define HAVE_SYS_SOCKET_H 1
| #define HAVE_NETINET_IN_H 1
| #define HAVE_NETINET_TCP_H 1
| #define HAVE_NETDB_H 1
| #define HAVE_SYS_POLL_H 1
| #define HAVE_FCNTL_H 1
| #define HAVE_TIMEZONE 1
| #define SIZEOF_OFF64_T 8
| #define NE_FMT_OFF64_T "lld"
| #define HAVE_STRTOLL 1
| #define HAVE_LSEEK64 1
| #define HAVE_FSTAT64 1
| #define NE_HAVE_LFS 1
| #define NE_FMT_NE_OFF_T NE_FMT_OFF64_T
| #define HAVE_STRCASECMP 1
| #define HAVE_SIGNAL 1
| #define HAVE_SETVBUF 1
| #define HAVE_SETSOCKOPT 1
| #define HAVE_STPCPY 1
| #define HAVE_POLL 1
| #define HAVE_FCNTL 1
| #define HAVE_GETSOCKOPT 1
| #define NE_USE_POLL 1
| #define HAVE_DECL_STPCPY 1
| #define HAVE_GAI_STRERROR 1
| #define HAVE_GETNAMEINFO 1
| #define HAVE_INET_NTOP 1
| #define HAVE_INET_PTON 1
| #define NE_HAVE_IPV6 1
| #define USE_GETADDRINFO 1
| #define HAVE_SOCKLEN_T 1
| #define HAVE_STRUCT_TM_TM_GMTOFF 1
| #define NE_HAVE_ZLIB 1
| #define HAVE_OPENSSL_SSL_H 1
| #define HAVE_OPENSSL_OPENSSLV_H 1
| #define NE_HAVE_SSL 1
| #define HAVE_OPENSSL 1
| #define HAVE_NTLM 1
| #define HAVE_DLFCN_H 1
| #define LT_OBJDIR ".libs/"
| /* end confdefs.h.  */
| #include <stdio.h>
| #ifdef HAVE_SYS_TYPES_H
| # include <sys/types.h>
| #endif
| #ifdef HAVE_SYS_STAT_H
| # include <sys/stat.h>
| #endif
| #ifdef STDC_HEADERS
| # include <stdlib.h>
| # include <stddef.h>
| #else
| # ifdef HAVE_STDLIB_H
| #  include <stdlib.h>
| # endif
| #endif
| #ifdef HAVE_STRING_H
| # if !defined STDC_HEADERS && defined HAVE_MEMORY_H
| #  include <memory.h>
| # endif
| # include <string.h>
| #endif
| #ifdef HAVE_STRINGS_H
| # include <strings.h>
| #endif
| #ifdef HAVE_INTTYPES_H
| # include <inttypes.h>
| #endif
| #ifdef HAVE_STDINT_H
| # include <stdint.h>
| #endif
| #ifdef HAVE_UNISTD_H
| # include <unistd.h>
| #endif
| 
| #ifdef HAVE_SYS_TIME_H
| #include <sys/time.h>
| #endif
| 
| int
| main ()
| {
| static int test_array [1 - 2 * !(((long int) (sizeof (time_t))) <= 0)];
| test_array [0] = 0
| 
|   ;
|   return 0;
| }
configure:13877: mipsel-uclibc-gcc -c -I/home/RT-AC54U/asuswrt/release/src-ra-mt7620/router/mipsel-uclibc/stage/usr/include -I/home/RT-AC54U/asuswrt/release/src-ra-mt7620/router/openssl/include  -I/home/RT-AC54U/asuswrt/release/src-ra-mt7620/router/openssl/include -I/home/RT-AC54U/asuswrt/release/src-ra-mt7620/router/libxml2/include  -D_LARGEFILE64_SOURCE -DNE_LFS -I/home/RT-AC54U/asuswrt/release/src-ra-mt7620/router/mipsel-uclibc/stage/etc/include conftest.c >&5
conftest.c: In function 'main':
conftest.c:134: error: size of array 'test_array' is negative
configure:13877: $? = 1
configure: failed program was:
| /* confdefs.h */
| #define PACKAGE_NAME "neon"
| #define PACKAGE_TARNAME "neon"
| #define PACKAGE_VERSION "0.29.6"
| #define PACKAGE_STRING "neon 0.29.6"
| #define PACKAGE_BUGREPORT "neon@lists.manyfish.co.uk"
| #define PACKAGE_URL ""
| #define _GNU_SOURCE 1
| #define NEON_IS_LIBRARY 1
| #define NEON_VERSION "0.29.6"
| #define NE_VERSION_MAJOR (0)
| #define NE_VERSION_MINOR (29)
| #define NE_VERSION_PATCH (6)
| #define STDC_HEADERS 1
| #define HAVE_SYS_TYPES_H 1
| #define HAVE_SYS_STAT_H 1
| #define HAVE_STDLIB_H 1
| #define HAVE_STRING_H 1
| #define HAVE_MEMORY_H 1
| #define HAVE_STRINGS_H 1
| #define HAVE_INTTYPES_H 1
| #define HAVE_STDINT_H 1
| #define HAVE_UNISTD_H 1
| #define __EXTENSIONS__ 1
| #define _ALL_SOURCE 1
| #define _GNU_SOURCE 1
| #define _POSIX_PTHREAD_SEMANTICS 1
| #define _TANDEM_SOURCE 1
| #define SIZEOF_INT 4
| #define SIZEOF_LONG 4
| #define SIZEOF_LONG_LONG 8
| #define HAVE_ERRNO_H 1
| #define HAVE_STDARG_H 1
| #define HAVE_STRING_H 1
| #define HAVE_STDLIB_H 1
| #define SIZEOF_SIZE_T 4
| #define NE_FMT_SIZE_T "u"
| #define SIZEOF_OFF_T 4
| #define NE_FMT_OFF_T "ld"
| #define SIZEOF_SSIZE_T 4
| #define NE_FMT_SSIZE_T "d"
| #define HAVE_DECL_STRERROR_R 1
| #define HAVE_STRERROR_R 1
| #define STRERROR_R_CHAR_P 1
| #define HAVE_SNPRINTF 1
| #define HAVE_VSNPRINTF 1
| #define HAVE_SYS_TIME_H 1
| #define HAVE_LIMITS_H 1
| #define HAVE_SYS_SELECT_H 1
| #define HAVE_ARPA_INET_H 1
| #define HAVE_SIGNAL_H 1
| #define HAVE_SYS_SOCKET_H 1
| #define HAVE_NETINET_IN_H 1
| #define HAVE_NETINET_TCP_H 1
| #define HAVE_NETDB_H 1
| #define HAVE_SYS_POLL_H 1
| #define HAVE_FCNTL_H 1
| #define HAVE_TIMEZONE 1
| #define SIZEOF_OFF64_T 8
| #define NE_FMT_OFF64_T "lld"
| #define HAVE_STRTOLL 1
| #define HAVE_LSEEK64 1
| #define HAVE_FSTAT64 1
| #define NE_HAVE_LFS 1
| #define NE_FMT_NE_OFF_T NE_FMT_OFF64_T
| #define HAVE_STRCASECMP 1
| #define HAVE_SIGNAL 1
| #define HAVE_SETVBUF 1
| #define HAVE_SETSOCKOPT 1
| #define HAVE_STPCPY 1
| #define HAVE_POLL 1
| #define HAVE_FCNTL 1
| #define HAVE_GETSOCKOPT 1
| #define NE_USE_POLL 1
| #define HAVE_DECL_STPCPY 1
| #define HAVE_GAI_STRERROR 1
| #define HAVE_GETNAMEINFO 1
| #define HAVE_INET_NTOP 1
| #define HAVE_INET_PTON 1
| #define NE_HAVE_IPV6 1
| #define USE_GETADDRINFO 1
| #define HAVE_SOCKLEN_T 1
| #define HAVE_STRUCT_TM_TM_GMTOFF 1
| #define NE_HAVE_ZLIB 1
| #define HAVE_OPENSSL_SSL_H 1
| #define HAVE_OPENSSL_OPENSSLV_H 1
| #define NE_HAVE_SSL 1
| #define HAVE_OPENSSL 1
| #define HAVE_NTLM 1
| #define HAVE_DLFCN_H 1
| #define LT_OBJDIR ".libs/"
| /* end confdefs.h.  */
| #include <stdio.h>
| #ifdef HAVE_SYS_TYPES_H
| # include <sys/types.h>
| #endif
| #ifdef HAVE_SYS_STAT_H
| # include <sys/stat.h>
| #endif
| #ifdef STDC_HEADERS
| # include <stdlib.h>
| # include <stddef.h>
| #else
| # ifdef HAVE_STDLIB_H
| #  include <stdlib.h>
| # endif
| #endif
| #ifdef HAVE_STRING_H
| # if !defined STDC_HEADERS && defined HAVE_MEMORY_H
| #  include <memory.h>
| # endif
| # include <string.h>
| #endif
| #ifdef HAVE_STRINGS_H
| # include <strings.h>
| #endif
| #ifdef HAVE_INTTYPES_H
| # include <inttypes.h>
| #endif
| #ifdef HAVE_STDINT_H
| # include <stdint.h>
| #endif
| #ifdef HAVE_UNISTD_H
| # include <unistd.h>
| #endif
| 
| #ifdef HAVE_SYS_TIME_H
| #include <sys/time.h>
| #endif
| 
| int
| main ()
| {
| static int test_array [1 - 2 * !(((long int) (sizeof (time_t))) <= 1)];
| test_array [0] = 0
| 
|   ;
|   return 0;
| }
configure:13877: mipsel-uclibc-gcc -c -I/home/RT-AC54U/asuswrt/release/src-ra-mt7620/router/mipsel-uclibc/stage/usr/include -I/home/RT-AC54U/asuswrt/release/src-ra-mt7620/router/openssl/include  -I/home/RT-AC54U/asuswrt/release/src-ra-mt7620/router/openssl/include -I/home/RT-AC54U/asuswrt/release/src-ra-mt7620/router/libxml2/include  -D_LARGEFILE64_SOURCE -DNE_LFS -I/home/RT-AC54U/asuswrt/release/src-ra-mt7620/router/mipsel-uclibc/stage/etc/include conftest.c >&5
conftest.c: In function 'main':
conftest.c:134: error: size of array 'test_array' is negative
configure:13877: $? = 1
configure: failed program was:
| /* confdefs.h */
| #define PACKAGE_NAME "neon"
| #define PACKAGE_TARNAME "neon"
| #define PACKAGE_VERSION "0.29.6"
| #define PACKAGE_STRING "neon 0.29.6"
| #define PACKAGE_BUGREPORT "neon@lists.manyfish.co.uk"
| #define PACKAGE_URL ""
| #define _GNU_SOURCE 1
| #define NEON_IS_LIBRARY 1
| #define NEON_VERSION "0.29.6"
| #define NE_VERSION_MAJOR (0)
| #define NE_VERSION_MINOR (29)
| #define NE_VERSION_PATCH (6)
| #define STDC_HEADERS 1
| #define HAVE_SYS_TYPES_H 1
| #define HAVE_SYS_STAT_H 1
| #define HAVE_STDLIB_H 1
| #define HAVE_STRING_H 1
| #define HAVE_MEMORY_H 1
| #define HAVE_STRINGS_H 1
| #define HAVE_INTTYPES_H 1
| #define HAVE_STDINT_H 1
| #define HAVE_UNISTD_H 1
| #define __EXTENSIONS__ 1
| #define _ALL_SOURCE 1
| #define _GNU_SOURCE 1
| #define _POSIX_PTHREAD_SEMANTICS 1
| #define _TANDEM_SOURCE 1
| #define SIZEOF_INT 4
| #define SIZEOF_LONG 4
| #define SIZEOF_LONG_LONG 8
| #define HAVE_ERRNO_H 1
| #define HAVE_STDARG_H 1
| #define HAVE_STRING_H 1
| #define HAVE_STDLIB_H 1
| #define SIZEOF_SIZE_T 4
| #define NE_FMT_SIZE_T "u"
| #define SIZEOF_OFF_T 4
| #define NE_FMT_OFF_T "ld"
| #define SIZEOF_SSIZE_T 4
| #define NE_FMT_SSIZE_T "d"
| #define HAVE_DECL_STRERROR_R 1
| #define HAVE_STRERROR_R 1
| #define STRERROR_R_CHAR_P 1
| #define HAVE_SNPRINTF 1
| #define HAVE_VSNPRINTF 1
| #define HAVE_SYS_TIME_H 1
| #define HAVE_LIMITS_H 1
| #define HAVE_SYS_SELECT_H 1
| #define HAVE_ARPA_INET_H 1
| #define HAVE_SIGNAL_H 1
| #define HAVE_SYS_SOCKET_H 1
| #define HAVE_NETINET_IN_H 1
| #define HAVE_NETINET_TCP_H 1
| #define HAVE_NETDB_H 1
| #define HAVE_SYS_POLL_H 1
| #define HAVE_FCNTL_H 1
| #define HAVE_TIMEZONE 1
| #define SIZEOF_OFF64_T 8
| #define NE_FMT_OFF64_T "lld"
| #define HAVE_STRTOLL 1
| #define HAVE_LSEEK64 1
| #define HAVE_FSTAT64 1
| #define NE_HAVE_LFS 1
| #define NE_FMT_NE_OFF_T NE_FMT_OFF64_T
| #define HAVE_STRCASECMP 1
| #define HAVE_SIGNAL 1
| #define HAVE_SETVBUF 1
| #define HAVE_SETSOCKOPT 1
| #define HAVE_STPCPY 1
| #define HAVE_POLL 1
| #define HAVE_FCNTL 1
| #define HAVE_GETSOCKOPT 1
| #define NE_USE_POLL 1
| #define HAVE_DECL_STPCPY 1
| #define HAVE_GAI_STRERROR 1
| #define HAVE_GETNAMEINFO 1
| #define HAVE_INET_NTOP 1
| #define HAVE_INET_PTON 1
| #define NE_HAVE_IPV6 1
| #define USE_GETADDRINFO 1
| #define HAVE_SOCKLEN_T 1
| #define HAVE_STRUCT_TM_TM_GMTOFF 1
| #define NE_HAVE_ZLIB 1
| #define HAVE_OPENSSL_SSL_H 1
| #define HAVE_OPENSSL_OPENSSLV_H 1
| #define NE_HAVE_SSL 1
| #define HAVE_OPENSSL 1
| #define HAVE_NTLM 1
| #define HAVE_DLFCN_H 1
| #define LT_OBJDIR ".libs/"
| /* end confdefs.h.  */
| #include <stdio.h>
| #ifdef HAVE_SYS_TYPES_H
| # include <sys/types.h>
| #endif
| #ifdef HAVE_SYS_STAT_H
| # include <sys/stat.h>
| #endif
| #ifdef STDC_HEADERS
| # include <stdlib.h>
| # include <stddef.h>
| #else
| # ifdef HAVE_STDLIB_H
| #  include <stdlib.h>
| # endif
| #endif
| #ifdef HAVE_STRING_H
| # if !defined STDC_HEADERS && defined HAVE_MEMORY_H
| #  include <memory.h>
| # endif
| # include <string.h>
| #endif
| #ifdef HAVE_STRINGS_H
| # include <strings.h>
| #endif
| #ifdef HAVE_INTTYPES_H
| # include <inttypes.h>
| #endif
| #ifdef HAVE_STDINT_H
| # include <stdint.h>
| #endif
| #ifdef HAVE_UNISTD_H
| # include <unistd.h>
| #endif
| 
| #ifdef HAVE_SYS_TIME_H
| #include <sys/time.h>
| #endif
| 
| int
| main ()
| {
| static int test_array [1 - 2 * !(((long int) (sizeof (time_t))) <= 3)];
| test_array [0] = 0
| 
|   ;
|   return 0;
| }
configure:13877: mipsel-uclibc-gcc -c -I/home/RT-AC54U/asuswrt/release/src-ra-mt7620/router/mipsel-uclibc/stage/usr/include -I/home/RT-AC54U/asuswrt/release/src-ra-mt7620/router/openssl/include  -I/home/RT-AC54U/asuswrt/release/src-ra-mt7620/router/openssl/include -I/home/RT-AC54U/asuswrt/release/src-ra-mt7620/router/libxml2/include  -D_LARGEFILE64_SOURCE -DNE_LFS -I/home/RT-AC54U/asuswrt/release/src-ra-mt7620/router/mipsel-uclibc/stage/etc/include conftest.c >&5
configure:13877: $? = 0
configure:13877: mipsel-uclibc-gcc -c -I/home/RT-AC54U/asuswrt/release/src-ra-mt7620/router/mipsel-uclibc/stage/usr/include -I/home/RT-AC54U/asuswrt/release/src-ra-mt7620/router/openssl/include  -I/home/RT-AC54U/asuswrt/release/src-ra-mt7620/router/openssl/include -I/home/RT-AC54U/asuswrt/release/src-ra-mt7620/router/libxml2/include  -D_LARGEFILE64_SOURCE -DNE_LFS -I/home/RT-AC54U/asuswrt/release/src-ra-mt7620/router/mipsel-uclibc/stage/etc/include conftest.c >&5
configure:13877: $? = 0
configure:13877: mipsel-uclibc-gcc -c -I/home/RT-AC54U/asuswrt/release/src-ra-mt7620/router/mipsel-uclibc/stage/usr/include -I/home/RT-AC54U/asuswrt/release/src-ra-mt7620/router/openssl/include  -I/home/RT-AC54U/asuswrt/release/src-ra-mt7620/router/openssl/include -I/home/RT-AC54U/asuswrt/release/src-ra-mt7620/router/libxml2/include  -D_LARGEFILE64_SOURCE -DNE_LFS -I/home/RT-AC54U/asuswrt/release/src-ra-mt7620/router/mipsel-uclibc/stage/etc/include conftest.c >&5
configure:13877: $? = 0
configure:13896: result: 4
configure:13911: checking how to print time_t
configure:13939: mipsel-uclibc-gcc -c -I/home/RT-AC54U/asuswrt/release/src-ra-mt7620/router/mipsel-uclibc/stage/usr/include -I/home/RT-AC54U/asuswrt/release/src-ra-mt7620/router/openssl/include  -I/home/RT-AC54U/asuswrt/release/src-ra-mt7620/router/openssl/include -I/home/RT-AC54U/asuswrt/release/src-ra-mt7620/router/libxml2/include  -D_LARGEFILE64_SOURCE -DNE_LFS -I/home/RT-AC54U/asuswrt/release/src-ra-mt7620/router/mipsel-uclibc/stage/etc/include -Wformat -Werror conftest.c >&5
cc1: warnings being treated as errors
conftest.c: In function 'main':
conftest.c:103: warning: format '%d' expects type 'int', but argument 2 has type 'time_t'
configure:13939: $? = 1
configure: failed program was:
| /* confdefs.h */
| #define PACKAGE_NAME "neon"
| #define PACKAGE_TARNAME "neon"
| #define PACKAGE_VERSION "0.29.6"
| #define PACKAGE_STRING "neon 0.29.6"
| #define PACKAGE_BUGREPORT "neon@lists.manyfish.co.uk"
| #define PACKAGE_URL ""
| #define _GNU_SOURCE 1
| #define NEON_IS_LIBRARY 1
| #define NEON_VERSION "0.29.6"
| #define NE_VERSION_MAJOR (0)
| #define NE_VERSION_MINOR (29)
| #define NE_VERSION_PATCH (6)
| #define STDC_HEADERS 1
| #define HAVE_SYS_TYPES_H 1
| #define HAVE_SYS_STAT_H 1
| #define HAVE_STDLIB_H 1
| #define HAVE_STRING_H 1
| #define HAVE_MEMORY_H 1
| #define HAVE_STRINGS_H 1
| #define HAVE_INTTYPES_H 1
| #define HAVE_STDINT_H 1
| #define HAVE_UNISTD_H 1
| #define __EXTENSIONS__ 1
| #define _ALL_SOURCE 1
| #define _GNU_SOURCE 1
| #define _POSIX_PTHREAD_SEMANTICS 1
| #define _TANDEM_SOURCE 1
| #define SIZEOF_INT 4
| #define SIZEOF_LONG 4
| #define SIZEOF_LONG_LONG 8
| #define HAVE_ERRNO_H 1
| #define HAVE_STDARG_H 1
| #define HAVE_STRING_H 1
| #define HAVE_STDLIB_H 1
| #define SIZEOF_SIZE_T 4
| #define NE_FMT_SIZE_T "u"
| #define SIZEOF_OFF_T 4
| #define NE_FMT_OFF_T "ld"
| #define SIZEOF_SSIZE_T 4
| #define NE_FMT_SSIZE_T "d"
| #define HAVE_DECL_STRERROR_R 1
| #define HAVE_STRERROR_R 1
| #define STRERROR_R_CHAR_P 1
| #define HAVE_SNPRINTF 1
| #define HAVE_VSNPRINTF 1
| #define HAVE_SYS_TIME_H 1
| #define HAVE_LIMITS_H 1
| #define HAVE_SYS_SELECT_H 1
| #define HAVE_ARPA_INET_H 1
| #define HAVE_SIGNAL_H 1
| #define HAVE_SYS_SOCKET_H 1
| #define HAVE_NETINET_IN_H 1
| #define HAVE_NETINET_TCP_H 1
| #define HAVE_NETDB_H 1
| #define HAVE_SYS_POLL_H 1
| #define HAVE_FCNTL_H 1
| #define HAVE_TIMEZONE 1
| #define SIZEOF_OFF64_T 8
| #define NE_FMT_OFF64_T "lld"
| #define HAVE_STRTOLL 1
| #define HAVE_LSEEK64 1
| #define HAVE_FSTAT64 1
| #define NE_HAVE_LFS 1
| #define NE_FMT_NE_OFF_T NE_FMT_OFF64_T
| #define HAVE_STRCASECMP 1
| #define HAVE_SIGNAL 1
| #define HAVE_SETVBUF 1
| #define HAVE_SETSOCKOPT 1
| #define HAVE_STPCPY 1
| #define HAVE_POLL 1
| #define HAVE_FCNTL 1
| #define HAVE_GETSOCKOPT 1
| #define NE_USE_POLL 1
| #define HAVE_DECL_STPCPY 1
| #define HAVE_GAI_STRERROR 1
| #define HAVE_GETNAMEINFO 1
| #define HAVE_INET_NTOP 1
| #define HAVE_INET_PTON 1
| #define NE_HAVE_IPV6 1
| #define USE_GETADDRINFO 1
| #define HAVE_SOCKLEN_T 1
| #define HAVE_STRUCT_TM_TM_GMTOFF 1
| #define NE_HAVE_ZLIB 1
| #define HAVE_OPENSSL_SSL_H 1
| #define HAVE_OPENSSL_OPENSSLV_H 1
| #define NE_HAVE_SSL 1
| #define HAVE_OPENSSL 1
| #define HAVE_NTLM 1
| #define HAVE_DLFCN_H 1
| #define LT_OBJDIR ".libs/"
| #define SIZEOF_TIME_T 4
| /* end confdefs.h.  */
| #include <sys/types.h>
| 
| #ifdef HAVE_SYS_TIME_H
| #include <sys/time.h>
| #endif
| #include <stdio.h>
| int
| main ()
| {
| time_t i = 1; printf("%d", i);
|   ;
|   return 0;
| }
configure:13939: mipsel-uclibc-gcc -c -I/home/RT-AC54U/asuswrt/release/src-ra-mt7620/router/mipsel-uclibc/stage/usr/include -I/home/RT-AC54U/asuswrt/release/src-ra-mt7620/router/openssl/include  -I/home/RT-AC54U/asuswrt/release/src-ra-mt7620/router/openssl/include -I/home/RT-AC54U/asuswrt/release/src-ra-mt7620/router/libxml2/include  -D_LARGEFILE64_SOURCE -DNE_LFS -I/home/RT-AC54U/asuswrt/release/src-ra-mt7620/router/mipsel-uclibc/stage/etc/include -Wformat -Werror conftest.c >&5
configure:13939: $? = 0
configure:13956: result: ld
configure:13970: checking for pid_t
configure:13970: mipsel-uclibc-gcc -c -I/home/RT-AC54U/asuswrt/release/src-ra-mt7620/router/mipsel-uclibc/stage/usr/include -I/home/RT-AC54U/asuswrt/release/src-ra-mt7620/router/openssl/include  -I/home/RT-AC54U/asuswrt/release/src-ra-mt7620/router/openssl/include -I/home/RT-AC54U/asuswrt/release/src-ra-mt7620/router/libxml2/include  -D_LARGEFILE64_SOURCE -DNE_LFS -I/home/RT-AC54U/asuswrt/release/src-ra-mt7620/router/mipsel-uclibc/stage/etc/include conftest.c >&5
configure:13970: $? = 0
configure:13970: mipsel-uclibc-gcc -c -I/home/RT-AC54U/asuswrt/release/src-ra-mt7620/router/mipsel-uclibc/stage/usr/include -I/home/RT-AC54U/asuswrt/release/src-ra-mt7620/router/openssl/include  -I/home/RT-AC54U/asuswrt/release/src-ra-mt7620/router/openssl/include -I/home/RT-AC54U/asuswrt/release/src-ra-mt7620/router/libxml2/include  -D_LARGEFILE64_SOURCE -DNE_LFS -I/home/RT-AC54U/asuswrt/release/src-ra-mt7620/router/mipsel-uclibc/stage/etc/include conftest.c >&5
conftest.c: In function 'main':
conftest.c:131: error: expected expression before ')' token
configure:13970: $? = 1
configure: failed program was:
| /* confdefs.h */
| #define PACKAGE_NAME "neon"
| #define PACKAGE_TARNAME "neon"
| #define PACKAGE_VERSION "0.29.6"
| #define PACKAGE_STRING "neon 0.29.6"
| #define PACKAGE_BUGREPORT "neon@lists.manyfish.co.uk"
| #define PACKAGE_URL ""
| #define _GNU_SOURCE 1
| #define NEON_IS_LIBRARY 1
| #define NEON_VERSION "0.29.6"
| #define NE_VERSION_MAJOR (0)
| #define NE_VERSION_MINOR (29)
| #define NE_VERSION_PATCH (6)
| #define STDC_HEADERS 1
| #define HAVE_SYS_TYPES_H 1
| #define HAVE_SYS_STAT_H 1
| #define HAVE_STDLIB_H 1
| #define HAVE_STRING_H 1
| #define HAVE_MEMORY_H 1
| #define HAVE_STRINGS_H 1
| #define HAVE_INTTYPES_H 1
| #define HAVE_STDINT_H 1
| #define HAVE_UNISTD_H 1
| #define __EXTENSIONS__ 1
| #define _ALL_SOURCE 1
| #define _GNU_SOURCE 1
| #define _POSIX_PTHREAD_SEMANTICS 1
| #define _TANDEM_SOURCE 1
| #define SIZEOF_INT 4
| #define SIZEOF_LONG 4
| #define SIZEOF_LONG_LONG 8
| #define HAVE_ERRNO_H 1
| #define HAVE_STDARG_H 1
| #define HAVE_STRING_H 1
| #define HAVE_STDLIB_H 1
| #define SIZEOF_SIZE_T 4
| #define NE_FMT_SIZE_T "u"
| #define SIZEOF_OFF_T 4
| #define NE_FMT_OFF_T "ld"
| #define SIZEOF_SSIZE_T 4
| #define NE_FMT_SSIZE_T "d"
| #define HAVE_DECL_STRERROR_R 1
| #define HAVE_STRERROR_R 1
| #define STRERROR_R_CHAR_P 1
| #define HAVE_SNPRINTF 1
| #define HAVE_VSNPRINTF 1
| #define HAVE_SYS_TIME_H 1
| #define HAVE_LIMITS_H 1
| #define HAVE_SYS_SELECT_H 1
| #define HAVE_ARPA_INET_H 1
| #define HAVE_SIGNAL_H 1
| #define HAVE_SYS_SOCKET_H 1
| #define HAVE_NETINET_IN_H 1
| #define HAVE_NETINET_TCP_H 1
| #define HAVE_NETDB_H 1
| #define HAVE_SYS_POLL_H 1
| #define HAVE_FCNTL_H 1
| #define HAVE_TIMEZONE 1
| #define SIZEOF_OFF64_T 8
| #define NE_FMT_OFF64_T "lld"
| #define HAVE_STRTOLL 1
| #define HAVE_LSEEK64 1
| #define HAVE_FSTAT64 1
| #define NE_HAVE_LFS 1
| #define NE_FMT_NE_OFF_T NE_FMT_OFF64_T
| #define HAVE_STRCASECMP 1
| #define HAVE_SIGNAL 1
| #define HAVE_SETVBUF 1
| #define HAVE_SETSOCKOPT 1
| #define HAVE_STPCPY 1
| #define HAVE_POLL 1
| #define HAVE_FCNTL 1
| #define HAVE_GETSOCKOPT 1
| #define NE_USE_POLL 1
| #define HAVE_DECL_STPCPY 1
| #define HAVE_GAI_STRERROR 1
| #define HAVE_GETNAMEINFO 1
| #define HAVE_INET_NTOP 1
| #define HAVE_INET_PTON 1
| #define NE_HAVE_IPV6 1
| #define USE_GETADDRINFO 1
| #define HAVE_SOCKLEN_T 1
| #define HAVE_STRUCT_TM_TM_GMTOFF 1
| #define NE_HAVE_ZLIB 1
| #define HAVE_OPENSSL_SSL_H 1
| #define HAVE_OPENSSL_OPENSSLV_H 1
| #define NE_HAVE_SSL 1
| #define HAVE_OPENSSL 1
| #define HAVE_NTLM 1
| #define HAVE_DLFCN_H 1
| #define LT_OBJDIR ".libs/"
| #define SIZEOF_TIME_T 4
| #define NE_FMT_TIME_T "ld"
| /* end confdefs.h.  */
| #include <stdio.h>
| #ifdef HAVE_SYS_TYPES_H
| # include <sys/types.h>
| #endif
| #ifdef HAVE_SYS_STAT_H
| # include <sys/stat.h>
| #endif
| #ifdef STDC_HEADERS
| # include <stdlib.h>
| # include <stddef.h>
| #else
| # ifdef HAVE_STDLIB_H
| #  include <stdlib.h>
| # endif
| #endif
| #ifdef HAVE_STRING_H
| # if !defined STDC_HEADERS && defined HAVE_MEMORY_H
| #  include <memory.h>
| # endif
| # include <string.h>
| #endif
| #ifdef HAVE_STRINGS_H
| # include <strings.h>
| #endif
| #ifdef HAVE_INTTYPES_H
| # include <inttypes.h>
| #endif
| #ifdef HAVE_STDINT_H
| # include <stdint.h>
| #endif
| #ifdef HAVE_UNISTD_H
| # include <unistd.h>
| #endif
| int
| main ()
| {
| if (sizeof ((pid_t)))
| 	    return 0;
|   ;
|   return 0;
| }
configure:13970: result: yes
configure:13981: checking whether time.h and sys/time.h may both be included
configure:14001: mipsel-uclibc-gcc -c -I/home/RT-AC54U/asuswrt/release/src-ra-mt7620/router/mipsel-uclibc/stage/usr/include -I/home/RT-AC54U/asuswrt/release/src-ra-mt7620/router/openssl/include  -I/home/RT-AC54U/asuswrt/release/src-ra-mt7620/router/openssl/include -I/home/RT-AC54U/asuswrt/release/src-ra-mt7620/router/libxml2/include  -D_LARGEFILE64_SOURCE -DNE_LFS -I/home/RT-AC54U/asuswrt/release/src-ra-mt7620/router/mipsel-uclibc/stage/etc/include conftest.c >&5
configure:14001: $? = 0
configure:14008: result: yes
configure:14023: checking for mipsel-linux-ar
configure:14041: found /opt/brcm/hndtools-mipsel-linux/bin/mipsel-linux-ar
configure:14053: result: /opt/brcm/hndtools-mipsel-linux/bin/mipsel-linux-ar
configure:14124: checking for mipsel-linux-ranlib
configure:14142: found /opt/brcm/hndtools-mipsel-linux/bin/mipsel-linux-ranlib
configure:14154: result: /opt/brcm/hndtools-mipsel-linux/bin/mipsel-linux-ranlib
configure:14234: checking for sys/time.h
configure:14234: result: yes
configure:14234: checking for stdint.h
configure:14234: result: yes
configure:14234: checking locale.h usability
configure:14234: mipsel-uclibc-gcc -c -I/home/RT-AC54U/asuswrt/release/src-ra-mt7620/router/mipsel-uclibc/stage/usr/include -I/home/RT-AC54U/asuswrt/release/src-ra-mt7620/router/openssl/include  -I/home/RT-AC54U/asuswrt/release/src-ra-mt7620/router/openssl/include -I/home/RT-AC54U/asuswrt/release/src-ra-mt7620/router/libxml2/include  -D_LARGEFILE64_SOURCE -DNE_LFS -I/home/RT-AC54U/asuswrt/release/src-ra-mt7620/router/mipsel-uclibc/stage/etc/include conftest.c >&5
configure:14234: $? = 0
configure:14234: result: yes
configure:14234: checking locale.h presence
configure:14234: mipsel-uclibc-gcc -E  -I/home/RT-AC54U/asuswrt/release/src-ra-mt7620/router/openssl/include -I/home/RT-AC54U/asuswrt/release/src-ra-mt7620/router/libxml2/include  -D_LARGEFILE64_SOURCE -DNE_LFS -I/home/RT-AC54U/asuswrt/release/src-ra-mt7620/router/mipsel-uclibc/stage/etc/include conftest.c
configure:14234: $? = 0
configure:14234: result: yes
configure:14234: checking for locale.h
configure:14234: result: yes
configure:14234: checking for signal.h
configure:14234: result: yes
configure:14248: checking for pipe
configure:14248: mipsel-uclibc-gcc -o conftest -I/home/RT-AC54U/asuswrt/release/src-ra-mt7620/router/mipsel-uclibc/stage/usr/include -I/home/RT-AC54U/asuswrt/release/src-ra-mt7620/router/openssl/include  -I/home/RT-AC54U/asuswrt/release/src-ra-mt7620/router/openssl/include -I/home/RT-AC54U/asuswrt/release/src-ra-mt7620/router/libxml2/include  -D_LARGEFILE64_SOURCE -DNE_LFS -I/home/RT-AC54U/asuswrt/release/src-ra-mt7620/router/mipsel-uclibc/stage/etc/include  -L/home/RT-AC54U/asuswrt/release/src-ra-mt7620/router/openssl/lib -L/home/RT-AC54U/asuswrt/release/src-ra-mt7620/router/libxml2/lib -L/home/RT-AC54U/asuswrt/release/src-ra-mt7620/router/libxml2/.libs -L/home/RT-AC54U/asuswrt/release/src-ra-mt7620/router/mipsel-uclibc/stage/usr/lib -L/home/RT-AC54U/asuswrt/release/src-ra-mt7620/router/openssl conftest.c -lxml2 -lssl -lcrypto -lpthread -ldl -lm >&5
configure:14248: $? = 0
configure:14248: result: yes
configure:14248: checking for isatty
configure:14248: mipsel-uclibc-gcc -o conftest -I/home/RT-AC54U/asuswrt/release/src-ra-mt7620/router/mipsel-uclibc/stage/usr/include -I/home/RT-AC54U/asuswrt/release/src-ra-mt7620/router/openssl/include  -I/home/RT-AC54U/asuswrt/release/src-ra-mt7620/router/openssl/include -I/home/RT-AC54U/asuswrt/release/src-ra-mt7620/router/libxml2/include  -D_LARGEFILE64_SOURCE -DNE_LFS -I/home/RT-AC54U/asuswrt/release/src-ra-mt7620/router/mipsel-uclibc/stage/etc/include  -L/home/RT-AC54U/asuswrt/release/src-ra-mt7620/router/openssl/lib -L/home/RT-AC54U/asuswrt/release/src-ra-mt7620/router/libxml2/lib -L/home/RT-AC54U/asuswrt/release/src-ra-mt7620/router/libxml2/.libs -L/home/RT-AC54U/asuswrt/release/src-ra-mt7620/router/mipsel-uclibc/stage/usr/lib -L/home/RT-AC54U/asuswrt/release/src-ra-mt7620/router/openssl conftest.c -lxml2 -lssl -lcrypto -lpthread -ldl -lm >&5
configure:14248: $? = 0
configure:14248: result: yes
configure:14248: checking for usleep
configure:14248: mipsel-uclibc-gcc -o conftest -I/home/RT-AC54U/asuswrt/release/src-ra-mt7620/router/mipsel-uclibc/stage/usr/include -I/home/RT-AC54U/asuswrt/release/src-ra-mt7620/router/openssl/include  -I/home/RT-AC54U/asuswrt/release/src-ra-mt7620/router/openssl/include -I/home/RT-AC54U/asuswrt/release/src-ra-mt7620/router/libxml2/include  -D_LARGEFILE64_SOURCE -DNE_LFS -I/home/RT-AC54U/asuswrt/release/src-ra-mt7620/router/mipsel-uclibc/stage/etc/include  -L/home/RT-AC54U/asuswrt/release/src-ra-mt7620/router/openssl/lib -L/home/RT-AC54U/asuswrt/release/src-ra-mt7620/router/libxml2/lib -L/home/RT-AC54U/asuswrt/release/src-ra-mt7620/router/libxml2/.libs -L/home/RT-AC54U/asuswrt/release/src-ra-mt7620/router/mipsel-uclibc/stage/usr/lib -L/home/RT-AC54U/asuswrt/release/src-ra-mt7620/router/openssl conftest.c -lxml2 -lssl -lcrypto -lpthread -ldl -lm >&5
configure:14248: $? = 0
configure:14248: result: yes
configure:14248: checking for shutdown
configure:14248: mipsel-uclibc-gcc -o conftest -I/home/RT-AC54U/asuswrt/release/src-ra-mt7620/router/mipsel-uclibc/stage/usr/include -I/home/RT-AC54U/asuswrt/release/src-ra-mt7620/router/openssl/include  -I/home/RT-AC54U/asuswrt/release/src-ra-mt7620/router/openssl/include -I/home/RT-AC54U/asuswrt/release/src-ra-mt7620/router/libxml2/include  -D_LARGEFILE64_SOURCE -DNE_LFS -I/home/RT-AC54U/asuswrt/release/src-ra-mt7620/router/mipsel-uclibc/stage/etc/include  -L/home/RT-AC54U/asuswrt/release/src-ra-mt7620/router/openssl/lib -L/home/RT-AC54U/asuswrt/release/src-ra-mt7620/router/libxml2/lib -L/home/RT-AC54U/asuswrt/release/src-ra-mt7620/router/libxml2/.libs -L/home/RT-AC54U/asuswrt/release/src-ra-mt7620/router/mipsel-uclibc/stage/usr/lib -L/home/RT-AC54U/asuswrt/release/src-ra-mt7620/router/openssl conftest.c -lxml2 -lssl -lcrypto -lpthread -ldl -lm >&5
configure:14248: $? = 0
configure:14248: result: yes
configure:14248: checking for setlocale
configure:14248: mipsel-uclibc-gcc -o conftest -I/home/RT-AC54U/asuswrt/release/src-ra-mt7620/router/mipsel-uclibc/stage/usr/include -I/home/RT-AC54U/asuswrt/release/src-ra-mt7620/router/openssl/include  -I/home/RT-AC54U/asuswrt/release/src-ra-mt7620/router/openssl/include -I/home/RT-AC54U/asuswrt/release/src-ra-mt7620/router/libxml2/include  -D_LARGEFILE64_SOURCE -DNE_LFS -I/home/RT-AC54U/asuswrt/release/src-ra-mt7620/router/mipsel-uclibc/stage/etc/include  -L/home/RT-AC54U/asuswrt/release/src-ra-mt7620/router/openssl/lib -L/home/RT-AC54U/asuswrt/release/src-ra-mt7620/router/libxml2/lib -L/home/RT-AC54U/asuswrt/release/src-ra-mt7620/router/libxml2/.libs -L/home/RT-AC54U/asuswrt/release/src-ra-mt7620/router/mipsel-uclibc/stage/usr/lib -L/home/RT-AC54U/asuswrt/release/src-ra-mt7620/router/openssl conftest.c -lxml2 -lssl -lcrypto -lpthread -ldl -lm >&5
configure:14248: $? = 0
configure:14248: result: yes
configure:14248: checking for gethostname
configure:14248: mipsel-uclibc-gcc -o conftest -I/home/RT-AC54U/asuswrt/release/src-ra-mt7620/router/mipsel-uclibc/stage/usr/include -I/home/RT-AC54U/asuswrt/release/src-ra-mt7620/router/openssl/include  -I/home/RT-AC54U/asuswrt/release/src-ra-mt7620/router/openssl/include -I/home/RT-AC54U/asuswrt/release/src-ra-mt7620/router/libxml2/include  -D_LARGEFILE64_SOURCE -DNE_LFS -I/home/RT-AC54U/asuswrt/release/src-ra-mt7620/router/mipsel-uclibc/stage/etc/include  -L/home/RT-AC54U/asuswrt/release/src-ra-mt7620/router/openssl/lib -L/home/RT-AC54U/asuswrt/release/src-ra-mt7620/router/libxml2/lib -L/home/RT-AC54U/asuswrt/release/src-ra-mt7620/router/libxml2/.libs -L/home/RT-AC54U/asuswrt/release/src-ra-mt7620/router/mipsel-uclibc/stage/usr/lib -L/home/RT-AC54U/asuswrt/release/src-ra-mt7620/router/openssl conftest.c -lxml2 -lssl -lcrypto -lpthread -ldl -lm >&5
configure:14248: $? = 0
configure:14248: result: yes
configure:14306: WebDAV support is enabled
configure:14609: checking expat.h usability
configure:14609: mipsel-uclibc-gcc -c -I/home/RT-AC54U/asuswrt/release/src-ra-mt7620/router/mipsel-uclibc/stage/usr/include -I/home/RT-AC54U/asuswrt/release/src-ra-mt7620/router/openssl/include  -I/home/RT-AC54U/asuswrt/release/src-ra-mt7620/router/openssl/include -I/home/RT-AC54U/asuswrt/release/src-ra-mt7620/router/libxml2/include  -D_LARGEFILE64_SOURCE -DNE_LFS -I/home/RT-AC54U/asuswrt/release/src-ra-mt7620/router/mipsel-uclibc/stage/etc/include conftest.c >&5
conftest.c:140:19: error: expat.h: No such file or directory
configure:14609: $? = 1
configure: failed program was:
| /* confdefs.h */
| #define PACKAGE_NAME "neon"
| #define PACKAGE_TARNAME "neon"
| #define PACKAGE_VERSION "0.29.6"
| #define PACKAGE_STRING "neon 0.29.6"
| #define PACKAGE_BUGREPORT "neon@lists.manyfish.co.uk"
| #define PACKAGE_URL ""
| #define _GNU_SOURCE 1
| #define NEON_IS_LIBRARY 1
| #define NEON_VERSION "0.29.6"
| #define NE_VERSION_MAJOR (0)
| #define NE_VERSION_MINOR (29)
| #define NE_VERSION_PATCH (6)
| #define STDC_HEADERS 1
| #define HAVE_SYS_TYPES_H 1
| #define HAVE_SYS_STAT_H 1
| #define HAVE_STDLIB_H 1
| #define HAVE_STRING_H 1
| #define HAVE_MEMORY_H 1
| #define HAVE_STRINGS_H 1
| #define HAVE_INTTYPES_H 1
| #define HAVE_STDINT_H 1
| #define HAVE_UNISTD_H 1
| #define __EXTENSIONS__ 1
| #define _ALL_SOURCE 1
| #define _GNU_SOURCE 1
| #define _POSIX_PTHREAD_SEMANTICS 1
| #define _TANDEM_SOURCE 1
| #define SIZEOF_INT 4
| #define SIZEOF_LONG 4
| #define SIZEOF_LONG_LONG 8
| #define HAVE_ERRNO_H 1
| #define HAVE_STDARG_H 1
| #define HAVE_STRING_H 1
| #define HAVE_STDLIB_H 1
| #define SIZEOF_SIZE_T 4
| #define NE_FMT_SIZE_T "u"
| #define SIZEOF_OFF_T 4
| #define NE_FMT_OFF_T "ld"
| #define SIZEOF_SSIZE_T 4
| #define NE_FMT_SSIZE_T "d"
| #define HAVE_DECL_STRERROR_R 1
| #define HAVE_STRERROR_R 1
| #define STRERROR_R_CHAR_P 1
| #define HAVE_SNPRINTF 1
| #define HAVE_VSNPRINTF 1
| #define HAVE_SYS_TIME_H 1
| #define HAVE_LIMITS_H 1
| #define HAVE_SYS_SELECT_H 1
| #define HAVE_ARPA_INET_H 1
| #define HAVE_SIGNAL_H 1
| #define HAVE_SYS_SOCKET_H 1
| #define HAVE_NETINET_IN_H 1
| #define HAVE_NETINET_TCP_H 1
| #define HAVE_NETDB_H 1
| #define HAVE_SYS_POLL_H 1
| #define HAVE_FCNTL_H 1
| #define HAVE_TIMEZONE 1
| #define SIZEOF_OFF64_T 8
| #define NE_FMT_OFF64_T "lld"
| #define HAVE_STRTOLL 1
| #define HAVE_LSEEK64 1
| #define HAVE_FSTAT64 1
| #define NE_HAVE_LFS 1
| #define NE_FMT_NE_OFF_T NE_FMT_OFF64_T
| #define HAVE_STRCASECMP 1
| #define HAVE_SIGNAL 1
| #define HAVE_SETVBUF 1
| #define HAVE_SETSOCKOPT 1
| #define HAVE_STPCPY 1
| #define HAVE_POLL 1
| #define HAVE_FCNTL 1
| #define HAVE_GETSOCKOPT 1
| #define NE_USE_POLL 1
| #define HAVE_DECL_STPCPY 1
| #define HAVE_GAI_STRERROR 1
| #define HAVE_GETNAMEINFO 1
| #define HAVE_INET_NTOP 1
| #define HAVE_INET_PTON 1
| #define NE_HAVE_IPV6 1
| #define USE_GETADDRINFO 1
| #define HAVE_SOCKLEN_T 1
| #define HAVE_STRUCT_TM_TM_GMTOFF 1
| #define NE_HAVE_ZLIB 1
| #define HAVE_OPENSSL_SSL_H 1
| #define HAVE_OPENSSL_OPENSSLV_H 1
| #define NE_HAVE_SSL 1
| #define HAVE_OPENSSL 1
| #define HAVE_NTLM 1
| #define HAVE_DLFCN_H 1
| #define LT_OBJDIR ".libs/"
| #define SIZEOF_TIME_T 4
| #define NE_FMT_TIME_T "ld"
| #define TIME_WITH_SYS_TIME 1
| #define HAVE_SYS_TIME_H 1
| #define HAVE_STDINT_H 1
| #define HAVE_LOCALE_H 1
| #define HAVE_SIGNAL_H 1
| #define HAVE_PIPE 1
| #define HAVE_ISATTY 1
| #define HAVE_USLEEP 1
| #define HAVE_SHUTDOWN 1
| #define HAVE_SETLOCALE 1
| #define HAVE_GETHOSTNAME 1
| #define NE_HAVE_DAV 1
| /* end confdefs.h.  */
| #include <stdio.h>
| #ifdef HAVE_SYS_TYPES_H
| # include <sys/types.h>
| #endif
| #ifdef HAVE_SYS_STAT_H
| # include <sys/stat.h>
| #endif
| #ifdef STDC_HEADERS
| # include <stdlib.h>
| # include <stddef.h>
| #else
| # ifdef HAVE_STDLIB_H
| #  include <stdlib.h>
| # endif
| #endif
| #ifdef HAVE_STRING_H
| # if !defined STDC_HEADERS && defined HAVE_MEMORY_H
| #  include <memory.h>
| # endif
| # include <string.h>
| #endif
| #ifdef HAVE_STRINGS_H
| # include <strings.h>
| #endif
| #ifdef HAVE_INTTYPES_H
| # include <inttypes.h>
| #endif
| #ifdef HAVE_STDINT_H
| # include <stdint.h>
| #endif
| #ifdef HAVE_UNISTD_H
| # include <unistd.h>
| #endif
| #include <expat.h>
configure:14609: result: no
configure:14609: checking expat.h presence
configure:14609: mipsel-uclibc-gcc -E  -I/home/RT-AC54U/asuswrt/release/src-ra-mt7620/router/openssl/include -I/home/RT-AC54U/asuswrt/release/src-ra-mt7620/router/libxml2/include  -D_LARGEFILE64_SOURCE -DNE_LFS -I/home/RT-AC54U/asuswrt/release/src-ra-mt7620/router/mipsel-uclibc/stage/etc/include conftest.c
conftest.c:107:19: error: expat.h: No such file or directory
configure:14609: $? = 1
configure: failed program was:
| /* confdefs.h */
| #define PACKAGE_NAME "neon"
| #define PACKAGE_TARNAME "neon"
| #define PACKAGE_VERSION "0.29.6"
| #define PACKAGE_STRING "neon 0.29.6"
| #define PACKAGE_BUGREPORT "neon@lists.manyfish.co.uk"
| #define PACKAGE_URL ""
| #define _GNU_SOURCE 1
| #define NEON_IS_LIBRARY 1
| #define NEON_VERSION "0.29.6"
| #define NE_VERSION_MAJOR (0)
| #define NE_VERSION_MINOR (29)
| #define NE_VERSION_PATCH (6)
| #define STDC_HEADERS 1
| #define HAVE_SYS_TYPES_H 1
| #define HAVE_SYS_STAT_H 1
| #define HAVE_STDLIB_H 1
| #define HAVE_STRING_H 1
| #define HAVE_MEMORY_H 1
| #define HAVE_STRINGS_H 1
| #define HAVE_INTTYPES_H 1
| #define HAVE_STDINT_H 1
| #define HAVE_UNISTD_H 1
| #define __EXTENSIONS__ 1
| #define _ALL_SOURCE 1
| #define _GNU_SOURCE 1
| #define _POSIX_PTHREAD_SEMANTICS 1
| #define _TANDEM_SOURCE 1
| #define SIZEOF_INT 4
| #define SIZEOF_LONG 4
| #define SIZEOF_LONG_LONG 8
| #define HAVE_ERRNO_H 1
| #define HAVE_STDARG_H 1
| #define HAVE_STRING_H 1
| #define HAVE_STDLIB_H 1
| #define SIZEOF_SIZE_T 4
| #define NE_FMT_SIZE_T "u"
| #define SIZEOF_OFF_T 4
| #define NE_FMT_OFF_T "ld"
| #define SIZEOF_SSIZE_T 4
| #define NE_FMT_SSIZE_T "d"
| #define HAVE_DECL_STRERROR_R 1
| #define HAVE_STRERROR_R 1
| #define STRERROR_R_CHAR_P 1
| #define HAVE_SNPRINTF 1
| #define HAVE_VSNPRINTF 1
| #define HAVE_SYS_TIME_H 1
| #define HAVE_LIMITS_H 1
| #define HAVE_SYS_SELECT_H 1
| #define HAVE_ARPA_INET_H 1
| #define HAVE_SIGNAL_H 1
| #define HAVE_SYS_SOCKET_H 1
| #define HAVE_NETINET_IN_H 1
| #define HAVE_NETINET_TCP_H 1
| #define HAVE_NETDB_H 1
| #define HAVE_SYS_POLL_H 1
| #define HAVE_FCNTL_H 1
| #define HAVE_TIMEZONE 1
| #define SIZEOF_OFF64_T 8
| #define NE_FMT_OFF64_T "lld"
| #define HAVE_STRTOLL 1
| #define HAVE_LSEEK64 1
| #define HAVE_FSTAT64 1
| #define NE_HAVE_LFS 1
| #define NE_FMT_NE_OFF_T NE_FMT_OFF64_T
| #define HAVE_STRCASECMP 1
| #define HAVE_SIGNAL 1
| #define HAVE_SETVBUF 1
| #define HAVE_SETSOCKOPT 1
| #define HAVE_STPCPY 1
| #define HAVE_POLL 1
| #define HAVE_FCNTL 1
| #define HAVE_GETSOCKOPT 1
| #define NE_USE_POLL 1
| #define HAVE_DECL_STPCPY 1
| #define HAVE_GAI_STRERROR 1
| #define HAVE_GETNAMEINFO 1
| #define HAVE_INET_NTOP 1
| #define HAVE_INET_PTON 1
| #define NE_HAVE_IPV6 1
| #define USE_GETADDRINFO 1
| #define HAVE_SOCKLEN_T 1
| #define HAVE_STRUCT_TM_TM_GMTOFF 1
| #define NE_HAVE_ZLIB 1
| #define HAVE_OPENSSL_SSL_H 1
| #define HAVE_OPENSSL_OPENSSLV_H 1
| #define NE_HAVE_SSL 1
| #define HAVE_OPENSSL 1
| #define HAVE_NTLM 1
| #define HAVE_DLFCN_H 1
| #define LT_OBJDIR ".libs/"
| #define SIZEOF_TIME_T 4
| #define NE_FMT_TIME_T "ld"
| #define TIME_WITH_SYS_TIME 1
| #define HAVE_SYS_TIME_H 1
| #define HAVE_STDINT_H 1
| #define HAVE_LOCALE_H 1
| #define HAVE_SIGNAL_H 1
| #define HAVE_PIPE 1
| #define HAVE_ISATTY 1
| #define HAVE_USLEEP 1
| #define HAVE_SHUTDOWN 1
| #define HAVE_SETLOCALE 1
| #define HAVE_GETHOSTNAME 1
| #define NE_HAVE_DAV 1
| /* end confdefs.h.  */
| #include <expat.h>
configure:14609: result: no
configure:14609: checking for expat.h
configure:14609: result: no
configure:14840: checking for xml2-config
configure:14867: result: /home/RT-AC54U/asuswrt/release/src-ra-mt7620/router/libxml2/xml2-config
configure:14887: checking libxml/xmlversion.h usability
configure:14887: mipsel-uclibc-gcc -c -I/home/RT-AC54U/asuswrt/release/src-ra-mt7620/router/mipsel-uclibc/stage/usr/include -I/home/RT-AC54U/asuswrt/release/src-ra-mt7620/router/openssl/include  -I/home/RT-AC54U/asuswrt/release/src-ra-mt7620/router/openssl/include -I/home/RT-AC54U/asuswrt/release/src-ra-mt7620/router/libxml2/include  -D_LARGEFILE64_SOURCE -DNE_LFS -I/home/RT-AC54U/asuswrt/release/src-ra-mt7620/router/mipsel-uclibc/stage/etc/include -I/usr/include/libxml2 conftest.c >&5
configure:14887: $? = 0
configure:14887: result: yes
configure:14887: checking libxml/xmlversion.h presence
configure:14887: mipsel-uclibc-gcc -E  -I/home/RT-AC54U/asuswrt/release/src-ra-mt7620/router/openssl/include -I/home/RT-AC54U/asuswrt/release/src-ra-mt7620/router/libxml2/include  -D_LARGEFILE64_SOURCE -DNE_LFS -I/home/RT-AC54U/asuswrt/release/src-ra-mt7620/router/mipsel-uclibc/stage/etc/include -I/usr/include/libxml2 conftest.c
configure:14887: $? = 0
configure:14887: result: yes
configure:14887: checking for libxml/xmlversion.h
configure:14887: result: yes
configure:14887: checking libxml/parser.h usability
configure:14887: mipsel-uclibc-gcc -c -I/home/RT-AC54U/asuswrt/release/src-ra-mt7620/router/mipsel-uclibc/stage/usr/include -I/home/RT-AC54U/asuswrt/release/src-ra-mt7620/router/openssl/include  -I/home/RT-AC54U/asuswrt/release/src-ra-mt7620/router/openssl/include -I/home/RT-AC54U/asuswrt/release/src-ra-mt7620/router/libxml2/include  -D_LARGEFILE64_SOURCE -DNE_LFS -I/home/RT-AC54U/asuswrt/release/src-ra-mt7620/router/mipsel-uclibc/stage/etc/include -I/usr/include/libxml2 conftest.c >&5
configure:14887: $? = 0
configure:14887: result: yes
configure:14887: checking libxml/parser.h presence
configure:14887: mipsel-uclibc-gcc -E  -I/home/RT-AC54U/asuswrt/release/src-ra-mt7620/router/openssl/include -I/home/RT-AC54U/asuswrt/release/src-ra-mt7620/router/libxml2/include  -D_LARGEFILE64_SOURCE -DNE_LFS -I/home/RT-AC54U/asuswrt/release/src-ra-mt7620/router/mipsel-uclibc/stage/etc/include -I/usr/include/libxml2 conftest.c
configure:14887: $? = 0
configure:14887: result: yes
configure:14887: checking for libxml/parser.h
configure:14887: result: yes
configure:14916: XML parser used: libxml 2.7.7
configure:15027: Internationalization support not enabled
configure:15065: debugging is enabled
configure:15123: checking for openssl
configure:15141: found /usr/bin/openssl
configure:15154: result: /usr/bin/openssl
configure:15172: checking for certutil
configure:15203: result: notfound
configure:15213: checking for pk12util
configure:15244: result: notfound
configure:15279: checking for pkg-config
configure:15310: result: /usr/bin/pkg-config
configure:15342: checking if LD -Wl,--version-script works
configure:15366: mipsel-uclibc-gcc -o conftest -I/home/RT-AC54U/asuswrt/release/src-ra-mt7620/router/mipsel-uclibc/stage/usr/include -I/home/RT-AC54U/asuswrt/release/src-ra-mt7620/router/openssl/include  -I/home/RT-AC54U/asuswrt/release/src-ra-mt7620/router/openssl/include -I/home/RT-AC54U/asuswrt/release/src-ra-mt7620/router/libxml2/include  -D_LARGEFILE64_SOURCE -DNE_LFS -I/home/RT-AC54U/asuswrt/release/src-ra-mt7620/router/mipsel-uclibc/stage/etc/include -I/usr/include/libxml2 -I${top_builddir}  -L/home/RT-AC54U/asuswrt/release/src-ra-mt7620/router/openssl/lib -L/home/RT-AC54U/asuswrt/release/src-ra-mt7620/router/libxml2/lib -L/home/RT-AC54U/asuswrt/release/src-ra-mt7620/router/libxml2/.libs -L/home/RT-AC54U/asuswrt/release/src-ra-mt7620/router/mipsel-uclibc/stage/usr/lib -L/home/RT-AC54U/asuswrt/release/src-ra-mt7620/router/openssl -Wl,--version-script=conftest.map conftest.c -lxml2 -lssl -lcrypto -lpthread -ldl -lm >&5
configure:15366: $? = 0
configure:15375: result: yes
configure:15526: creating ./config.status

## ---------------------- ##
## Running config.status. ##
## ---------------------- ##

This file was extended by neon config.status 0.29.6, which was
generated by GNU Autoconf 2.66.  Invocation command line was

  CONFIG_FILES    = 
  CONFIG_HEADERS  = 
  CONFIG_LINKS    = 
  CONFIG_COMMANDS = 
  $ ./config.status 

on jacky-HP-ProDesk-600-G2-SFF

config.status:1168: creating neon-config
config.status:1168: creating Makefile
config.status:1168: creating src/Makefile
config.status:1168: creating test/Makefile
config.status:1168: creating neon.pc
config.status:1168: creating test/makekeys
config.status:1168: creating config.h
config.status:1356: executing libtool commands
configure:17628: Configured to build neon 0.29.6:

  Install prefix:  /usr
  Compiler:        mipsel-uclibc-gcc
  XML Parser:      libxml 2.7.7
  SSL library:     SSL support enabled, using OpenSSL (0.9.7 or later)
  zlib support:    zlib support enabled, using -lz
  Build libraries: Shared=yes, Static=no


## ---------------- ##
## Cache variables. ##
## ---------------- ##

ac_cv_build=x86_64-unknown-linux-gnu
ac_cv_c_bigendian=no
ac_cv_c_compiler_gnu=yes
ac_cv_c_const=yes
ac_cv_c_inline=inline
ac_cv_env_CC_set=set
ac_cv_env_CC_value=mipsel-uclibc-gcc
ac_cv_env_CFLAGS_set=set
ac_cv_env_CFLAGS_value='-I/home/RT-AC54U/asuswrt/release/src-ra-mt7620/router/mipsel-uclibc/stage/usr/include -I/home/RT-AC54U/asuswrt/release/src-ra-mt7620/router/openssl/include'
ac_cv_env_CPPFLAGS_set=
ac_cv_env_CPPFLAGS_value=
ac_cv_env_CPP_set=
ac_cv_env_CPP_value=
ac_cv_env_LDFLAGS_set=set
ac_cv_env_LDFLAGS_value='-L/home/RT-AC54U/asuswrt/release/src-ra-mt7620/router/libxml2/.libs -L/home/RT-AC54U/asuswrt/release/src-ra-mt7620/router/mipsel-uclibc/stage/usr/lib -L/home/RT-AC54U/asuswrt/release/src-ra-mt7620/router/openssl'
ac_cv_env_LIBS_set=set
ac_cv_env_LIBS_value='-lxml2 -lssl -lcrypto -lpthread -ldl -lm'
ac_cv_env_build_alias_set=set
ac_cv_env_build_alias_value=
ac_cv_env_host_alias_set=set
ac_cv_env_host_alias_value=mipsel-linux
ac_cv_env_target_alias_set=
ac_cv_env_target_alias_value=
ac_cv_func_CRYPTO_set_idptr_callback=no
ac_cv_func_SSL_SESSION_cmp=no
ac_cv_func_fcntl=yes
ac_cv_func_fstat64=yes
ac_cv_func_gai_strerror=yes
ac_cv_func_gethostname=yes
ac_cv_func_getnameinfo=yes
ac_cv_func_getsockopt=yes
ac_cv_func_inet_ntop=yes
ac_cv_func_inet_pton=yes
ac_cv_func_isatty=yes
ac_cv_func_lseek64=yes
ac_cv_func_pipe=yes
ac_cv_func_poll=yes
ac_cv_func_setlocale=yes
ac_cv_func_setsockopt=yes
ac_cv_func_setvbuf=yes
ac_cv_func_shutdown=yes
ac_cv_func_signal=yes
ac_cv_func_snprintf=yes
ac_cv_func_stpcpy=yes
ac_cv_func_strcasecmp=yes
ac_cv_func_strerror_r=yes
ac_cv_func_strerror_r_char_p=yes
ac_cv_func_strtoll=yes
ac_cv_func_usleep=yes
ac_cv_func_vsnprintf=yes
ac_cv_have_decl_stpcpy=yes
ac_cv_have_decl_strerror_r=yes
ac_cv_header_arpa_inet_h=yes
ac_cv_header_dlfcn_h=yes
ac_cv_header_errno_h=yes
ac_cv_header_expat_h=no
ac_cv_header_fcntl_h=yes
ac_cv_header_iconv_h=no
ac_cv_header_inttypes_h=yes
ac_cv_header_libintl_h=no
ac_cv_header_libxml_parser_h=yes
ac_cv_header_libxml_xmlversion_h=yes
ac_cv_header_limits_h=yes
ac_cv_header_locale_h=yes
ac_cv_header_memory_h=yes
ac_cv_header_minix_config_h=no
ac_cv_header_netdb_h=yes
ac_cv_header_netinet_in_h=yes
ac_cv_header_netinet_tcp_h=yes
ac_cv_header_openssl_opensslv_h=yes
ac_cv_header_openssl_ssl_h=yes
ac_cv_header_signal_h=yes
ac_cv_header_stdarg_h=yes
ac_cv_header_stdc=yes
ac_cv_header_stdint_h=yes
ac_cv_header_stdlib_h=yes
ac_cv_header_string_h=yes
ac_cv_header_strings_h=yes
ac_cv_header_sys_limits_h=no
ac_cv_header_sys_poll_h=yes
ac_cv_header_sys_select_h=yes
ac_cv_header_sys_socket_h=yes
ac_cv_header_sys_stat_h=yes
ac_cv_header_sys_time_h=yes
ac_cv_header_sys_types_h=yes
ac_cv_header_time=yes
ac_cv_header_unistd_h=yes
ac_cv_header_zlib_h=yes
ac_cv_host=mipsel-unknown-linux-gnu
ac_cv_lib_z_inflate=yes
ac_cv_member_struct_tm___tm_gmtoff=no
ac_cv_member_struct_tm_tm_gmtoff=yes
ac_cv_objext=o
ac_cv_path_AR=/opt/brcm/hndtools-mipsel-linux/bin/mipsel-linux-ar
ac_cv_path_CERTUTIL=notfound
ac_cv_path_EGREP='/bin/grep -E'
ac_cv_path_FGREP='/bin/grep -F'
ac_cv_path_GREP=/bin/grep
ac_cv_path_KRB5_CONFIG=none
ac_cv_path_OPENSSL=/usr/bin/openssl
ac_cv_path_PK12UTIL=notfound
ac_cv_path_PKG_CONFIG=/usr/bin/pkg-config
ac_cv_path_RANLIB=/opt/brcm/hndtools-mipsel-linux/bin/mipsel-linux-ranlib
ac_cv_path_SED=/bin/sed
ac_cv_path_install='/usr/bin/install -c'
ac_cv_prog_AR=mipsel-uclibc-ar
ac_cv_prog_AWK=gawk
ac_cv_prog_CC=mipsel-uclibc-gcc
ac_cv_prog_CPP='mipsel-uclibc-gcc -E'
ac_cv_prog_OBJDUMP=mipsel-uclibc-objdump
ac_cv_prog_RANLIB=mipsel-uclibc-ranlib
ac_cv_prog_STRIP='mipsel-uclibc-strip -R .note -R .comment'
ac_cv_prog_XML2_CONFIG=/home/RT-AC54U/asuswrt/release/src-ra-mt7620/router/libxml2/xml2-config
ac_cv_prog_cc_c89=
ac_cv_prog_cc_g=yes
ac_cv_prog_make_make_set=yes
ac_cv_safe_to_define___extensions__=yes
ac_cv_sizeof_int=4
ac_cv_sizeof_long=4
ac_cv_sizeof_long_long=8
ac_cv_sizeof_off64_t=8
ac_cv_sizeof_off_t=4
ac_cv_sizeof_size_t=4
ac_cv_sizeof_ssize_t=4
ac_cv_sizeof_time_t=4
ac_cv_type_off64_t=yes
ac_cv_type_off_t=yes
ac_cv_type_pid_t=yes
ac_cv_type_size_t=yes
ac_cv_type_socklen_t=yes
lt_cv_archive_cmds_need_lc=no
lt_cv_deplibs_check_method=pass_all
lt_cv_file_magic_cmd='$MAGIC_CMD'
lt_cv_file_magic_test_file=
lt_cv_ld_reload_flag=-r
lt_cv_nm_interface='BSD nm'
lt_cv_objdir=.libs
lt_cv_path_LD=mipsel-uclibc-ld
lt_cv_path_NM=mipsel-uclibc-nm
lt_cv_prog_compiler_c_o=yes
lt_cv_prog_compiler_pic_works=yes
lt_cv_prog_compiler_rtti_exceptions=no
lt_cv_prog_compiler_static_works=yes
lt_cv_prog_gnu_ld=yes
lt_cv_shlibpath_overrides_runpath=no
lt_cv_sys_global_symbol_pipe='sed -n -e '\''s/^.*[	 ]\([ABCDGIRSTW][ABCDGIRSTW]*\)[	 ][	 ]*\([_A-Za-z][_A-Za-z0-9]*\)$/\1 \2 \2/p'\'''
lt_cv_sys_global_symbol_to_c_name_address='sed -n -e '\''s/^: \([^ ]*\) $/  {\"\1\", (void *) 0},/p'\'' -e '\''s/^[ABCDGIRSTW]* \([^ ]*\) \([^ ]*\)$/  {"\2", (void *) \&\2},/p'\'''
lt_cv_sys_global_symbol_to_c_name_address_lib_prefix='sed -n -e '\''s/^: \([^ ]*\) $/  {\"\1\", (void *) 0},/p'\'' -e '\''s/^[ABCDGIRSTW]* \([^ ]*\) \(lib[^ ]*\)$/  {"\2", (void *) \&\2},/p'\'' -e '\''s/^[ABCDGIRSTW]* \([^ ]*\) \([^ ]*\)$/  {"lib\2", (void *) \&\2},/p'\'''
lt_cv_sys_global_symbol_to_cdecl='sed -n -e '\''s/^T .* \(.*\)$/extern int \1();/p'\'' -e '\''s/^[ABCDGIRSTW]* .* \(.*\)$/extern char \1;/p'\'''
lt_cv_sys_max_cmd_len=1572864
ne_cv_cc_timezone=yes
ne_cv_cc_werror=yes
ne_cv_fmt_off64_t=lld
ne_cv_fmt_off_t=ld
ne_cv_fmt_size_t=u
ne_cv_fmt_ssize_t=d
ne_cv_fmt_time_t=ld
ne_cv_gai_addrconfig=no
ne_cv_lib_ssl097=yes
ne_cv_libsfor_getaddrinfo='none needed'
ne_cv_libsfor_socket='none needed'
ne_cv_os_uname=Linux
ne_cv_pkg_libproxy_1_0=no
ne_cv_pkg_openssl=yes
ne_cv_pkg_pakchois=no

## ----------------- ##
## Output variables. ##
## ----------------- ##

ALLOW_INSTALL='yes'
ALL_LINGUAS='cs de fr ja nn pl ru tr zh_CN'
AR='/opt/brcm/hndtools-mipsel-linux/bin/mipsel-linux-ar'
AWK='gawk'
CC='mipsel-uclibc-gcc'
CERTUTIL='notfound'
CFLAGS='-I/home/RT-AC54U/asuswrt/release/src-ra-mt7620/router/mipsel-uclibc/stage/usr/include -I/home/RT-AC54U/asuswrt/release/src-ra-mt7620/router/openssl/include'
CPP='mipsel-uclibc-gcc -E'
CPPFLAGS=' -I/home/RT-AC54U/asuswrt/release/src-ra-mt7620/router/openssl/include -I/home/RT-AC54U/asuswrt/release/src-ra-mt7620/router/libxml2/include  -D_LARGEFILE64_SOURCE -DNE_LFS -I/home/RT-AC54U/asuswrt/release/src-ra-mt7620/router/mipsel-uclibc/stage/etc/include -I/usr/include/libxml2 -I${top_builddir}'
DEFS='-DHAVE_CONFIG_H'
DSYMUTIL=''
DUMPBIN=''
ECHO_C=''
ECHO_N='-n'
ECHO_T=''
EGREP='/bin/grep -E'
EXEEXT=''
FGREP='/bin/grep -F'
GNUTLS_CONFIG=''
GREP='/bin/grep'
HELPERS=' $(SSL_HELPERS) $(ZLIB_HELPERS)'
INSTALL_DATA='${INSTALL} -m 644'
INSTALL_PROGRAM='${INSTALL}'
INSTALL_SCRIPT='${INSTALL}'
KRB5_CONFIG='none'
LD='mipsel-uclibc-ld'
LDFLAGS=' -L/home/RT-AC54U/asuswrt/release/src-ra-mt7620/router/openssl/lib -L/home/RT-AC54U/asuswrt/release/src-ra-mt7620/router/libxml2/lib -L/home/RT-AC54U/asuswrt/release/src-ra-mt7620/router/libxml2/.libs -L/home/RT-AC54U/asuswrt/release/src-ra-mt7620/router/mipsel-uclibc/stage/usr/lib -L/home/RT-AC54U/asuswrt/release/src-ra-mt7620/router/openssl'
LIBOBJS=''
LIBS='-lxml2 -lssl -lcrypto -lpthread -ldl -lm'
LIBTOOL='$(SHELL) $(top_builddir)/libtool'
LIPO=''
LN_S='ln -s'
LTLIBOBJS=''
NEONOBJS=' $(NEON_DAVOBJS)'
NEON_BUILD_BUNDLED='yes'
NEON_CFLAGS=' -D_LARGEFILE64_SOURCE -DNE_LFS'
NEON_EXTRAOBJS=' ne_oldacl.lo ne_acl3744.lo ne_openssl.lo'
NEON_LIBS=' -lz -L/home/RT-AC54U/asuswrt/release/src-ra-mt7620/router/mipsel-uclibc/stage/etc/lib -lssl -lcrypto -lxml2 -lm'
NEON_LINK_FLAGS='-version-info 29:6:2 -Wl,--version-script=$(top_srcdir)/src/neon.vers'
NEON_LTLIBS=''
NEON_OBJEXT='lo'
NEON_PC_LIBS=''
NEON_SUPPORTS_SSL=''
NEON_TARGET='libneon.la'
NEON_VERSION='0.29.6'
NE_FLAG_DAV='yes'
NE_FLAG_I18N='no'
NE_FLAG_IPV6='yes'
NE_FLAG_LFS='yes'
NE_FLAG_LIBPXY='no'
NE_FLAG_SSL='yes'
NE_FLAG_TS_SSL='no'
NE_FLAG_ZLIB='yes'
NM='mipsel-uclibc-nm'
NMEDIT=''
OBJDUMP='mipsel-uclibc-objdump'
OBJEXT='o'
OPENSSL='/usr/bin/openssl'
OTOOL64=''
OTOOL=''
PACKAGE_BUGREPORT='neon@lists.manyfish.co.uk'
PACKAGE_NAME='neon'
PACKAGE_STRING='neon 0.29.6'
PACKAGE_TARNAME='neon'
PACKAGE_URL=''
PACKAGE_VERSION='0.29.6'
PATH_SEPARATOR=':'
PK12UTIL='notfound'
PKG_CONFIG='/usr/bin/pkg-config'
RANLIB='/opt/brcm/hndtools-mipsel-linux/bin/mipsel-linux-ranlib'
SED='/bin/sed'
SET_MAKE=''
SHELL='/bin/bash'
STRIP='mipsel-uclibc-strip -R .note -R .comment'
TESTS='$(BASIC_TESTS) $(SSL_TESTS) $(ZLIB_TESTS) $(DAV_TESTS)'
TEST_LDFLAGS='-no-install'
XML2_CONFIG='/home/RT-AC54U/asuswrt/release/src-ra-mt7620/router/libxml2/xml2-config'
ac_ct_CC=''
ac_ct_DUMPBIN=''
bindir='/usr/sbin'
build='x86_64-unknown-linux-gnu'
build_alias=''
build_cpu='x86_64'
build_os='linux-gnu'
build_vendor='unknown'
datadir='${datarootdir}'
datarootdir='${prefix}/share'
docdir='${datarootdir}/doc/${PACKAGE_TARNAME}'
dvidir='${docdir}'
exec_prefix='${prefix}'
host='mipsel-unknown-linux-gnu'
host_alias='mipsel-linux'
host_cpu='mipsel'
host_os='linux-gnu'
host_vendor='unknown'
htmldir='${docdir}'
includedir='${prefix}/include'
infodir='${datarootdir}/info'
libdir='/usr/lib'
libexecdir='${exec_prefix}/libexec'
localedir='${datarootdir}/locale'
localstatedir='${prefix}/var'
mandir='${datarootdir}/man'
oldincludedir='/usr/include'
pdfdir='${docdir}'
prefix='/usr'
program_transform_name='s,x,x,'
psdir='${docdir}'
sbindir='${exec_prefix}/sbin'
sharedstatedir='${prefix}/com'
sysconfdir='${prefix}/etc'
target_alias=''
top_builddir=''
user_LDFLAGS=' -L/home/RT-AC54U/asuswrt/release/src-ra-mt7620/router/openssl/lib -L/home/RT-AC54U/asuswrt/release/src-ra-mt7620/router/libxml2/lib -L/home/RT-AC54U/asuswrt/release/src-ra-mt7620/router/libxml2/.libs -L/home/RT-AC54U/asuswrt/release/src-ra-mt7620/router/mipsel-uclibc/stage/usr/lib -L/home/RT-AC54U/asuswrt/release/src-ra-mt7620/router/openssl'

## ----------- ##
## confdefs.h. ##
## ----------- ##

/* confdefs.h */
#define PACKAGE_NAME "neon"
#define PACKAGE_TARNAME "neon"
#define PACKAGE_VERSION "0.29.6"
#define PACKAGE_STRING "neon 0.29.6"
#define PACKAGE_BUGREPORT "neon@lists.manyfish.co.uk"
#define PACKAGE_URL ""
#define _GNU_SOURCE 1
#define NEON_IS_LIBRARY 1
#define NEON_VERSION "0.29.6"
#define NE_VERSION_MAJOR (0)
#define NE_VERSION_MINOR (29)
#define NE_VERSION_PATCH (6)
#define STDC_HEADERS 1
#define HAVE_SYS_TYPES_H 1
#define HAVE_SYS_STAT_H 1
#define HAVE_STDLIB_H 1
#define HAVE_STRING_H 1
#define HAVE_MEMORY_H 1
#define HAVE_STRINGS_H 1
#define HAVE_INTTYPES_H 1
#define HAVE_STDINT_H 1
#define HAVE_UNISTD_H 1
#define __EXTENSIONS__ 1
#define _ALL_SOURCE 1
#define _GNU_SOURCE 1
#define _POSIX_PTHREAD_SEMANTICS 1
#define _TANDEM_SOURCE 1
#define SIZEOF_INT 4
#define SIZEOF_LONG 4
#define SIZEOF_LONG_LONG 8
#define HAVE_ERRNO_H 1
#define HAVE_STDARG_H 1
#define HAVE_STRING_H 1
#define HAVE_STDLIB_H 1
#define SIZEOF_SIZE_T 4
#define NE_FMT_SIZE_T "u"
#define SIZEOF_OFF_T 4
#define NE_FMT_OFF_T "ld"
#define SIZEOF_SSIZE_T 4
#define NE_FMT_SSIZE_T "d"
#define HAVE_DECL_STRERROR_R 1
#define HAVE_STRERROR_R 1
#define STRERROR_R_CHAR_P 1
#define HAVE_SNPRINTF 1
#define HAVE_VSNPRINTF 1
#define HAVE_SYS_TIME_H 1
#define HAVE_LIMITS_H 1
#define HAVE_SYS_SELECT_H 1
#define HAVE_ARPA_INET_H 1
#define HAVE_SIGNAL_H 1
#define HAVE_SYS_SOCKET_H 1
#define HAVE_NETINET_IN_H 1
#define HAVE_NETINET_TCP_H 1
#define HAVE_NETDB_H 1
#define HAVE_SYS_POLL_H 1
#define HAVE_FCNTL_H 1
#define HAVE_TIMEZONE 1
#define SIZEOF_OFF64_T 8
#define NE_FMT_OFF64_T "lld"
#define HAVE_STRTOLL 1
#define HAVE_LSEEK64 1
#define HAVE_FSTAT64 1
#define NE_HAVE_LFS 1
#define NE_FMT_NE_OFF_T NE_FMT_OFF64_T
#define HAVE_STRCASECMP 1
#define HAVE_SIGNAL 1
#define HAVE_SETVBUF 1
#define HAVE_SETSOCKOPT 1
#define HAVE_STPCPY 1
#define HAVE_POLL 1
#define HAVE_FCNTL 1
#define HAVE_GETSOCKOPT 1
#define NE_USE_POLL 1
#define HAVE_DECL_STPCPY 1
#define HAVE_GAI_STRERROR 1
#define HAVE_GETNAMEINFO 1
#define HAVE_INET_NTOP 1
#define HAVE_INET_PTON 1
#define NE_HAVE_IPV6 1
#define USE_GETADDRINFO 1
#define HAVE_SOCKLEN_T 1
#define HAVE_STRUCT_TM_TM_GMTOFF 1
#define NE_HAVE_ZLIB 1
#define HAVE_OPENSSL_SSL_H 1
#define HAVE_OPENSSL_OPENSSLV_H 1
#define NE_HAVE_SSL 1
#define HAVE_OPENSSL 1
#define HAVE_NTLM 1
#define HAVE_DLFCN_H 1
#define LT_OBJDIR ".libs/"
#define SIZEOF_TIME_T 4
#define NE_FMT_TIME_T "ld"
#define TIME_WITH_SYS_TIME 1
#define HAVE_SYS_TIME_H 1
#define HAVE_STDINT_H 1
#define HAVE_LOCALE_H 1
#define HAVE_SIGNAL_H 1
#define HAVE_PIPE 1
#define HAVE_ISATTY 1
#define HAVE_USLEEP 1
#define HAVE_SHUTDOWN 1
#define HAVE_SETLOCALE 1
#define HAVE_GETHOSTNAME 1
#define NE_HAVE_DAV 1
#define HAVE_LIBXML 1
#define HAVE_LIBXML_XMLVERSION_H 1
#define HAVE_LIBXML_PARSER_H 1
#define NE_DEBUGGING 1

configure: exit 0
